{
  "stats": {
    "suites": 1,
    "tests": 2,
    "passes": 0,
    "pending": 0,
    "failures": 2,
    "start": "2022-02-10T09:21:14.612Z",
    "end": "2022-02-10T09:22:22.209Z",
    "duration": 67597,
    "testsRegistered": 2,
    "passPercent": 0,
    "pendingPercent": 0,
    "other": 0,
    "hasOther": false,
    "skipped": 0,
    "hasSkipped": false
  },
  "results": [
    {
      "uuid": "839def43-b367-446d-b6c7-d13ac234ef0e",
      "title": "",
      "fullFile": "cypress/integration/formlabs/general/general.js",
      "file": "cypress/integration/formlabs/general/general.js",
      "beforeHooks": [],
      "afterHooks": [],
      "tests": [],
      "suites": [
        {
          "uuid": "ed509510-2c55-43bd-bae5-96888417f014",
          "title": "General simple Tests",
          "fullFile": "",
          "file": "",
          "beforeHooks": [],
          "afterHooks": [],
          "tests": [
            {
              "title": "Test Formlabs top page are Application Error",
              "fullTitle": "General simple Tests Test Formlabs top page are Application Error",
              "timedOut": null,
              "duration": 7120,
              "state": "failed",
              "speed": null,
              "pass": false,
              "fail": true,
              "pending": false,
              "context": null,
              "code": "const corePages = ['/', '/3d-printers/', '/materials/', '/materials/', '/store/'];\ncy.visit(Cypress.env('HOST'));\ncorePages.forEach(page => {\n  if (page.includes('3d-printers')) {\n    cy.get('div[role=\"navigation\"]').within(() => {\n      cy.get('a[href=\"/3d-printers/catalog/\"]').trigger('mouseover');\n    });\n  } else {\n    cy.get('div[role=\"navigation\"]').within(() => {\n      cy.get('a[href=\"/materials/\"]').trigger('mouseover');\n    });\n  }\n  cy.get('a[href=\"' + page + '\"]').invoke('removeAttr', 'target').first().click({\n    force: true\n  });\n  cy.get('body').should('not.contain.text', 'Application error: a client-side exception has occurred');\n  cy.title().should('not.eq', 'Page Not Found');\n});",
              "err": {
                "message": "AssertionError: Timed out retrying after 4000ms: Expected to find element: `a[href=\"/3d-printers/\"]`, but never found it.",
                "estack": "AssertionError: Timed out retrying after 4000ms: Expected to find element: `a[href=\"/3d-printers/\"]`, but never found it.\n    at eval (https://staging.formlabs.com/__cypress/tests?p=cypress/integration/formlabs/general/general.js:114:10)\nat Array.forEach (<anonymous>)\n    at Context.eval (https://staging.formlabs.com/__cypress/tests?p=cypress/integration/formlabs/general/general.js:103:15)",
                "diff": null
              },
              "uuid": "e8315cdb-1991-496f-955c-813d27a9faf3",
              "parentUUID": "ed509510-2c55-43bd-bae5-96888417f014",
              "isHook": false,
              "skipped": false
            },
            {
              "title": "Test Dental top page are Application Error",
              "fullTitle": "General simple Tests Test Dental top page are Application Error",
              "timedOut": null,
              "duration": 12528,
              "state": "failed",
              "speed": null,
              "pass": false,
              "fail": true,
              "pending": false,
              "context": null,
              "code": "const dentalPages = ['/products/', '/post-processing/', '/materials/', '/store/'];\nif (Cypress.env('HOST').includes('staging')) {\n  cy.visit('https://dental-staging.formlabs.com/');\n} else {\n  cy.visit('https://dental.formlabs.com/');\n}\ndentalPages.forEach(page => {\n  cy.get('a[href=\"/products/\"]').eq(0).trigger('mouseover');\n  cy.get('a[href=\"' + page + '\"]').invoke('removeAttr', 'target').click({\n    multiple: true,\n    force: true\n  });\n  cy.get('a[href=\"' + page + '\"]').invoke('removeAttr', 'target').first().click({\n    force: true\n  });\n  cy.get('body').should('not.contain.text', 'Application error: a client-side exception has occurred');\n});",
              "err": {
                "message": "AssertionError: Timed out retrying after 4000ms: Expected to find element: `a[href=\"/post-processing/\"]`, but never found it.",
                "estack": "AssertionError: Timed out retrying after 4000ms: Expected to find element: `a[href=\"/post-processing/\"]`, but never found it.\n    at eval (https://staging.formlabs.com/__cypress/tests?p=cypress/integration/formlabs/general/general.js:136:10)\nat Array.forEach (<anonymous>)\n    at Context.eval (https://staging.formlabs.com/__cypress/tests?p=cypress/integration/formlabs/general/general.js:130:17)",
                "diff": null
              },
              "uuid": "87e56069-f175-403a-8ddf-317dd6fdf9bd",
              "parentUUID": "ed509510-2c55-43bd-bae5-96888417f014",
              "isHook": false,
              "skipped": false
            }
          ],
          "suites": [],
          "passes": [],
          "failures": [
            "e8315cdb-1991-496f-955c-813d27a9faf3",
            "87e56069-f175-403a-8ddf-317dd6fdf9bd"
          ],
          "pending": [],
          "skipped": [],
          "duration": 19648,
          "root": false,
          "rootEmpty": false,
          "_timeout": 2000
        }
      ],
      "passes": [],
      "failures": [],
      "pending": [],
      "skipped": [],
      "duration": 0,
      "root": true,
      "rootEmpty": true,
      "_timeout": 2000
    }
  ],
  "meta": {
    "mocha": {
      "version": "7.0.1"
    },
    "mochawesome": {
      "options": {
        "quiet": true,
        "reportFilename": "mochawesome",
        "saveHtml": false,
        "saveJson": true,
        "consoleReporter": "none",
        "useInlineDiffs": false,
        "code": true
      },
      "version": "6.2.2"
    },
    "marge": {
      "options": {
        "id": "default",
        "consoleReporter": "none",
        "reportDir": "cypress/results",
        "quiet": true,
        "overwrite": false,
        "html": false,
        "json": true
      },
      "version": "5.2.0"
    }
  }
}