{
  "stats": {
    "suites": 1,
    "tests": 2,
    "passes": 2,
    "pending": 0,
    "failures": 0,
    "start": "2022-02-10T09:43:06.208Z",
    "end": "2022-02-10T09:43:58.868Z",
    "duration": 52660,
    "testsRegistered": 2,
    "passPercent": 100,
    "pendingPercent": 0,
    "other": 0,
    "hasOther": false,
    "skipped": 0,
    "hasSkipped": false
  },
  "results": [
    {
      "uuid": "5349ea93-fc88-42ea-b1cf-3e989a9e63ff",
      "title": "",
      "fullFile": "cypress/integration/formlabs/simple/simple_tests.js",
      "file": "cypress/integration/formlabs/simple/simple_tests.js",
      "beforeHooks": [],
      "afterHooks": [],
      "tests": [],
      "suites": [
        {
          "uuid": "b5c7444d-dde7-47cd-a326-d13bbd7072b6",
          "title": "General simple Tests",
          "fullFile": "",
          "file": "",
          "beforeHooks": [],
          "afterHooks": [],
          "tests": [
            {
              "title": "Test Formlabs top pages have no Application Error",
              "fullTitle": "General simple Tests Test Formlabs top pages have no Application Error",
              "timedOut": null,
              "duration": 33118,
              "state": "passed",
              "speed": "slow",
              "pass": true,
              "fail": false,
              "pending": false,
              "context": null,
              "code": "const corePages = ['/', '/3d-printers/', '/materials/', '/materials/', '/store/', '/blog/'];\ncorePages.forEach(page => {\n  cy.visit(`${Cypress.env('HOST')}${page}`);\n  cy.get('body').should('not.contain.text', 'Application error: a client-side exception has occurred');\n  cy.title().should('not.eq', 'Page Not Found');\n  cy.log('created new user');\n});",
              "err": {},
              "uuid": "56bc9046-301f-46fb-aea1-b7272b75dbd3",
              "parentUUID": "b5c7444d-dde7-47cd-a326-d13bbd7072b6",
              "isHook": false,
              "skipped": false
            },
            {
              "title": "Test Dental top pages have no Application Error",
              "fullTitle": "General simple Tests Test Dental top pages have no Application Error",
              "timedOut": null,
              "duration": 17130,
              "state": "passed",
              "speed": "slow",
              "pass": true,
              "fail": false,
              "pending": false,
              "context": null,
              "code": "const dentalPages = ['/products/', '/post-processing/', '/materials/', '/store/', '/blog/'];\ndentalPages.forEach(page => {\n  if (Cypress.env('HOST').includes('staging')) {\n    cy.visit(`https://dental-staging.formlabs.com${page}`);\n  } else {\n    cy.visit(`https://dental.formlabs.com${page}`);\n  }\n  cy.get('body').should('not.contain.text', 'Application error: a client-side exception has occurred');\n});",
              "err": {},
              "uuid": "83278782-2822-4ccb-81c8-f559b699fbfe",
              "parentUUID": "b5c7444d-dde7-47cd-a326-d13bbd7072b6",
              "isHook": false,
              "skipped": false
            }
          ],
          "suites": [],
          "passes": [
            "56bc9046-301f-46fb-aea1-b7272b75dbd3",
            "83278782-2822-4ccb-81c8-f559b699fbfe"
          ],
          "failures": [],
          "pending": [],
          "skipped": [],
          "duration": 50248,
          "root": false,
          "rootEmpty": false,
          "_timeout": 2000
        }
      ],
      "passes": [],
      "failures": [],
      "pending": [],
      "skipped": [],
      "duration": 0,
      "root": true,
      "rootEmpty": true,
      "_timeout": 2000
    }
  ],
  "meta": {
    "mocha": {
      "version": "7.0.1"
    },
    "mochawesome": {
      "options": {
        "quiet": true,
        "reportFilename": "mochawesome",
        "saveHtml": false,
        "saveJson": true,
        "consoleReporter": "none",
        "useInlineDiffs": false,
        "code": true
      },
      "version": "6.2.2"
    },
    "marge": {
      "options": {
        "id": "default",
        "consoleReporter": "none",
        "reportDir": "cypress/results",
        "quiet": true,
        "overwrite": false,
        "html": false,
        "json": true
      },
      "version": "5.2.0"
    }
  }
}