{
  "stats": {
    "suites": 1,
    "tests": 2,
    "passes": 2,
    "pending": 0,
    "failures": 0,
    "start": "2022-02-10T09:27:56.602Z",
    "end": "2022-02-10T09:28:46.356Z",
    "duration": 49754,
    "testsRegistered": 2,
    "passPercent": 100,
    "pendingPercent": 0,
    "other": 0,
    "hasOther": false,
    "skipped": 0,
    "hasSkipped": false
  },
  "results": [
    {
      "uuid": "59eb64de-a042-4382-b543-6403bbd0a3a8",
      "title": "",
      "fullFile": "cypress/integration/formlabs/general/general.js",
      "file": "cypress/integration/formlabs/general/general.js",
      "beforeHooks": [],
      "afterHooks": [],
      "tests": [],
      "suites": [
        {
          "uuid": "e4be545b-605c-4776-98fa-7cb13a8acabb",
          "title": "General simple Tests",
          "fullFile": "",
          "file": "",
          "beforeHooks": [],
          "afterHooks": [],
          "tests": [
            {
              "title": "Test Formlabs top page are Application Error",
              "fullTitle": "General simple Tests Test Formlabs top page are Application Error",
              "timedOut": null,
              "duration": 32333,
              "state": "passed",
              "speed": "slow",
              "pass": true,
              "fail": false,
              "pending": false,
              "context": null,
              "code": "const corePages = ['/', '/3d-printers/', '/materials/', '/materials/', '/store/'];\ncorePages.forEach(page => {\n  cy.visit(`${Cypress.env('HOST')}${page}`);\n  cy.get('body').should('not.contain.text', 'Application error: a client-side exception has occurred');\n  cy.title().should('not.eq', 'Page Not Found');\n});",
              "err": {},
              "uuid": "773b9c91-67a2-45e9-bf19-c2ed43133375",
              "parentUUID": "e4be545b-605c-4776-98fa-7cb13a8acabb",
              "isHook": false,
              "skipped": false
            },
            {
              "title": "Test Dental top page are Application Error",
              "fullTitle": "General simple Tests Test Dental top page are Application Error",
              "timedOut": null,
              "duration": 15142,
              "state": "passed",
              "speed": "slow",
              "pass": true,
              "fail": false,
              "pending": false,
              "context": null,
              "code": "const dentalPages = ['/products/', '/post-processing/', '/materials/', '/store/'];\ndentalPages.forEach(page => {\n  if (Cypress.env('HOST').includes('staging')) {\n    cy.visit(`https://dental-staging.formlabs.com${page}`);\n  } else {\n    cy.visit(`https://dental.formlabs.com${page}`);\n  }\n  cy.get('body').should('not.contain.text', 'Application error: a client-side exception has occurred');\n});",
              "err": {},
              "uuid": "ff4bcfbc-38ea-450e-89ba-2d3b08156ade",
              "parentUUID": "e4be545b-605c-4776-98fa-7cb13a8acabb",
              "isHook": false,
              "skipped": false
            }
          ],
          "suites": [],
          "passes": [
            "773b9c91-67a2-45e9-bf19-c2ed43133375",
            "ff4bcfbc-38ea-450e-89ba-2d3b08156ade"
          ],
          "failures": [],
          "pending": [],
          "skipped": [],
          "duration": 47475,
          "root": false,
          "rootEmpty": false,
          "_timeout": 2000
        }
      ],
      "passes": [],
      "failures": [],
      "pending": [],
      "skipped": [],
      "duration": 0,
      "root": true,
      "rootEmpty": true,
      "_timeout": 2000
    }
  ],
  "meta": {
    "mocha": {
      "version": "7.0.1"
    },
    "mochawesome": {
      "options": {
        "quiet": true,
        "reportFilename": "mochawesome",
        "saveHtml": false,
        "saveJson": true,
        "consoleReporter": "none",
        "useInlineDiffs": false,
        "code": true
      },
      "version": "6.2.2"
    },
    "marge": {
      "options": {
        "id": "default",
        "consoleReporter": "none",
        "reportDir": "cypress/results",
        "quiet": true,
        "overwrite": false,
        "html": false,
        "json": true
      },
      "version": "5.2.0"
    }
  }
}