{
  "stats": {
    "suites": 1,
    "tests": 2,
    "passes": 2,
    "pending": 0,
    "failures": 0,
    "start": "2022-02-10T09:10:33.395Z",
    "end": "2022-02-10T09:10:51.931Z",
    "duration": 18536,
    "testsRegistered": 2,
    "passPercent": 100,
    "pendingPercent": 0,
    "other": 0,
    "hasOther": false,
    "skipped": 0,
    "hasSkipped": false
  },
  "results": [
    {
      "uuid": "a694d11d-d0c0-485a-9b61-eb769a143787",
      "title": "",
      "fullFile": "cypress/integration/formlabs/general/general.js",
      "file": "cypress/integration/formlabs/general/general.js",
      "beforeHooks": [],
      "afterHooks": [],
      "tests": [],
      "suites": [
        {
          "uuid": "b235f5f5-2bec-46d3-b28f-5960339523cc",
          "title": "General simple Tests",
          "fullFile": "",
          "file": "",
          "beforeHooks": [],
          "afterHooks": [],
          "tests": [
            {
              "title": "Test Formlabs top page are Application Error",
              "fullTitle": "General simple Tests Test Formlabs top page are Application Error",
              "timedOut": null,
              "duration": 9409,
              "state": "passed",
              "speed": "medium",
              "pass": true,
              "fail": false,
              "pending": false,
              "context": null,
              "code": "const corePages = ['/', '/3d-printers/', '/materials/', '/materials/', '/store/'];\ncy.visit(Cypress.env('HOST'));\ncorePages.forEach(() => {\n  cy.get('body').should('not.contain.text', 'Application error: a client-side exception has occurred');\n  cy.title().should('not.eq', 'Page Not Found');\n});",
              "err": {},
              "uuid": "7df22b32-221b-4f0d-a420-269807dc081f",
              "parentUUID": "b235f5f5-2bec-46d3-b28f-5960339523cc",
              "isHook": false,
              "skipped": false
            },
            {
              "title": "Test Dental top page are Application Error",
              "fullTitle": "General simple Tests Test Dental top page are Application Error",
              "timedOut": null,
              "duration": 7093,
              "state": "passed",
              "speed": "medium",
              "pass": true,
              "fail": false,
              "pending": false,
              "context": null,
              "code": "const dentalPages = ['/products/', '/post-processing/', '/materials/', '/store/'];\nif (Cypress.env('HOST').includes('staging')) {\n  cy.visit('https://dental-staging.formlabs.com/');\n} else {\n  cy.visit('https://dental.formlabs.com/');\n}\ndentalPages.forEach(() => {\n  cy.get('body').should('not.contain.text', 'Application error: a client-side exception has occurred');\n});",
              "err": {},
              "uuid": "f5cea286-432f-4811-a206-58492aeecb64",
              "parentUUID": "b235f5f5-2bec-46d3-b28f-5960339523cc",
              "isHook": false,
              "skipped": false
            }
          ],
          "suites": [],
          "passes": [
            "7df22b32-221b-4f0d-a420-269807dc081f",
            "f5cea286-432f-4811-a206-58492aeecb64"
          ],
          "failures": [],
          "pending": [],
          "skipped": [],
          "duration": 16502,
          "root": false,
          "rootEmpty": false,
          "_timeout": 2000
        }
      ],
      "passes": [],
      "failures": [],
      "pending": [],
      "skipped": [],
      "duration": 0,
      "root": true,
      "rootEmpty": true,
      "_timeout": 2000
    }
  ],
  "meta": {
    "mocha": {
      "version": "7.0.1"
    },
    "mochawesome": {
      "options": {
        "quiet": true,
        "reportFilename": "mochawesome",
        "saveHtml": false,
        "saveJson": true,
        "consoleReporter": "none",
        "useInlineDiffs": false,
        "code": true
      },
      "version": "6.2.2"
    },
    "marge": {
      "options": {
        "id": "default",
        "consoleReporter": "none",
        "reportDir": "cypress/results",
        "quiet": true,
        "overwrite": false,
        "html": false,
        "json": true
      },
      "version": "5.2.0"
    }
  }
}