{
  "stats": {
    "suites": 1,
    "tests": 2,
    "passes": 2,
    "pending": 0,
    "failures": 0,
    "start": "2022-02-10T12:09:44.093Z",
    "end": "2022-02-10T12:10:38.605Z",
    "duration": 54512,
    "testsRegistered": 2,
    "passPercent": 100,
    "pendingPercent": 0,
    "other": 0,
    "hasOther": false,
    "skipped": 0,
    "hasSkipped": false
  },
  "results": [
    {
      "uuid": "e74ac1f3-dbf8-42eb-a24b-661993447fa9",
      "title": "",
      "fullFile": "cypress/integration/formlabs/simple/simple_tests.js",
      "file": "cypress/integration/formlabs/simple/simple_tests.js",
      "beforeHooks": [],
      "afterHooks": [],
      "tests": [],
      "suites": [
        {
          "uuid": "51e36bbf-4bd3-4979-b640-79c3e599229b",
          "title": "General simple Tests",
          "fullFile": "",
          "file": "",
          "beforeHooks": [],
          "afterHooks": [],
          "tests": [
            {
              "title": "Test Formlabs top pages have no Application Error",
              "fullTitle": "General simple Tests Test Formlabs top pages have no Application Error",
              "timedOut": null,
              "duration": 26452,
              "state": "passed",
              "speed": "slow",
              "pass": true,
              "fail": false,
              "pending": false,
              "context": null,
              "code": "const corePages = ['/', '/3d-printers/', '/materials/', '/materials/', '/store/', '/blog/'];\ncorePages.forEach(page => {\n  cy.visit(`${Cypress.env('HOST')}${page}`);\n  cy.get('body').should('not.contain.text', 'Application error: a client-side exception has occurred');\n  cy.title().should('not.eq', 'Page Not Found');\n  cy.task('log', `Formlabs - ${page} finised loading`);\n});",
              "err": {},
              "uuid": "5e3f83a2-e988-4ac9-ac77-b21a348231a7",
              "parentUUID": "51e36bbf-4bd3-4979-b640-79c3e599229b",
              "isHook": false,
              "skipped": false
            },
            {
              "title": "Test Dental top pages have no Application Error",
              "fullTitle": "General simple Tests Test Dental top pages have no Application Error",
              "timedOut": null,
              "duration": 25783,
              "state": "passed",
              "speed": "slow",
              "pass": true,
              "fail": false,
              "pending": false,
              "context": null,
              "code": "const dentalPages = ['/products/', '/post-processing/', '/materials/', '/store/', '/blog/'];\ndentalPages.forEach(page => {\n  if (Cypress.env('HOST').includes('staging')) {\n    cy.visit(`https://dental-staging.formlabs.com${page}`);\n  } else {\n    cy.visit(`https://dental.formlabs.com${page}`);\n  }\n  cy.get('body').should('not.contain.text', 'Application error: a client-side exception has occurred');\n  cy.task('log', `Dental - ${page} finised loading`);\n});",
              "err": {},
              "uuid": "615ba995-56cd-4161-b0a1-aca3ccc347c8",
              "parentUUID": "51e36bbf-4bd3-4979-b640-79c3e599229b",
              "isHook": false,
              "skipped": false
            }
          ],
          "suites": [],
          "passes": [
            "5e3f83a2-e988-4ac9-ac77-b21a348231a7",
            "615ba995-56cd-4161-b0a1-aca3ccc347c8"
          ],
          "failures": [],
          "pending": [],
          "skipped": [],
          "duration": 52235,
          "root": false,
          "rootEmpty": false,
          "_timeout": 2000
        }
      ],
      "passes": [],
      "failures": [],
      "pending": [],
      "skipped": [],
      "duration": 0,
      "root": true,
      "rootEmpty": true,
      "_timeout": 2000
    }
  ],
  "meta": {
    "mocha": {
      "version": "7.0.1"
    },
    "mochawesome": {
      "options": {
        "quiet": true,
        "reportFilename": "mochawesome",
        "saveHtml": false,
        "saveJson": true,
        "consoleReporter": "none",
        "useInlineDiffs": false,
        "code": true
      },
      "version": "6.2.2"
    },
    "marge": {
      "options": {
        "id": "default",
        "consoleReporter": "none",
        "reportDir": "cypress/results",
        "quiet": true,
        "overwrite": false,
        "html": false,
        "json": true
      },
      "version": "5.2.0"
    }
  }
}