{
  "stats": {
    "suites": 1,
    "tests": 1,
    "passes": 1,
    "pending": 0,
    "failures": 0,
    "start": "2022-02-04T11:08:13.797Z",
    "end": "2022-02-04T11:08:45.291Z",
    "duration": 31494,
    "testsRegistered": 42,
    "passPercent": 2.380952380952381,
    "pendingPercent": 0,
    "other": 0,
    "hasOther": false,
    "skipped": 41,
    "hasSkipped": true
  },
  "results": [
    {
      "uuid": "fa249b1a-137a-4b30-80ab-9e5ba9650620",
      "title": "",
      "fullFile": "cypress/integration/formlabs/search/search_on_site_desktop.js",
      "file": "cypress/integration/formlabs/search/search_on_site_desktop.js",
      "beforeHooks": [],
      "afterHooks": [],
      "tests": [],
      "suites": [
        {
          "uuid": "e280e897-4622-46bd-91e7-0d2e46e58e62",
          "title": "Search on US, UK, EU, DE, ES, FR & IT: Desktop",
          "fullFile": "",
          "file": "",
          "beforeHooks": [],
          "afterHooks": [],
          "tests": [
            {
              "title": "TC4.1 : (Country Code: ): Tests visibility of different elements on the search panel",
              "fullTitle": "Search on US, UK, EU, DE, ES, FR & IT: Desktop TC4.1 : (Country Code: ): Tests visibility of different elements on the search panel",
              "timedOut": null,
              "duration": 7913,
              "state": "passed",
              "speed": "medium",
              "pass": true,
              "fail": false,
              "pending": false,
              "context": null,
              "code": "cy.visit(Cypress.env('HOST') + '/' + country.countryCode); // Verify Search icon is visible on navigation bar & click\ncy.get('.fl-v2-fl-search').should('be.visible').click(); // Verify search panel open on search-icon click\ncy.get('div[class^=\"SearchBox_search-bar\"]').should('be.visible').within(() => {\n  // Verify that formlabs logo is visible\n  cy.get('img[alt= \"' + country.logoAlt + '\"]').should('be.visible'); //Verify that search-icon is visible on seaerch bar\n  cy.get('.fl-v2-fl-search').should('be.visible'); // Get search input and verify that it has required placeholder\n  cy.get('input[class^=\"SearchBox_search-box\"]').should('be.visible').should('have.attr', 'placeholder', country.searchBoxPlaceholder); // Verify that “x” icon does not exist for empty search field\n  cy.get('.fl-v2-fl-exit').should('not.exist'); // Get search input, type 3 characters and verify “x” icon appears\n  cy.get('input[class^=\"SearchBox_search-box\"]').type('for');\n  cy.get('.fl-v2-fl-exit').should('be.visible'); // Verify “x” clears search input field\n  cy.get('.fl-v2-fl-exit').click();\n  cy.get('input[class^=\"SearchBox_search-box\"]').invoke('val').should('be.empty');\n}); // Verify that there is Popular Searches heading and there are 5 popular search terms\ncy.contains('Popular Searches').should('be.visible');\ncy.get('p > button[class^=\"SearchBox_animated\"]').should('have.length', '5').and('be.visible'); // Get CANCEL button, should be visible and verify that it closes Search panel\ncy.get('button[class^=\"SearchBox_close\"]').should('be.visible').click();\ncy.get('div[class^=\"SearchBox_search-bar\"]').should('not.exist');",
              "err": {},
              "uuid": "ca893e2a-1a23-4899-b39f-6fdf6576a27a",
              "parentUUID": "e280e897-4622-46bd-91e7-0d2e46e58e62",
              "isHook": false,
              "skipped": false
            },
            {
              "title": "TC4.2 : (Country Code: ): Test popular searches populate search input field",
              "fullTitle": "Search on US, UK, EU, DE, ES, FR & IT: Desktop TC4.2 : (Country Code: ): Test popular searches populate search input field",
              "timedOut": null,
              "duration": 11659,
              "state": "failed",
              "speed": null,
              "pass": false,
              "fail": true,
              "pending": false,
              "context": null,
              "code": "cy.visit(Cypress.env('HOST') + '/' + country.countryCode); // Open search panel\ncy.get('.fl-v2-fl-search').click(); // Get popular search terms and select/click second term\ncy.get('p > button[class^=\"SearchBox_animated\"]').eq(1).click().invoke('text').then(searchQuery => {\n  // Verify that search input value has been updated with the selected term\n  cy.get('input[class^=\"SearchBox_search-box\"]').invoke('val').should('eq', searchQuery); // Verify that heading 'Search Results for \"<Search Query>\"' contain selected term\n  cy.get('#search-results > h4').should('be.visible').and('contain', searchQuery);\n}); // Test all three main parts of search results: Products, Pages and Blog Posts\ncy.testValidSearchQueryResults(country.countryCode, country.shopURL, country.pagesResultHeading);",
              "err": {},
              "uuid": "8affbf94-6ad0-444e-8932-a7da61120488",
              "parentUUID": "e280e897-4622-46bd-91e7-0d2e46e58e62",
              "isHook": false,
              "skipped": false
            },
            {
              "title": "TC4.3 : (Country Code: ): Test search closes when navigating to a result",
              "fullTitle": "Search on US, UK, EU, DE, ES, FR & IT: Desktop TC4.3 : (Country Code: ): Test search closes when navigating to a result",
              "timedOut": null,
              "duration": 0,
              "state": "skipped",
              "speed": null,
              "pass": false,
              "fail": false,
              "pending": false,
              "context": null,
              "code": "cy.visit(Cypress.env('HOST') + '/' + country.countryCode); // Open search panel\ncy.get('.fl-v2-fl-search').should('be.visible').click(); // Get search input, type search query\ncy.get('input[class^=\"SearchBox_search-box\"]').type('Form 3'); // Get search results and navigate to first result from pages\n// cy.get('#search-results')\n//   .siblings('div')\n//   .eq(1)\n//   .find('h5[class^=\"Header_headertext\"]')\n//   .eq(0)\n//   .click();\n// Verify search box is closed when navigating to the result\ncy.wait(1000);\ncy.url().should('not.include', '/?search=');\ncy.get('div[class^=\"SearchBox_search-box\"]').should('not.exist');",
              "err": {},
              "uuid": "bc28b112-b964-4a3e-8bdf-208240859193",
              "parentUUID": "e280e897-4622-46bd-91e7-0d2e46e58e62",
              "isHook": false,
              "skipped": true
            },
            {
              "title": "TC4.4 : (Country Code: ): Test search results for \"Form 3\" query",
              "fullTitle": "Search on US, UK, EU, DE, ES, FR & IT: Desktop TC4.4 : (Country Code: ): Test search results for \"Form 3\" query",
              "timedOut": null,
              "duration": 0,
              "state": "skipped",
              "speed": null,
              "pass": false,
              "fail": false,
              "pending": false,
              "context": null,
              "code": "cy.visit(Cypress.env('HOST') + '/' + country.countryCode); // Open search panel\ncy.get('.fl-v2-fl-search').click(); // Get search input and type search query\ncy.get('input[class^=\"SearchBox_search-box\"]').type('Form 3'); // Get 'Search Results for \"<Search Query>\"' heading and verify that it contains searched query\ncy.get('#search-results > h4').should('be.visible').and('contain', 'Form 3'); // Test all three main parts of search results: Products, Pages and Blog Posts\ncy.testValidSearchQueryResults(country.countryCode, country.shopURL, country.pagesResultHeading);",
              "err": {},
              "uuid": "c2cd2a64-944c-4661-a184-d62051952b14",
              "parentUUID": "e280e897-4622-46bd-91e7-0d2e46e58e62",
              "isHook": false,
              "skipped": true
            },
            {
              "title": "TC4.5 : (Country Code: ): Test results for SKU number query",
              "fullTitle": "Search on US, UK, EU, DE, ES, FR & IT: Desktop TC4.5 : (Country Code: ): Test results for SKU number query",
              "timedOut": null,
              "duration": 0,
              "state": "skipped",
              "speed": null,
              "pass": false,
              "fail": false,
              "pending": false,
              "context": null,
              "code": "cy.visit(Cypress.env('HOST') + '/' + country.countryCode); // Open search panel\ncy.get('.fl-v2-fl-search').should('be.visible').click(); // Get search input and type search query\ncy.get('input[class^=\"SearchBox_search-box\"]').type('PKG-F3-SVC-BASI'); // Get 'Search Results for \"<Search Query>\"' heading and verify that it contains searched query\ncy.get('#search-results > h4').should('be.visible').and('contain', 'PKG-F3-SVC-BASI'); // Test all three main parts of search results: Products, Pages and Blog Posts\ncy.testValidSearchQueryResults(country.countryCode, country.shopURL, country.pagesResultHeading);",
              "err": {},
              "uuid": "08a6dda8-6d40-4f4d-9531-0bca115e52c4",
              "parentUUID": "e280e897-4622-46bd-91e7-0d2e46e58e62",
              "isHook": false,
              "skipped": true
            },
            {
              "title": "TC4.6 : (Country Code: ): Test results for Gibberish query",
              "fullTitle": "Search on US, UK, EU, DE, ES, FR & IT: Desktop TC4.6 : (Country Code: ): Test results for Gibberish query",
              "timedOut": null,
              "duration": 0,
              "state": "skipped",
              "speed": null,
              "pass": false,
              "fail": false,
              "pending": false,
              "context": null,
              "code": "cy.visit(Cypress.env('HOST') + '/' + country.countryCode); // Open search panel\ncy.get('.fl-v2-fl-search').should('be.visible').click(); // Get search input and type gibberish search query\ncy.get('input[class^=\"SearchBox_search-box\"]').type('agalkjfdglkjal;fsdg'); // Verify that heading 'Search Results for \"<Search Query>\"' does not exist\ncy.get('#search-results > h4').should('not.exist'); // Verify that there are no search results\ncy.get('#search-results').should('not.exist'); // Verify that there is Popular Searches heading and there are 5 popular search terms\ncy.contains('Popular Searches').should('be.visible');\ncy.get('p > button[class^=\"SearchBox_animated\"]').should('have.length', '5').and('be.visible'); // Verify that no result found announcement banner is visible\ncy.get('div[class^=\"Announcement_content\"]').should('contain', country.noResultFoundText); // Verify that \"Reset your search\" button on announcement banner clears the search input field\ncy.get('button').contains(country.resetButtonText).click();\ncy.get('input[class^=\"SearchBox_search-box\"]').invoke('val').should('be.empty');",
              "err": {},
              "uuid": "00ca9e64-4964-43e4-98cf-794a2bc77a0d",
              "parentUUID": "e280e897-4622-46bd-91e7-0d2e46e58e62",
              "isHook": false,
              "skipped": true
            },
            {
              "title": "TC4.1 : (Country Code: uk): Tests visibility of different elements on the search panel",
              "fullTitle": "Search on US, UK, EU, DE, ES, FR & IT: Desktop TC4.1 : (Country Code: uk): Tests visibility of different elements on the search panel",
              "timedOut": null,
              "duration": 0,
              "state": "skipped",
              "speed": null,
              "pass": false,
              "fail": false,
              "pending": false,
              "context": null,
              "code": "cy.visit(Cypress.env('HOST') + '/' + country.countryCode); // Verify Search icon is visible on navigation bar & click\ncy.get('.fl-v2-fl-search').should('be.visible').click(); // Verify search panel open on search-icon click\ncy.get('div[class^=\"SearchBox_search-bar\"]').should('be.visible').within(() => {\n  // Verify that formlabs logo is visible\n  cy.get('img[alt= \"' + country.logoAlt + '\"]').should('be.visible'); //Verify that search-icon is visible on seaerch bar\n  cy.get('.fl-v2-fl-search').should('be.visible'); // Get search input and verify that it has required placeholder\n  cy.get('input[class^=\"SearchBox_search-box\"]').should('be.visible').should('have.attr', 'placeholder', country.searchBoxPlaceholder); // Verify that “x” icon does not exist for empty search field\n  cy.get('.fl-v2-fl-exit').should('not.exist'); // Get search input, type 3 characters and verify “x” icon appears\n  cy.get('input[class^=\"SearchBox_search-box\"]').type('for');\n  cy.get('.fl-v2-fl-exit').should('be.visible'); // Verify “x” clears search input field\n  cy.get('.fl-v2-fl-exit').click();\n  cy.get('input[class^=\"SearchBox_search-box\"]').invoke('val').should('be.empty');\n}); // Verify that there is Popular Searches heading and there are 5 popular search terms\ncy.contains('Popular Searches').should('be.visible');\ncy.get('p > button[class^=\"SearchBox_animated\"]').should('have.length', '5').and('be.visible'); // Get CANCEL button, should be visible and verify that it closes Search panel\ncy.get('button[class^=\"SearchBox_close\"]').should('be.visible').click();\ncy.get('div[class^=\"SearchBox_search-bar\"]').should('not.exist');",
              "err": {},
              "uuid": "ee6300e9-d311-4bee-84d4-f7eae4f2f470",
              "parentUUID": "e280e897-4622-46bd-91e7-0d2e46e58e62",
              "isHook": false,
              "skipped": true
            },
            {
              "title": "TC4.2 : (Country Code: uk): Test popular searches populate search input field",
              "fullTitle": "Search on US, UK, EU, DE, ES, FR & IT: Desktop TC4.2 : (Country Code: uk): Test popular searches populate search input field",
              "timedOut": null,
              "duration": 0,
              "state": "skipped",
              "speed": null,
              "pass": false,
              "fail": false,
              "pending": false,
              "context": null,
              "code": "cy.visit(Cypress.env('HOST') + '/' + country.countryCode); // Open search panel\ncy.get('.fl-v2-fl-search').click(); // Get popular search terms and select/click second term\ncy.get('p > button[class^=\"SearchBox_animated\"]').eq(1).click().invoke('text').then(searchQuery => {\n  // Verify that search input value has been updated with the selected term\n  cy.get('input[class^=\"SearchBox_search-box\"]').invoke('val').should('eq', searchQuery); // Verify that heading 'Search Results for \"<Search Query>\"' contain selected term\n  cy.get('#search-results > h4').should('be.visible').and('contain', searchQuery);\n}); // Test all three main parts of search results: Products, Pages and Blog Posts\ncy.testValidSearchQueryResults(country.countryCode, country.shopURL, country.pagesResultHeading);",
              "err": {},
              "uuid": "9452c908-e53b-43d8-9d3b-198c628ed5e3",
              "parentUUID": "e280e897-4622-46bd-91e7-0d2e46e58e62",
              "isHook": false,
              "skipped": true
            },
            {
              "title": "TC4.3 : (Country Code: uk): Test search closes when navigating to a result",
              "fullTitle": "Search on US, UK, EU, DE, ES, FR & IT: Desktop TC4.3 : (Country Code: uk): Test search closes when navigating to a result",
              "timedOut": null,
              "duration": 0,
              "state": "skipped",
              "speed": null,
              "pass": false,
              "fail": false,
              "pending": false,
              "context": null,
              "code": "cy.visit(Cypress.env('HOST') + '/' + country.countryCode); // Open search panel\ncy.get('.fl-v2-fl-search').should('be.visible').click(); // Get search input, type search query\ncy.get('input[class^=\"SearchBox_search-box\"]').type('Form 3'); // Get search results and navigate to first result from pages\n// cy.get('#search-results')\n//   .siblings('div')\n//   .eq(1)\n//   .find('h5[class^=\"Header_headertext\"]')\n//   .eq(0)\n//   .click();\n// Verify search box is closed when navigating to the result\ncy.wait(1000);\ncy.url().should('not.include', '/?search=');\ncy.get('div[class^=\"SearchBox_search-box\"]').should('not.exist');",
              "err": {},
              "uuid": "3d952cd2-9631-4829-a483-2561a1a39149",
              "parentUUID": "e280e897-4622-46bd-91e7-0d2e46e58e62",
              "isHook": false,
              "skipped": true
            },
            {
              "title": "TC4.4 : (Country Code: uk): Test search results for \"Form 3\" query",
              "fullTitle": "Search on US, UK, EU, DE, ES, FR & IT: Desktop TC4.4 : (Country Code: uk): Test search results for \"Form 3\" query",
              "timedOut": null,
              "duration": 0,
              "state": "skipped",
              "speed": null,
              "pass": false,
              "fail": false,
              "pending": false,
              "context": null,
              "code": "cy.visit(Cypress.env('HOST') + '/' + country.countryCode); // Open search panel\ncy.get('.fl-v2-fl-search').click(); // Get search input and type search query\ncy.get('input[class^=\"SearchBox_search-box\"]').type('Form 3'); // Get 'Search Results for \"<Search Query>\"' heading and verify that it contains searched query\ncy.get('#search-results > h4').should('be.visible').and('contain', 'Form 3'); // Test all three main parts of search results: Products, Pages and Blog Posts\ncy.testValidSearchQueryResults(country.countryCode, country.shopURL, country.pagesResultHeading);",
              "err": {},
              "uuid": "a81dcb01-51b6-4c13-a91f-75ad0f9fd886",
              "parentUUID": "e280e897-4622-46bd-91e7-0d2e46e58e62",
              "isHook": false,
              "skipped": true
            },
            {
              "title": "TC4.5 : (Country Code: uk): Test results for SKU number query",
              "fullTitle": "Search on US, UK, EU, DE, ES, FR & IT: Desktop TC4.5 : (Country Code: uk): Test results for SKU number query",
              "timedOut": null,
              "duration": 0,
              "state": "skipped",
              "speed": null,
              "pass": false,
              "fail": false,
              "pending": false,
              "context": null,
              "code": "cy.visit(Cypress.env('HOST') + '/' + country.countryCode); // Open search panel\ncy.get('.fl-v2-fl-search').should('be.visible').click(); // Get search input and type search query\ncy.get('input[class^=\"SearchBox_search-box\"]').type('PKG-F3-SVC-BASI'); // Get 'Search Results for \"<Search Query>\"' heading and verify that it contains searched query\ncy.get('#search-results > h4').should('be.visible').and('contain', 'PKG-F3-SVC-BASI'); // Test all three main parts of search results: Products, Pages and Blog Posts\ncy.testValidSearchQueryResults(country.countryCode, country.shopURL, country.pagesResultHeading);",
              "err": {},
              "uuid": "1e8a047a-a6e0-41de-aff2-b9bbfb9417ce",
              "parentUUID": "e280e897-4622-46bd-91e7-0d2e46e58e62",
              "isHook": false,
              "skipped": true
            },
            {
              "title": "TC4.6 : (Country Code: uk): Test results for Gibberish query",
              "fullTitle": "Search on US, UK, EU, DE, ES, FR & IT: Desktop TC4.6 : (Country Code: uk): Test results for Gibberish query",
              "timedOut": null,
              "duration": 0,
              "state": "skipped",
              "speed": null,
              "pass": false,
              "fail": false,
              "pending": false,
              "context": null,
              "code": "cy.visit(Cypress.env('HOST') + '/' + country.countryCode); // Open search panel\ncy.get('.fl-v2-fl-search').should('be.visible').click(); // Get search input and type gibberish search query\ncy.get('input[class^=\"SearchBox_search-box\"]').type('agalkjfdglkjal;fsdg'); // Verify that heading 'Search Results for \"<Search Query>\"' does not exist\ncy.get('#search-results > h4').should('not.exist'); // Verify that there are no search results\ncy.get('#search-results').should('not.exist'); // Verify that there is Popular Searches heading and there are 5 popular search terms\ncy.contains('Popular Searches').should('be.visible');\ncy.get('p > button[class^=\"SearchBox_animated\"]').should('have.length', '5').and('be.visible'); // Verify that no result found announcement banner is visible\ncy.get('div[class^=\"Announcement_content\"]').should('contain', country.noResultFoundText); // Verify that \"Reset your search\" button on announcement banner clears the search input field\ncy.get('button').contains(country.resetButtonText).click();\ncy.get('input[class^=\"SearchBox_search-box\"]').invoke('val').should('be.empty');",
              "err": {},
              "uuid": "c799864d-b9a0-4c6c-9939-e54efa887ade",
              "parentUUID": "e280e897-4622-46bd-91e7-0d2e46e58e62",
              "isHook": false,
              "skipped": true
            },
            {
              "title": "TC4.1 : (Country Code: eu): Tests visibility of different elements on the search panel",
              "fullTitle": "Search on US, UK, EU, DE, ES, FR & IT: Desktop TC4.1 : (Country Code: eu): Tests visibility of different elements on the search panel",
              "timedOut": null,
              "duration": 0,
              "state": "skipped",
              "speed": null,
              "pass": false,
              "fail": false,
              "pending": false,
              "context": null,
              "code": "cy.visit(Cypress.env('HOST') + '/' + country.countryCode); // Verify Search icon is visible on navigation bar & click\ncy.get('.fl-v2-fl-search').should('be.visible').click(); // Verify search panel open on search-icon click\ncy.get('div[class^=\"SearchBox_search-bar\"]').should('be.visible').within(() => {\n  // Verify that formlabs logo is visible\n  cy.get('img[alt= \"' + country.logoAlt + '\"]').should('be.visible'); //Verify that search-icon is visible on seaerch bar\n  cy.get('.fl-v2-fl-search').should('be.visible'); // Get search input and verify that it has required placeholder\n  cy.get('input[class^=\"SearchBox_search-box\"]').should('be.visible').should('have.attr', 'placeholder', country.searchBoxPlaceholder); // Verify that “x” icon does not exist for empty search field\n  cy.get('.fl-v2-fl-exit').should('not.exist'); // Get search input, type 3 characters and verify “x” icon appears\n  cy.get('input[class^=\"SearchBox_search-box\"]').type('for');\n  cy.get('.fl-v2-fl-exit').should('be.visible'); // Verify “x” clears search input field\n  cy.get('.fl-v2-fl-exit').click();\n  cy.get('input[class^=\"SearchBox_search-box\"]').invoke('val').should('be.empty');\n}); // Verify that there is Popular Searches heading and there are 5 popular search terms\ncy.contains('Popular Searches').should('be.visible');\ncy.get('p > button[class^=\"SearchBox_animated\"]').should('have.length', '5').and('be.visible'); // Get CANCEL button, should be visible and verify that it closes Search panel\ncy.get('button[class^=\"SearchBox_close\"]').should('be.visible').click();\ncy.get('div[class^=\"SearchBox_search-bar\"]').should('not.exist');",
              "err": {},
              "uuid": "f0dda8b0-9db2-4d79-a1fe-ccc44484d3ed",
              "parentUUID": "e280e897-4622-46bd-91e7-0d2e46e58e62",
              "isHook": false,
              "skipped": true
            },
            {
              "title": "TC4.2 : (Country Code: eu): Test popular searches populate search input field",
              "fullTitle": "Search on US, UK, EU, DE, ES, FR & IT: Desktop TC4.2 : (Country Code: eu): Test popular searches populate search input field",
              "timedOut": null,
              "duration": 0,
              "state": "skipped",
              "speed": null,
              "pass": false,
              "fail": false,
              "pending": false,
              "context": null,
              "code": "cy.visit(Cypress.env('HOST') + '/' + country.countryCode); // Open search panel\ncy.get('.fl-v2-fl-search').click(); // Get popular search terms and select/click second term\ncy.get('p > button[class^=\"SearchBox_animated\"]').eq(1).click().invoke('text').then(searchQuery => {\n  // Verify that search input value has been updated with the selected term\n  cy.get('input[class^=\"SearchBox_search-box\"]').invoke('val').should('eq', searchQuery); // Verify that heading 'Search Results for \"<Search Query>\"' contain selected term\n  cy.get('#search-results > h4').should('be.visible').and('contain', searchQuery);\n}); // Test all three main parts of search results: Products, Pages and Blog Posts\ncy.testValidSearchQueryResults(country.countryCode, country.shopURL, country.pagesResultHeading);",
              "err": {},
              "uuid": "408a8e31-d93f-4aa1-b3ac-0ecc6bf790ec",
              "parentUUID": "e280e897-4622-46bd-91e7-0d2e46e58e62",
              "isHook": false,
              "skipped": true
            },
            {
              "title": "TC4.3 : (Country Code: eu): Test search closes when navigating to a result",
              "fullTitle": "Search on US, UK, EU, DE, ES, FR & IT: Desktop TC4.3 : (Country Code: eu): Test search closes when navigating to a result",
              "timedOut": null,
              "duration": 0,
              "state": "skipped",
              "speed": null,
              "pass": false,
              "fail": false,
              "pending": false,
              "context": null,
              "code": "cy.visit(Cypress.env('HOST') + '/' + country.countryCode); // Open search panel\ncy.get('.fl-v2-fl-search').should('be.visible').click(); // Get search input, type search query\ncy.get('input[class^=\"SearchBox_search-box\"]').type('Form 3'); // Get search results and navigate to first result from pages\n// cy.get('#search-results')\n//   .siblings('div')\n//   .eq(1)\n//   .find('h5[class^=\"Header_headertext\"]')\n//   .eq(0)\n//   .click();\n// Verify search box is closed when navigating to the result\ncy.wait(1000);\ncy.url().should('not.include', '/?search=');\ncy.get('div[class^=\"SearchBox_search-box\"]').should('not.exist');",
              "err": {},
              "uuid": "7e51783e-f6ff-4109-9ae5-93c368d74491",
              "parentUUID": "e280e897-4622-46bd-91e7-0d2e46e58e62",
              "isHook": false,
              "skipped": true
            },
            {
              "title": "TC4.4 : (Country Code: eu): Test search results for \"Form 3\" query",
              "fullTitle": "Search on US, UK, EU, DE, ES, FR & IT: Desktop TC4.4 : (Country Code: eu): Test search results for \"Form 3\" query",
              "timedOut": null,
              "duration": 0,
              "state": "skipped",
              "speed": null,
              "pass": false,
              "fail": false,
              "pending": false,
              "context": null,
              "code": "cy.visit(Cypress.env('HOST') + '/' + country.countryCode); // Open search panel\ncy.get('.fl-v2-fl-search').click(); // Get search input and type search query\ncy.get('input[class^=\"SearchBox_search-box\"]').type('Form 3'); // Get 'Search Results for \"<Search Query>\"' heading and verify that it contains searched query\ncy.get('#search-results > h4').should('be.visible').and('contain', 'Form 3'); // Test all three main parts of search results: Products, Pages and Blog Posts\ncy.testValidSearchQueryResults(country.countryCode, country.shopURL, country.pagesResultHeading);",
              "err": {},
              "uuid": "ad56c091-a414-4a19-9196-e8871ef90695",
              "parentUUID": "e280e897-4622-46bd-91e7-0d2e46e58e62",
              "isHook": false,
              "skipped": true
            },
            {
              "title": "TC4.5 : (Country Code: eu): Test results for SKU number query",
              "fullTitle": "Search on US, UK, EU, DE, ES, FR & IT: Desktop TC4.5 : (Country Code: eu): Test results for SKU number query",
              "timedOut": null,
              "duration": 0,
              "state": "skipped",
              "speed": null,
              "pass": false,
              "fail": false,
              "pending": false,
              "context": null,
              "code": "cy.visit(Cypress.env('HOST') + '/' + country.countryCode); // Open search panel\ncy.get('.fl-v2-fl-search').should('be.visible').click(); // Get search input and type search query\ncy.get('input[class^=\"SearchBox_search-box\"]').type('PKG-F3-SVC-BASI'); // Get 'Search Results for \"<Search Query>\"' heading and verify that it contains searched query\ncy.get('#search-results > h4').should('be.visible').and('contain', 'PKG-F3-SVC-BASI'); // Test all three main parts of search results: Products, Pages and Blog Posts\ncy.testValidSearchQueryResults(country.countryCode, country.shopURL, country.pagesResultHeading);",
              "err": {},
              "uuid": "a7ae85b2-5d5f-4ddb-b7e1-76cac06ace48",
              "parentUUID": "e280e897-4622-46bd-91e7-0d2e46e58e62",
              "isHook": false,
              "skipped": true
            },
            {
              "title": "TC4.6 : (Country Code: eu): Test results for Gibberish query",
              "fullTitle": "Search on US, UK, EU, DE, ES, FR & IT: Desktop TC4.6 : (Country Code: eu): Test results for Gibberish query",
              "timedOut": null,
              "duration": 0,
              "state": "skipped",
              "speed": null,
              "pass": false,
              "fail": false,
              "pending": false,
              "context": null,
              "code": "cy.visit(Cypress.env('HOST') + '/' + country.countryCode); // Open search panel\ncy.get('.fl-v2-fl-search').should('be.visible').click(); // Get search input and type gibberish search query\ncy.get('input[class^=\"SearchBox_search-box\"]').type('agalkjfdglkjal;fsdg'); // Verify that heading 'Search Results for \"<Search Query>\"' does not exist\ncy.get('#search-results > h4').should('not.exist'); // Verify that there are no search results\ncy.get('#search-results').should('not.exist'); // Verify that there is Popular Searches heading and there are 5 popular search terms\ncy.contains('Popular Searches').should('be.visible');\ncy.get('p > button[class^=\"SearchBox_animated\"]').should('have.length', '5').and('be.visible'); // Verify that no result found announcement banner is visible\ncy.get('div[class^=\"Announcement_content\"]').should('contain', country.noResultFoundText); // Verify that \"Reset your search\" button on announcement banner clears the search input field\ncy.get('button').contains(country.resetButtonText).click();\ncy.get('input[class^=\"SearchBox_search-box\"]').invoke('val').should('be.empty');",
              "err": {},
              "uuid": "b0111185-5758-4c49-8376-4f06df45be55",
              "parentUUID": "e280e897-4622-46bd-91e7-0d2e46e58e62",
              "isHook": false,
              "skipped": true
            },
            {
              "title": "TC4.1 : (Country Code: de): Tests visibility of different elements on the search panel",
              "fullTitle": "Search on US, UK, EU, DE, ES, FR & IT: Desktop TC4.1 : (Country Code: de): Tests visibility of different elements on the search panel",
              "timedOut": null,
              "duration": 0,
              "state": "skipped",
              "speed": null,
              "pass": false,
              "fail": false,
              "pending": false,
              "context": null,
              "code": "cy.visit(Cypress.env('HOST') + '/' + country.countryCode); // Verify Search icon is visible on navigation bar & click\ncy.get('.fl-v2-fl-search').should('be.visible').click(); // Verify search panel open on search-icon click\ncy.get('div[class^=\"SearchBox_search-bar\"]').should('be.visible').within(() => {\n  // Verify that formlabs logo is visible\n  cy.get('img[alt= \"' + country.logoAlt + '\"]').should('be.visible'); //Verify that search-icon is visible on seaerch bar\n  cy.get('.fl-v2-fl-search').should('be.visible'); // Get search input and verify that it has required placeholder\n  cy.get('input[class^=\"SearchBox_search-box\"]').should('be.visible').should('have.attr', 'placeholder', country.searchBoxPlaceholder); // Verify that “x” icon does not exist for empty search field\n  cy.get('.fl-v2-fl-exit').should('not.exist'); // Get search input, type 3 characters and verify “x” icon appears\n  cy.get('input[class^=\"SearchBox_search-box\"]').type('for');\n  cy.get('.fl-v2-fl-exit').should('be.visible'); // Verify “x” clears search input field\n  cy.get('.fl-v2-fl-exit').click();\n  cy.get('input[class^=\"SearchBox_search-box\"]').invoke('val').should('be.empty');\n}); // Verify that there is Popular Searches heading and there are 5 popular search terms\ncy.contains('Popular Searches').should('be.visible');\ncy.get('p > button[class^=\"SearchBox_animated\"]').should('have.length', '5').and('be.visible'); // Get CANCEL button, should be visible and verify that it closes Search panel\ncy.get('button[class^=\"SearchBox_close\"]').should('be.visible').click();\ncy.get('div[class^=\"SearchBox_search-bar\"]').should('not.exist');",
              "err": {},
              "uuid": "e04e0646-7b3c-4b73-9786-37a16e533e8a",
              "parentUUID": "e280e897-4622-46bd-91e7-0d2e46e58e62",
              "isHook": false,
              "skipped": true
            },
            {
              "title": "TC4.2 : (Country Code: de): Test popular searches populate search input field",
              "fullTitle": "Search on US, UK, EU, DE, ES, FR & IT: Desktop TC4.2 : (Country Code: de): Test popular searches populate search input field",
              "timedOut": null,
              "duration": 0,
              "state": "skipped",
              "speed": null,
              "pass": false,
              "fail": false,
              "pending": false,
              "context": null,
              "code": "cy.visit(Cypress.env('HOST') + '/' + country.countryCode); // Open search panel\ncy.get('.fl-v2-fl-search').click(); // Get popular search terms and select/click second term\ncy.get('p > button[class^=\"SearchBox_animated\"]').eq(1).click().invoke('text').then(searchQuery => {\n  // Verify that search input value has been updated with the selected term\n  cy.get('input[class^=\"SearchBox_search-box\"]').invoke('val').should('eq', searchQuery); // Verify that heading 'Search Results for \"<Search Query>\"' contain selected term\n  cy.get('#search-results > h4').should('be.visible').and('contain', searchQuery);\n}); // Test all three main parts of search results: Products, Pages and Blog Posts\ncy.testValidSearchQueryResults(country.countryCode, country.shopURL, country.pagesResultHeading);",
              "err": {},
              "uuid": "c4344f27-88f3-4f0d-8c3b-a573446f4d1d",
              "parentUUID": "e280e897-4622-46bd-91e7-0d2e46e58e62",
              "isHook": false,
              "skipped": true
            },
            {
              "title": "TC4.3 : (Country Code: de): Test search closes when navigating to a result",
              "fullTitle": "Search on US, UK, EU, DE, ES, FR & IT: Desktop TC4.3 : (Country Code: de): Test search closes when navigating to a result",
              "timedOut": null,
              "duration": 0,
              "state": "skipped",
              "speed": null,
              "pass": false,
              "fail": false,
              "pending": false,
              "context": null,
              "code": "cy.visit(Cypress.env('HOST') + '/' + country.countryCode); // Open search panel\ncy.get('.fl-v2-fl-search').should('be.visible').click(); // Get search input, type search query\ncy.get('input[class^=\"SearchBox_search-box\"]').type('Form 3'); // Get search results and navigate to first result from pages\n// cy.get('#search-results')\n//   .siblings('div')\n//   .eq(1)\n//   .find('h5[class^=\"Header_headertext\"]')\n//   .eq(0)\n//   .click();\n// Verify search box is closed when navigating to the result\ncy.wait(1000);\ncy.url().should('not.include', '/?search=');\ncy.get('div[class^=\"SearchBox_search-box\"]').should('not.exist');",
              "err": {},
              "uuid": "0d298250-c335-45ee-a330-acd1e5b7d0c1",
              "parentUUID": "e280e897-4622-46bd-91e7-0d2e46e58e62",
              "isHook": false,
              "skipped": true
            },
            {
              "title": "TC4.4 : (Country Code: de): Test search results for \"Form 3\" query",
              "fullTitle": "Search on US, UK, EU, DE, ES, FR & IT: Desktop TC4.4 : (Country Code: de): Test search results for \"Form 3\" query",
              "timedOut": null,
              "duration": 0,
              "state": "skipped",
              "speed": null,
              "pass": false,
              "fail": false,
              "pending": false,
              "context": null,
              "code": "cy.visit(Cypress.env('HOST') + '/' + country.countryCode); // Open search panel\ncy.get('.fl-v2-fl-search').click(); // Get search input and type search query\ncy.get('input[class^=\"SearchBox_search-box\"]').type('Form 3'); // Get 'Search Results for \"<Search Query>\"' heading and verify that it contains searched query\ncy.get('#search-results > h4').should('be.visible').and('contain', 'Form 3'); // Test all three main parts of search results: Products, Pages and Blog Posts\ncy.testValidSearchQueryResults(country.countryCode, country.shopURL, country.pagesResultHeading);",
              "err": {},
              "uuid": "2ce30ef6-00f0-4860-9bb0-1f3c8d6e016c",
              "parentUUID": "e280e897-4622-46bd-91e7-0d2e46e58e62",
              "isHook": false,
              "skipped": true
            },
            {
              "title": "TC4.5 : (Country Code: de): Test results for SKU number query",
              "fullTitle": "Search on US, UK, EU, DE, ES, FR & IT: Desktop TC4.5 : (Country Code: de): Test results for SKU number query",
              "timedOut": null,
              "duration": 0,
              "state": "skipped",
              "speed": null,
              "pass": false,
              "fail": false,
              "pending": false,
              "context": null,
              "code": "cy.visit(Cypress.env('HOST') + '/' + country.countryCode); // Open search panel\ncy.get('.fl-v2-fl-search').should('be.visible').click(); // Get search input and type search query\ncy.get('input[class^=\"SearchBox_search-box\"]').type('PKG-F3-SVC-BASI'); // Get 'Search Results for \"<Search Query>\"' heading and verify that it contains searched query\ncy.get('#search-results > h4').should('be.visible').and('contain', 'PKG-F3-SVC-BASI'); // Test all three main parts of search results: Products, Pages and Blog Posts\ncy.testValidSearchQueryResults(country.countryCode, country.shopURL, country.pagesResultHeading);",
              "err": {},
              "uuid": "42c37f11-cc66-4e39-9d28-3c3f6507e8d0",
              "parentUUID": "e280e897-4622-46bd-91e7-0d2e46e58e62",
              "isHook": false,
              "skipped": true
            },
            {
              "title": "TC4.6 : (Country Code: de): Test results for Gibberish query",
              "fullTitle": "Search on US, UK, EU, DE, ES, FR & IT: Desktop TC4.6 : (Country Code: de): Test results for Gibberish query",
              "timedOut": null,
              "duration": 0,
              "state": "skipped",
              "speed": null,
              "pass": false,
              "fail": false,
              "pending": false,
              "context": null,
              "code": "cy.visit(Cypress.env('HOST') + '/' + country.countryCode); // Open search panel\ncy.get('.fl-v2-fl-search').should('be.visible').click(); // Get search input and type gibberish search query\ncy.get('input[class^=\"SearchBox_search-box\"]').type('agalkjfdglkjal;fsdg'); // Verify that heading 'Search Results for \"<Search Query>\"' does not exist\ncy.get('#search-results > h4').should('not.exist'); // Verify that there are no search results\ncy.get('#search-results').should('not.exist'); // Verify that there is Popular Searches heading and there are 5 popular search terms\ncy.contains('Popular Searches').should('be.visible');\ncy.get('p > button[class^=\"SearchBox_animated\"]').should('have.length', '5').and('be.visible'); // Verify that no result found announcement banner is visible\ncy.get('div[class^=\"Announcement_content\"]').should('contain', country.noResultFoundText); // Verify that \"Reset your search\" button on announcement banner clears the search input field\ncy.get('button').contains(country.resetButtonText).click();\ncy.get('input[class^=\"SearchBox_search-box\"]').invoke('val').should('be.empty');",
              "err": {},
              "uuid": "bbca9367-a36d-485d-bcbd-26d43e49f2de",
              "parentUUID": "e280e897-4622-46bd-91e7-0d2e46e58e62",
              "isHook": false,
              "skipped": true
            },
            {
              "title": "TC4.1 : (Country Code: es): Tests visibility of different elements on the search panel",
              "fullTitle": "Search on US, UK, EU, DE, ES, FR & IT: Desktop TC4.1 : (Country Code: es): Tests visibility of different elements on the search panel",
              "timedOut": null,
              "duration": 0,
              "state": "skipped",
              "speed": null,
              "pass": false,
              "fail": false,
              "pending": false,
              "context": null,
              "code": "cy.visit(Cypress.env('HOST') + '/' + country.countryCode); // Verify Search icon is visible on navigation bar & click\ncy.get('.fl-v2-fl-search').should('be.visible').click(); // Verify search panel open on search-icon click\ncy.get('div[class^=\"SearchBox_search-bar\"]').should('be.visible').within(() => {\n  // Verify that formlabs logo is visible\n  cy.get('img[alt= \"' + country.logoAlt + '\"]').should('be.visible'); //Verify that search-icon is visible on seaerch bar\n  cy.get('.fl-v2-fl-search').should('be.visible'); // Get search input and verify that it has required placeholder\n  cy.get('input[class^=\"SearchBox_search-box\"]').should('be.visible').should('have.attr', 'placeholder', country.searchBoxPlaceholder); // Verify that “x” icon does not exist for empty search field\n  cy.get('.fl-v2-fl-exit').should('not.exist'); // Get search input, type 3 characters and verify “x” icon appears\n  cy.get('input[class^=\"SearchBox_search-box\"]').type('for');\n  cy.get('.fl-v2-fl-exit').should('be.visible'); // Verify “x” clears search input field\n  cy.get('.fl-v2-fl-exit').click();\n  cy.get('input[class^=\"SearchBox_search-box\"]').invoke('val').should('be.empty');\n}); // Verify that there is Popular Searches heading and there are 5 popular search terms\ncy.contains('Popular Searches').should('be.visible');\ncy.get('p > button[class^=\"SearchBox_animated\"]').should('have.length', '5').and('be.visible'); // Get CANCEL button, should be visible and verify that it closes Search panel\ncy.get('button[class^=\"SearchBox_close\"]').should('be.visible').click();\ncy.get('div[class^=\"SearchBox_search-bar\"]').should('not.exist');",
              "err": {},
              "uuid": "1be7fbe5-6851-421d-baf5-887104546447",
              "parentUUID": "e280e897-4622-46bd-91e7-0d2e46e58e62",
              "isHook": false,
              "skipped": true
            },
            {
              "title": "TC4.2 : (Country Code: es): Test popular searches populate search input field",
              "fullTitle": "Search on US, UK, EU, DE, ES, FR & IT: Desktop TC4.2 : (Country Code: es): Test popular searches populate search input field",
              "timedOut": null,
              "duration": 0,
              "state": "skipped",
              "speed": null,
              "pass": false,
              "fail": false,
              "pending": false,
              "context": null,
              "code": "cy.visit(Cypress.env('HOST') + '/' + country.countryCode); // Open search panel\ncy.get('.fl-v2-fl-search').click(); // Get popular search terms and select/click second term\ncy.get('p > button[class^=\"SearchBox_animated\"]').eq(1).click().invoke('text').then(searchQuery => {\n  // Verify that search input value has been updated with the selected term\n  cy.get('input[class^=\"SearchBox_search-box\"]').invoke('val').should('eq', searchQuery); // Verify that heading 'Search Results for \"<Search Query>\"' contain selected term\n  cy.get('#search-results > h4').should('be.visible').and('contain', searchQuery);\n}); // Test all three main parts of search results: Products, Pages and Blog Posts\ncy.testValidSearchQueryResults(country.countryCode, country.shopURL, country.pagesResultHeading);",
              "err": {},
              "uuid": "1ac4c578-bf35-48cb-a2c3-6a4e09761310",
              "parentUUID": "e280e897-4622-46bd-91e7-0d2e46e58e62",
              "isHook": false,
              "skipped": true
            },
            {
              "title": "TC4.3 : (Country Code: es): Test search closes when navigating to a result",
              "fullTitle": "Search on US, UK, EU, DE, ES, FR & IT: Desktop TC4.3 : (Country Code: es): Test search closes when navigating to a result",
              "timedOut": null,
              "duration": 0,
              "state": "skipped",
              "speed": null,
              "pass": false,
              "fail": false,
              "pending": false,
              "context": null,
              "code": "cy.visit(Cypress.env('HOST') + '/' + country.countryCode); // Open search panel\ncy.get('.fl-v2-fl-search').should('be.visible').click(); // Get search input, type search query\ncy.get('input[class^=\"SearchBox_search-box\"]').type('Form 3'); // Get search results and navigate to first result from pages\n// cy.get('#search-results')\n//   .siblings('div')\n//   .eq(1)\n//   .find('h5[class^=\"Header_headertext\"]')\n//   .eq(0)\n//   .click();\n// Verify search box is closed when navigating to the result\ncy.wait(1000);\ncy.url().should('not.include', '/?search=');\ncy.get('div[class^=\"SearchBox_search-box\"]').should('not.exist');",
              "err": {},
              "uuid": "14a27378-d60a-482f-b41d-4d7bff3faf56",
              "parentUUID": "e280e897-4622-46bd-91e7-0d2e46e58e62",
              "isHook": false,
              "skipped": true
            },
            {
              "title": "TC4.4 : (Country Code: es): Test search results for \"Form 3\" query",
              "fullTitle": "Search on US, UK, EU, DE, ES, FR & IT: Desktop TC4.4 : (Country Code: es): Test search results for \"Form 3\" query",
              "timedOut": null,
              "duration": 0,
              "state": "skipped",
              "speed": null,
              "pass": false,
              "fail": false,
              "pending": false,
              "context": null,
              "code": "cy.visit(Cypress.env('HOST') + '/' + country.countryCode); // Open search panel\ncy.get('.fl-v2-fl-search').click(); // Get search input and type search query\ncy.get('input[class^=\"SearchBox_search-box\"]').type('Form 3'); // Get 'Search Results for \"<Search Query>\"' heading and verify that it contains searched query\ncy.get('#search-results > h4').should('be.visible').and('contain', 'Form 3'); // Test all three main parts of search results: Products, Pages and Blog Posts\ncy.testValidSearchQueryResults(country.countryCode, country.shopURL, country.pagesResultHeading);",
              "err": {},
              "uuid": "22724234-5494-4eb8-aaa5-c90d8646f465",
              "parentUUID": "e280e897-4622-46bd-91e7-0d2e46e58e62",
              "isHook": false,
              "skipped": true
            },
            {
              "title": "TC4.5 : (Country Code: es): Test results for SKU number query",
              "fullTitle": "Search on US, UK, EU, DE, ES, FR & IT: Desktop TC4.5 : (Country Code: es): Test results for SKU number query",
              "timedOut": null,
              "duration": 0,
              "state": "skipped",
              "speed": null,
              "pass": false,
              "fail": false,
              "pending": false,
              "context": null,
              "code": "cy.visit(Cypress.env('HOST') + '/' + country.countryCode); // Open search panel\ncy.get('.fl-v2-fl-search').should('be.visible').click(); // Get search input and type search query\ncy.get('input[class^=\"SearchBox_search-box\"]').type('PKG-F3-SVC-BASI'); // Get 'Search Results for \"<Search Query>\"' heading and verify that it contains searched query\ncy.get('#search-results > h4').should('be.visible').and('contain', 'PKG-F3-SVC-BASI'); // Test all three main parts of search results: Products, Pages and Blog Posts\ncy.testValidSearchQueryResults(country.countryCode, country.shopURL, country.pagesResultHeading);",
              "err": {},
              "uuid": "8c08367b-5752-4ee9-85b9-f80aa6b78f56",
              "parentUUID": "e280e897-4622-46bd-91e7-0d2e46e58e62",
              "isHook": false,
              "skipped": true
            },
            {
              "title": "TC4.6 : (Country Code: es): Test results for Gibberish query",
              "fullTitle": "Search on US, UK, EU, DE, ES, FR & IT: Desktop TC4.6 : (Country Code: es): Test results for Gibberish query",
              "timedOut": null,
              "duration": 0,
              "state": "skipped",
              "speed": null,
              "pass": false,
              "fail": false,
              "pending": false,
              "context": null,
              "code": "cy.visit(Cypress.env('HOST') + '/' + country.countryCode); // Open search panel\ncy.get('.fl-v2-fl-search').should('be.visible').click(); // Get search input and type gibberish search query\ncy.get('input[class^=\"SearchBox_search-box\"]').type('agalkjfdglkjal;fsdg'); // Verify that heading 'Search Results for \"<Search Query>\"' does not exist\ncy.get('#search-results > h4').should('not.exist'); // Verify that there are no search results\ncy.get('#search-results').should('not.exist'); // Verify that there is Popular Searches heading and there are 5 popular search terms\ncy.contains('Popular Searches').should('be.visible');\ncy.get('p > button[class^=\"SearchBox_animated\"]').should('have.length', '5').and('be.visible'); // Verify that no result found announcement banner is visible\ncy.get('div[class^=\"Announcement_content\"]').should('contain', country.noResultFoundText); // Verify that \"Reset your search\" button on announcement banner clears the search input field\ncy.get('button').contains(country.resetButtonText).click();\ncy.get('input[class^=\"SearchBox_search-box\"]').invoke('val').should('be.empty');",
              "err": {},
              "uuid": "b0ba8ff8-a1f9-478f-8da7-1d4c499512ba",
              "parentUUID": "e280e897-4622-46bd-91e7-0d2e46e58e62",
              "isHook": false,
              "skipped": true
            },
            {
              "title": "TC4.1 : (Country Code: fr): Tests visibility of different elements on the search panel",
              "fullTitle": "Search on US, UK, EU, DE, ES, FR & IT: Desktop TC4.1 : (Country Code: fr): Tests visibility of different elements on the search panel",
              "timedOut": null,
              "duration": 0,
              "state": "skipped",
              "speed": null,
              "pass": false,
              "fail": false,
              "pending": false,
              "context": null,
              "code": "cy.visit(Cypress.env('HOST') + '/' + country.countryCode); // Verify Search icon is visible on navigation bar & click\ncy.get('.fl-v2-fl-search').should('be.visible').click(); // Verify search panel open on search-icon click\ncy.get('div[class^=\"SearchBox_search-bar\"]').should('be.visible').within(() => {\n  // Verify that formlabs logo is visible\n  cy.get('img[alt= \"' + country.logoAlt + '\"]').should('be.visible'); //Verify that search-icon is visible on seaerch bar\n  cy.get('.fl-v2-fl-search').should('be.visible'); // Get search input and verify that it has required placeholder\n  cy.get('input[class^=\"SearchBox_search-box\"]').should('be.visible').should('have.attr', 'placeholder', country.searchBoxPlaceholder); // Verify that “x” icon does not exist for empty search field\n  cy.get('.fl-v2-fl-exit').should('not.exist'); // Get search input, type 3 characters and verify “x” icon appears\n  cy.get('input[class^=\"SearchBox_search-box\"]').type('for');\n  cy.get('.fl-v2-fl-exit').should('be.visible'); // Verify “x” clears search input field\n  cy.get('.fl-v2-fl-exit').click();\n  cy.get('input[class^=\"SearchBox_search-box\"]').invoke('val').should('be.empty');\n}); // Verify that there is Popular Searches heading and there are 5 popular search terms\ncy.contains('Popular Searches').should('be.visible');\ncy.get('p > button[class^=\"SearchBox_animated\"]').should('have.length', '5').and('be.visible'); // Get CANCEL button, should be visible and verify that it closes Search panel\ncy.get('button[class^=\"SearchBox_close\"]').should('be.visible').click();\ncy.get('div[class^=\"SearchBox_search-bar\"]').should('not.exist');",
              "err": {},
              "uuid": "f6c521e8-8322-4426-86b7-c5988e8ba7ce",
              "parentUUID": "e280e897-4622-46bd-91e7-0d2e46e58e62",
              "isHook": false,
              "skipped": true
            },
            {
              "title": "TC4.2 : (Country Code: fr): Test popular searches populate search input field",
              "fullTitle": "Search on US, UK, EU, DE, ES, FR & IT: Desktop TC4.2 : (Country Code: fr): Test popular searches populate search input field",
              "timedOut": null,
              "duration": 0,
              "state": "skipped",
              "speed": null,
              "pass": false,
              "fail": false,
              "pending": false,
              "context": null,
              "code": "cy.visit(Cypress.env('HOST') + '/' + country.countryCode); // Open search panel\ncy.get('.fl-v2-fl-search').click(); // Get popular search terms and select/click second term\ncy.get('p > button[class^=\"SearchBox_animated\"]').eq(1).click().invoke('text').then(searchQuery => {\n  // Verify that search input value has been updated with the selected term\n  cy.get('input[class^=\"SearchBox_search-box\"]').invoke('val').should('eq', searchQuery); // Verify that heading 'Search Results for \"<Search Query>\"' contain selected term\n  cy.get('#search-results > h4').should('be.visible').and('contain', searchQuery);\n}); // Test all three main parts of search results: Products, Pages and Blog Posts\ncy.testValidSearchQueryResults(country.countryCode, country.shopURL, country.pagesResultHeading);",
              "err": {},
              "uuid": "046fb60f-72ad-409b-98e2-986531438345",
              "parentUUID": "e280e897-4622-46bd-91e7-0d2e46e58e62",
              "isHook": false,
              "skipped": true
            },
            {
              "title": "TC4.3 : (Country Code: fr): Test search closes when navigating to a result",
              "fullTitle": "Search on US, UK, EU, DE, ES, FR & IT: Desktop TC4.3 : (Country Code: fr): Test search closes when navigating to a result",
              "timedOut": null,
              "duration": 0,
              "state": "skipped",
              "speed": null,
              "pass": false,
              "fail": false,
              "pending": false,
              "context": null,
              "code": "cy.visit(Cypress.env('HOST') + '/' + country.countryCode); // Open search panel\ncy.get('.fl-v2-fl-search').should('be.visible').click(); // Get search input, type search query\ncy.get('input[class^=\"SearchBox_search-box\"]').type('Form 3'); // Get search results and navigate to first result from pages\n// cy.get('#search-results')\n//   .siblings('div')\n//   .eq(1)\n//   .find('h5[class^=\"Header_headertext\"]')\n//   .eq(0)\n//   .click();\n// Verify search box is closed when navigating to the result\ncy.wait(1000);\ncy.url().should('not.include', '/?search=');\ncy.get('div[class^=\"SearchBox_search-box\"]').should('not.exist');",
              "err": {},
              "uuid": "e53240b6-a53c-4823-9738-734e1ef4fe33",
              "parentUUID": "e280e897-4622-46bd-91e7-0d2e46e58e62",
              "isHook": false,
              "skipped": true
            },
            {
              "title": "TC4.4 : (Country Code: fr): Test search results for \"Form 3\" query",
              "fullTitle": "Search on US, UK, EU, DE, ES, FR & IT: Desktop TC4.4 : (Country Code: fr): Test search results for \"Form 3\" query",
              "timedOut": null,
              "duration": 0,
              "state": "skipped",
              "speed": null,
              "pass": false,
              "fail": false,
              "pending": false,
              "context": null,
              "code": "cy.visit(Cypress.env('HOST') + '/' + country.countryCode); // Open search panel\ncy.get('.fl-v2-fl-search').click(); // Get search input and type search query\ncy.get('input[class^=\"SearchBox_search-box\"]').type('Form 3'); // Get 'Search Results for \"<Search Query>\"' heading and verify that it contains searched query\ncy.get('#search-results > h4').should('be.visible').and('contain', 'Form 3'); // Test all three main parts of search results: Products, Pages and Blog Posts\ncy.testValidSearchQueryResults(country.countryCode, country.shopURL, country.pagesResultHeading);",
              "err": {},
              "uuid": "6bee94fb-66e8-48eb-8879-c954e9c736f6",
              "parentUUID": "e280e897-4622-46bd-91e7-0d2e46e58e62",
              "isHook": false,
              "skipped": true
            },
            {
              "title": "TC4.5 : (Country Code: fr): Test results for SKU number query",
              "fullTitle": "Search on US, UK, EU, DE, ES, FR & IT: Desktop TC4.5 : (Country Code: fr): Test results for SKU number query",
              "timedOut": null,
              "duration": 0,
              "state": "skipped",
              "speed": null,
              "pass": false,
              "fail": false,
              "pending": false,
              "context": null,
              "code": "cy.visit(Cypress.env('HOST') + '/' + country.countryCode); // Open search panel\ncy.get('.fl-v2-fl-search').should('be.visible').click(); // Get search input and type search query\ncy.get('input[class^=\"SearchBox_search-box\"]').type('PKG-F3-SVC-BASI'); // Get 'Search Results for \"<Search Query>\"' heading and verify that it contains searched query\ncy.get('#search-results > h4').should('be.visible').and('contain', 'PKG-F3-SVC-BASI'); // Test all three main parts of search results: Products, Pages and Blog Posts\ncy.testValidSearchQueryResults(country.countryCode, country.shopURL, country.pagesResultHeading);",
              "err": {},
              "uuid": "c610fc92-749e-491f-a5ec-f2c4f5f4e568",
              "parentUUID": "e280e897-4622-46bd-91e7-0d2e46e58e62",
              "isHook": false,
              "skipped": true
            },
            {
              "title": "TC4.6 : (Country Code: fr): Test results for Gibberish query",
              "fullTitle": "Search on US, UK, EU, DE, ES, FR & IT: Desktop TC4.6 : (Country Code: fr): Test results for Gibberish query",
              "timedOut": null,
              "duration": 0,
              "state": "skipped",
              "speed": null,
              "pass": false,
              "fail": false,
              "pending": false,
              "context": null,
              "code": "cy.visit(Cypress.env('HOST') + '/' + country.countryCode); // Open search panel\ncy.get('.fl-v2-fl-search').should('be.visible').click(); // Get search input and type gibberish search query\ncy.get('input[class^=\"SearchBox_search-box\"]').type('agalkjfdglkjal;fsdg'); // Verify that heading 'Search Results for \"<Search Query>\"' does not exist\ncy.get('#search-results > h4').should('not.exist'); // Verify that there are no search results\ncy.get('#search-results').should('not.exist'); // Verify that there is Popular Searches heading and there are 5 popular search terms\ncy.contains('Popular Searches').should('be.visible');\ncy.get('p > button[class^=\"SearchBox_animated\"]').should('have.length', '5').and('be.visible'); // Verify that no result found announcement banner is visible\ncy.get('div[class^=\"Announcement_content\"]').should('contain', country.noResultFoundText); // Verify that \"Reset your search\" button on announcement banner clears the search input field\ncy.get('button').contains(country.resetButtonText).click();\ncy.get('input[class^=\"SearchBox_search-box\"]').invoke('val').should('be.empty');",
              "err": {},
              "uuid": "a9179bf2-fb16-46e8-b7de-79fe824fba14",
              "parentUUID": "e280e897-4622-46bd-91e7-0d2e46e58e62",
              "isHook": false,
              "skipped": true
            },
            {
              "title": "TC4.1 : (Country Code: it): Tests visibility of different elements on the search panel",
              "fullTitle": "Search on US, UK, EU, DE, ES, FR & IT: Desktop TC4.1 : (Country Code: it): Tests visibility of different elements on the search panel",
              "timedOut": null,
              "duration": 0,
              "state": "skipped",
              "speed": null,
              "pass": false,
              "fail": false,
              "pending": false,
              "context": null,
              "code": "cy.visit(Cypress.env('HOST') + '/' + country.countryCode); // Verify Search icon is visible on navigation bar & click\ncy.get('.fl-v2-fl-search').should('be.visible').click(); // Verify search panel open on search-icon click\ncy.get('div[class^=\"SearchBox_search-bar\"]').should('be.visible').within(() => {\n  // Verify that formlabs logo is visible\n  cy.get('img[alt= \"' + country.logoAlt + '\"]').should('be.visible'); //Verify that search-icon is visible on seaerch bar\n  cy.get('.fl-v2-fl-search').should('be.visible'); // Get search input and verify that it has required placeholder\n  cy.get('input[class^=\"SearchBox_search-box\"]').should('be.visible').should('have.attr', 'placeholder', country.searchBoxPlaceholder); // Verify that “x” icon does not exist for empty search field\n  cy.get('.fl-v2-fl-exit').should('not.exist'); // Get search input, type 3 characters and verify “x” icon appears\n  cy.get('input[class^=\"SearchBox_search-box\"]').type('for');\n  cy.get('.fl-v2-fl-exit').should('be.visible'); // Verify “x” clears search input field\n  cy.get('.fl-v2-fl-exit').click();\n  cy.get('input[class^=\"SearchBox_search-box\"]').invoke('val').should('be.empty');\n}); // Verify that there is Popular Searches heading and there are 5 popular search terms\ncy.contains('Popular Searches').should('be.visible');\ncy.get('p > button[class^=\"SearchBox_animated\"]').should('have.length', '5').and('be.visible'); // Get CANCEL button, should be visible and verify that it closes Search panel\ncy.get('button[class^=\"SearchBox_close\"]').should('be.visible').click();\ncy.get('div[class^=\"SearchBox_search-bar\"]').should('not.exist');",
              "err": {},
              "uuid": "af233300-aa1b-4eee-ab8b-eec0cead26b4",
              "parentUUID": "e280e897-4622-46bd-91e7-0d2e46e58e62",
              "isHook": false,
              "skipped": true
            },
            {
              "title": "TC4.2 : (Country Code: it): Test popular searches populate search input field",
              "fullTitle": "Search on US, UK, EU, DE, ES, FR & IT: Desktop TC4.2 : (Country Code: it): Test popular searches populate search input field",
              "timedOut": null,
              "duration": 0,
              "state": "skipped",
              "speed": null,
              "pass": false,
              "fail": false,
              "pending": false,
              "context": null,
              "code": "cy.visit(Cypress.env('HOST') + '/' + country.countryCode); // Open search panel\ncy.get('.fl-v2-fl-search').click(); // Get popular search terms and select/click second term\ncy.get('p > button[class^=\"SearchBox_animated\"]').eq(1).click().invoke('text').then(searchQuery => {\n  // Verify that search input value has been updated with the selected term\n  cy.get('input[class^=\"SearchBox_search-box\"]').invoke('val').should('eq', searchQuery); // Verify that heading 'Search Results for \"<Search Query>\"' contain selected term\n  cy.get('#search-results > h4').should('be.visible').and('contain', searchQuery);\n}); // Test all three main parts of search results: Products, Pages and Blog Posts\ncy.testValidSearchQueryResults(country.countryCode, country.shopURL, country.pagesResultHeading);",
              "err": {},
              "uuid": "51e9f7c8-fd4c-4e23-80fc-795f2958989d",
              "parentUUID": "e280e897-4622-46bd-91e7-0d2e46e58e62",
              "isHook": false,
              "skipped": true
            },
            {
              "title": "TC4.3 : (Country Code: it): Test search closes when navigating to a result",
              "fullTitle": "Search on US, UK, EU, DE, ES, FR & IT: Desktop TC4.3 : (Country Code: it): Test search closes when navigating to a result",
              "timedOut": null,
              "duration": 0,
              "state": "skipped",
              "speed": null,
              "pass": false,
              "fail": false,
              "pending": false,
              "context": null,
              "code": "cy.visit(Cypress.env('HOST') + '/' + country.countryCode); // Open search panel\ncy.get('.fl-v2-fl-search').should('be.visible').click(); // Get search input, type search query\ncy.get('input[class^=\"SearchBox_search-box\"]').type('Form 3'); // Get search results and navigate to first result from pages\n// cy.get('#search-results')\n//   .siblings('div')\n//   .eq(1)\n//   .find('h5[class^=\"Header_headertext\"]')\n//   .eq(0)\n//   .click();\n// Verify search box is closed when navigating to the result\ncy.wait(1000);\ncy.url().should('not.include', '/?search=');\ncy.get('div[class^=\"SearchBox_search-box\"]').should('not.exist');",
              "err": {},
              "uuid": "76da54e4-60ab-4820-8aab-e4ae496677d9",
              "parentUUID": "e280e897-4622-46bd-91e7-0d2e46e58e62",
              "isHook": false,
              "skipped": true
            },
            {
              "title": "TC4.4 : (Country Code: it): Test search results for \"Form 3\" query",
              "fullTitle": "Search on US, UK, EU, DE, ES, FR & IT: Desktop TC4.4 : (Country Code: it): Test search results for \"Form 3\" query",
              "timedOut": null,
              "duration": 0,
              "state": "skipped",
              "speed": null,
              "pass": false,
              "fail": false,
              "pending": false,
              "context": null,
              "code": "cy.visit(Cypress.env('HOST') + '/' + country.countryCode); // Open search panel\ncy.get('.fl-v2-fl-search').click(); // Get search input and type search query\ncy.get('input[class^=\"SearchBox_search-box\"]').type('Form 3'); // Get 'Search Results for \"<Search Query>\"' heading and verify that it contains searched query\ncy.get('#search-results > h4').should('be.visible').and('contain', 'Form 3'); // Test all three main parts of search results: Products, Pages and Blog Posts\ncy.testValidSearchQueryResults(country.countryCode, country.shopURL, country.pagesResultHeading);",
              "err": {},
              "uuid": "6d04c7dd-7025-4726-be66-785585469ad8",
              "parentUUID": "e280e897-4622-46bd-91e7-0d2e46e58e62",
              "isHook": false,
              "skipped": true
            },
            {
              "title": "TC4.5 : (Country Code: it): Test results for SKU number query",
              "fullTitle": "Search on US, UK, EU, DE, ES, FR & IT: Desktop TC4.5 : (Country Code: it): Test results for SKU number query",
              "timedOut": null,
              "duration": 0,
              "state": "skipped",
              "speed": null,
              "pass": false,
              "fail": false,
              "pending": false,
              "context": null,
              "code": "cy.visit(Cypress.env('HOST') + '/' + country.countryCode); // Open search panel\ncy.get('.fl-v2-fl-search').should('be.visible').click(); // Get search input and type search query\ncy.get('input[class^=\"SearchBox_search-box\"]').type('PKG-F3-SVC-BASI'); // Get 'Search Results for \"<Search Query>\"' heading and verify that it contains searched query\ncy.get('#search-results > h4').should('be.visible').and('contain', 'PKG-F3-SVC-BASI'); // Test all three main parts of search results: Products, Pages and Blog Posts\ncy.testValidSearchQueryResults(country.countryCode, country.shopURL, country.pagesResultHeading);",
              "err": {},
              "uuid": "09eca795-5167-4185-8d15-a0bdb6608dde",
              "parentUUID": "e280e897-4622-46bd-91e7-0d2e46e58e62",
              "isHook": false,
              "skipped": true
            },
            {
              "title": "TC4.6 : (Country Code: it): Test results for Gibberish query",
              "fullTitle": "Search on US, UK, EU, DE, ES, FR & IT: Desktop TC4.6 : (Country Code: it): Test results for Gibberish query",
              "timedOut": null,
              "duration": 0,
              "state": "skipped",
              "speed": null,
              "pass": false,
              "fail": false,
              "pending": false,
              "context": null,
              "code": "cy.visit(Cypress.env('HOST') + '/' + country.countryCode); // Open search panel\ncy.get('.fl-v2-fl-search').should('be.visible').click(); // Get search input and type gibberish search query\ncy.get('input[class^=\"SearchBox_search-box\"]').type('agalkjfdglkjal;fsdg'); // Verify that heading 'Search Results for \"<Search Query>\"' does not exist\ncy.get('#search-results > h4').should('not.exist'); // Verify that there are no search results\ncy.get('#search-results').should('not.exist'); // Verify that there is Popular Searches heading and there are 5 popular search terms\ncy.contains('Popular Searches').should('be.visible');\ncy.get('p > button[class^=\"SearchBox_animated\"]').should('have.length', '5').and('be.visible'); // Verify that no result found announcement banner is visible\ncy.get('div[class^=\"Announcement_content\"]').should('contain', country.noResultFoundText); // Verify that \"Reset your search\" button on announcement banner clears the search input field\ncy.get('button').contains(country.resetButtonText).click();\ncy.get('input[class^=\"SearchBox_search-box\"]').invoke('val').should('be.empty');",
              "err": {},
              "uuid": "c6712b5e-c90b-488d-97be-337887cf6e9c",
              "parentUUID": "e280e897-4622-46bd-91e7-0d2e46e58e62",
              "isHook": false,
              "skipped": true
            }
          ],
          "suites": [],
          "passes": [
            "ca893e2a-1a23-4899-b39f-6fdf6576a27a"
          ],
          "failures": [
            "8affbf94-6ad0-444e-8932-a7da61120488"
          ],
          "pending": [],
          "skipped": [
            "bc28b112-b964-4a3e-8bdf-208240859193",
            "c2cd2a64-944c-4661-a184-d62051952b14",
            "08a6dda8-6d40-4f4d-9531-0bca115e52c4",
            "00ca9e64-4964-43e4-98cf-794a2bc77a0d",
            "ee6300e9-d311-4bee-84d4-f7eae4f2f470",
            "9452c908-e53b-43d8-9d3b-198c628ed5e3",
            "3d952cd2-9631-4829-a483-2561a1a39149",
            "a81dcb01-51b6-4c13-a91f-75ad0f9fd886",
            "1e8a047a-a6e0-41de-aff2-b9bbfb9417ce",
            "c799864d-b9a0-4c6c-9939-e54efa887ade",
            "f0dda8b0-9db2-4d79-a1fe-ccc44484d3ed",
            "408a8e31-d93f-4aa1-b3ac-0ecc6bf790ec",
            "7e51783e-f6ff-4109-9ae5-93c368d74491",
            "ad56c091-a414-4a19-9196-e8871ef90695",
            "a7ae85b2-5d5f-4ddb-b7e1-76cac06ace48",
            "b0111185-5758-4c49-8376-4f06df45be55",
            "e04e0646-7b3c-4b73-9786-37a16e533e8a",
            "c4344f27-88f3-4f0d-8c3b-a573446f4d1d",
            "0d298250-c335-45ee-a330-acd1e5b7d0c1",
            "2ce30ef6-00f0-4860-9bb0-1f3c8d6e016c",
            "42c37f11-cc66-4e39-9d28-3c3f6507e8d0",
            "bbca9367-a36d-485d-bcbd-26d43e49f2de",
            "1be7fbe5-6851-421d-baf5-887104546447",
            "1ac4c578-bf35-48cb-a2c3-6a4e09761310",
            "14a27378-d60a-482f-b41d-4d7bff3faf56",
            "22724234-5494-4eb8-aaa5-c90d8646f465",
            "8c08367b-5752-4ee9-85b9-f80aa6b78f56",
            "b0ba8ff8-a1f9-478f-8da7-1d4c499512ba",
            "f6c521e8-8322-4426-86b7-c5988e8ba7ce",
            "046fb60f-72ad-409b-98e2-986531438345",
            "e53240b6-a53c-4823-9738-734e1ef4fe33",
            "6bee94fb-66e8-48eb-8879-c954e9c736f6",
            "c610fc92-749e-491f-a5ec-f2c4f5f4e568",
            "a9179bf2-fb16-46e8-b7de-79fe824fba14",
            "af233300-aa1b-4eee-ab8b-eec0cead26b4",
            "51e9f7c8-fd4c-4e23-80fc-795f2958989d",
            "76da54e4-60ab-4820-8aab-e4ae496677d9",
            "6d04c7dd-7025-4726-be66-785585469ad8",
            "09eca795-5167-4185-8d15-a0bdb6608dde",
            "c6712b5e-c90b-488d-97be-337887cf6e9c"
          ],
          "duration": 19572,
          "root": false,
          "rootEmpty": false,
          "_timeout": 2000
        }
      ],
      "passes": [],
      "failures": [],
      "pending": [],
      "skipped": [],
      "duration": 0,
      "root": true,
      "rootEmpty": true,
      "_timeout": 2000
    }
  ],
  "meta": {
    "mocha": {
      "version": "7.0.1"
    },
    "mochawesome": {
      "options": {
        "quiet": true,
        "reportFilename": "mochawesome",
        "saveHtml": false,
        "saveJson": true,
        "consoleReporter": "none",
        "useInlineDiffs": false,
        "code": true
      },
      "version": "6.2.2"
    },
    "marge": {
      "options": {
        "id": "default",
        "consoleReporter": "none",
        "reportDir": "cypress/results",
        "quiet": true,
        "overwrite": false,
        "html": false,
        "json": true
      },
      "version": "5.2.0"
    }
  }
}