{
  "stats": {
    "suites": 1,
    "tests": 2,
    "passes": 2,
    "pending": 0,
    "failures": 0,
    "start": "2022-02-10T09:14:51.218Z",
    "end": "2022-02-10T09:15:32.788Z",
    "duration": 41570,
    "testsRegistered": 2,
    "passPercent": 100,
    "pendingPercent": 0,
    "other": 0,
    "hasOther": false,
    "skipped": 0,
    "hasSkipped": false
  },
  "results": [
    {
      "uuid": "ad9b0526-5152-4f74-8178-4223dd639c6e",
      "title": "",
      "fullFile": "cypress/integration/formlabs/shared/top_pages_desktop_spec.js",
      "file": "cypress/integration/formlabs/shared/top_pages_desktop_spec.js",
      "beforeHooks": [],
      "afterHooks": [],
      "tests": [],
      "suites": [
        {
          "uuid": "3e4963c4-5b2e-45ad-a54c-18b32662556d",
          "title": "Tests top pages",
          "fullFile": "",
          "file": "",
          "beforeHooks": [],
          "afterHooks": [],
          "tests": [
            {
              "title": "Test Formlabs top page are Application Error free and links are not broken",
              "fullTitle": "Tests top pages Test Formlabs top page are Application Error free and links are not broken",
              "timedOut": null,
              "duration": 20863,
              "state": "passed",
              "speed": "slow",
              "pass": true,
              "fail": false,
              "pending": false,
              "context": null,
              "code": "const corePages = ['/3d-printers/catalog/', '/3d-printers/form-3/', '/3d-printers/form-3l/', '/3d-printers/fuse-1/', '/3d-printers/form-3b/', '/3d-printers/form-3bl/', '/post-processing/', '/materials/', '/materials/standard/', '/materials/engineering/', '/materials/rigid/', '/materials/tough-durable/', '/materials/flexible-elastic/', '/materials/jewelry/', '/materials/medical/', '/materials/nylon/', '/material-selector/'];\ncy.visit(Cypress.env('HOST'));\ncorePages.forEach(page => {\n  if (page.includes('3d-printers')) {\n    cy.get('div[role=\"navigation\"]').within(() => {\n      cy.get('a[href=\"/3d-printers/catalog/\"]').trigger('mouseover');\n    });\n  } else {\n    cy.get('div[role=\"navigation\"]').within(() => {\n      cy.get('a[href=\"/materials/\"]').trigger('mouseover');\n    });\n  }\n  cy.get('a[href=\"' + page + '\"]').invoke('removeAttr', 'target').first().click({\n    force: true\n  });\n  cy.get('body').should('not.contain.text', 'Application error: a client-side exception has occurred');\n  cy.title().should('not.eq', 'Page Not Found');\n});",
              "err": {},
              "uuid": "de551f91-c90f-4b22-a8f8-1ded846510e5",
              "parentUUID": "3e4963c4-5b2e-45ad-a54c-18b32662556d",
              "isHook": false,
              "skipped": false
            },
            {
              "title": "Test Dental top page are Application Error free and links are not broken",
              "fullTitle": "Tests top pages Test Dental top page are Application Error free and links are not broken",
              "timedOut": null,
              "duration": 17957,
              "state": "passed",
              "speed": "slow",
              "pass": true,
              "fail": false,
              "pending": false,
              "context": null,
              "code": "const dentalPages = ['/products/', '/products/form-3b/', '/products/form-3bl/', '/post-processing/', '/software/', '/services/', '/materials/'];\nif (Cypress.env('HOST').includes('staging')) {\n  cy.visit('https://dental-staging.formlabs.com/');\n} else {\n  cy.visit('https://dental.formlabs.com/');\n}\ndentalPages.forEach(page => {\n  cy.get('a[href=\"/products/\"]').eq(0).trigger('mouseover');\n  cy.get('a[href=\"' + page + '\"]').invoke('removeAttr', 'target').click({\n    multiple: true,\n    force: true\n  });\n  cy.get('body').should('not.contain.text', 'Application error: a client-side exception has occurred');\n});",
              "err": {},
              "uuid": "47d5d9d4-6dfe-4107-94fd-f363d3faa2f8",
              "parentUUID": "3e4963c4-5b2e-45ad-a54c-18b32662556d",
              "isHook": false,
              "skipped": false
            }
          ],
          "suites": [],
          "passes": [
            "de551f91-c90f-4b22-a8f8-1ded846510e5",
            "47d5d9d4-6dfe-4107-94fd-f363d3faa2f8"
          ],
          "failures": [],
          "pending": [],
          "skipped": [],
          "duration": 38820,
          "root": false,
          "rootEmpty": false,
          "_timeout": 2000
        }
      ],
      "passes": [],
      "failures": [],
      "pending": [],
      "skipped": [],
      "duration": 0,
      "root": true,
      "rootEmpty": true,
      "_timeout": 2000
    }
  ],
  "meta": {
    "mocha": {
      "version": "7.0.1"
    },
    "mochawesome": {
      "options": {
        "quiet": true,
        "reportFilename": "mochawesome",
        "saveHtml": false,
        "saveJson": true,
        "consoleReporter": "none",
        "useInlineDiffs": false,
        "code": true
      },
      "version": "6.2.2"
    },
    "marge": {
      "options": {
        "id": "default",
        "consoleReporter": "none",
        "reportDir": "cypress/results",
        "quiet": true,
        "overwrite": false,
        "html": false,
        "json": true
      },
      "version": "5.2.0"
    }
  }
}