{
  "stats": {
    "suites": 1,
    "tests": 1,
    "passes": 0,
    "pending": 0,
    "failures": 1,
    "start": "2022-02-09T08:08:09.678Z",
    "end": "2022-02-09T08:08:09.961Z",
    "duration": 283,
    "testsRegistered": 1,
    "passPercent": 0,
    "pendingPercent": 0,
    "other": 0,
    "hasOther": false,
    "skipped": 0,
    "hasSkipped": false
  },
  "results": [
    {
      "uuid": "e3bb3162-d8a1-447d-86d5-61f2e571fd1f",
      "title": "",
      "fullFile": "cypress/integration/formlabs/forms/forms_desktop_spec.js",
      "file": "cypress/integration/formlabs/forms/forms_desktop_spec.js",
      "beforeHooks": [],
      "afterHooks": [],
      "tests": [],
      "suites": [
        {
          "uuid": "7a7d8a60-58a5-47a2-b8de-6b62cb068229",
          "title": "Forms: Desktop",
          "fullFile": "",
          "file": "",
          "beforeHooks": [],
          "afterHooks": [],
          "tests": [
            {
              "title": "TC5.1 Tests Contact Sales form",
              "fullTitle": "Forms: Desktop TC5.1 Tests Contact Sales form",
              "timedOut": null,
              "duration": 40,
              "state": "failed",
              "speed": null,
              "pass": false,
              "fail": true,
              "pending": false,
              "context": null,
              "code": "//Visit HOST\ncy.visit(Cypress.env('HOST') + '/shipping/30-day-guarantee/'); //Enter data in all fields\ncy.fixture('user_data').then(user => {\n  cy.get('#Contact_Sales_text_FirstName').type(user.firstName);\n  cy.get('#Contact_Sales_text_LastName').type(user.lastName);\n  cy.get('#Contact_Sales_email_Email').type(user.email);\n  cy.get('input[aria-label=\"Phone\"]').type(user.mobNumber);\n  cy.get('#Contact_Sales_text_Company').type(user.company);\n  cy.get('#Contact_Sales_companySize_NumberOfEmployees').select('Self-employed');\n  cy.get('#Contact_Sales_occupation_How_would_you_describe_yourself__c').select('Engineer');\n  cy.get('#Contact_Sales_countryAndUsState_Country').select('Germany');\n  cy.get('#Contact_Sales_industry_Industry').select('Medical');\n  cy.get('#Contact_Sales_textarea_Sales_Question__c').type('Some text here'); //Submit form\n  cy.get('button[form=\"form_Contact_Sales\"]').click(); //Varify that message shows after successful form submission\n  cy.get('span[class^=\"Form_message\"]').should('be.visible');\n});",
              "err": {
                "message": "CypressError: `cy.visit()` failed trying to load:\n\nundefined/shipping/30-day-guarantee/\n\nWe failed looking for this file at the path:\n\n/Users/nizangoldstein/Desktop/guillotine/static/formlabs-web/e2e-cypress/undefined/shipping/30-day-guarantee/\n\nThe internal Cypress web server responded with:\n\n  > 404: Not Found",
                "estack": "CypressError: `cy.visit()` failed trying to load:\n\nundefined/shipping/30-day-guarantee/\n\nWe failed looking for this file at the path:\n\n/Users/nizangoldstein/Desktop/guillotine/static/formlabs-web/e2e-cypress/undefined/shipping/30-day-guarantee/\n\nThe internal Cypress web server responded with:\n\n  > 404: Not Found\n    at http://localhost:51210/__cypress/runner/cypress_runner.js:156062:84\n    at visitFailedByErr (http://localhost:51210/__cypress/runner/cypress_runner.js:155437:12)\n    at http://localhost:51210/__cypress/runner/cypress_runner.js:156042:13\n    at tryCatcher (http://localhost:51210/__cypress/runner/cypress_runner.js:13212:23)\n    at Promise._settlePromiseFromHandler (http://localhost:51210/__cypress/runner/cypress_runner.js:11147:31)\n    at Promise._settlePromise (http://localhost:51210/__cypress/runner/cypress_runner.js:11204:18)\n    at Promise._settlePromise0 (http://localhost:51210/__cypress/runner/cypress_runner.js:11249:10)\n    at Promise._settlePromises (http://localhost:51210/__cypress/runner/cypress_runner.js:11325:18)\n    at _drainQueueStep (http://localhost:51210/__cypress/runner/cypress_runner.js:7919:12)\n    at _drainQueue (http://localhost:51210/__cypress/runner/cypress_runner.js:7912:9)\n    at Async.../../node_modules/bluebird/js/release/async.js.Async._drainQueues (http://localhost:51210/__cypress/runner/cypress_runner.js:7928:5)\n    at Async.drainQueues (http://localhost:51210/__cypress/runner/cypress_runner.js:7798:14)\nFrom Your Spec Code:\n    at Context.eval (http://localhost:51210/__cypress/tests?p=cypress/integration/formlabs/forms/forms_desktop_spec.js:102:8)",
                "diff": null
              },
              "uuid": "cd1f28e0-bc13-4b60-aebb-aeabef4739f7",
              "parentUUID": "7a7d8a60-58a5-47a2-b8de-6b62cb068229",
              "isHook": false,
              "skipped": false
            }
          ],
          "suites": [],
          "passes": [],
          "failures": [
            "cd1f28e0-bc13-4b60-aebb-aeabef4739f7"
          ],
          "pending": [],
          "skipped": [],
          "duration": 40,
          "root": false,
          "rootEmpty": false,
          "_timeout": 2000
        }
      ],
      "passes": [],
      "failures": [],
      "pending": [],
      "skipped": [],
      "duration": 0,
      "root": true,
      "rootEmpty": true,
      "_timeout": 2000
    }
  ],
  "meta": {
    "mocha": {
      "version": "7.0.1"
    },
    "mochawesome": {
      "options": {
        "quiet": true,
        "reportFilename": "mochawesome",
        "saveHtml": false,
        "saveJson": true,
        "consoleReporter": "none",
        "useInlineDiffs": false,
        "code": true
      },
      "version": "6.2.2"
    },
    "marge": {
      "options": {
        "id": "default",
        "consoleReporter": "none",
        "reportDir": "cypress/results",
        "quiet": true,
        "overwrite": false,
        "html": false,
        "json": true
      },
      "version": "5.2.0"
    }
  }
}