{
  "stats": {
    "suites": 1,
    "tests": 2,
    "passes": 2,
    "pending": 0,
    "failures": 0,
    "start": "2022-01-19T15:55:20.090Z",
    "end": "2022-01-19T15:55:50.775Z",
    "duration": 30685,
    "testsRegistered": 2,
    "passPercent": 100,
    "pendingPercent": 0,
    "other": 0,
    "hasOther": false,
    "skipped": 0,
    "hasSkipped": false
  },
  "results": [
    {
      "uuid": "16708c92-9268-4b8b-939f-bd5b97786ed7",
      "title": "",
      "fullFile": "cypress/integration/formlabs/shared/top_pages_desktop_spec.js",
      "file": "cypress/integration/formlabs/shared/top_pages_desktop_spec.js",
      "beforeHooks": [],
      "afterHooks": [],
      "tests": [],
      "suites": [
        {
          "uuid": "ae86e005-db1b-48e8-bfc1-94b2fc3f1bce",
          "title": "Tests top pages",
          "fullFile": "",
          "file": "",
          "beforeHooks": [],
          "afterHooks": [],
          "tests": [
            {
              "title": "Test Formlabs top page are Application Error free and links are not broken",
              "fullTitle": "Tests top pages Test Formlabs top page are Application Error free and links are not broken",
              "timedOut": null,
              "duration": 12832,
              "state": "passed",
              "speed": "slow",
              "pass": true,
              "fail": false,
              "pending": false,
              "context": null,
              "code": "const corePages = ['/' // '/3d-printers/catalog/',\n// '/3d-printers/form-3/',\n// '/3d-printers/form-3l/',\n// '/3d-printers/fuse-1/',\n// '/3d-printers/form-3b/',\n// '/3d-printers/form-3bl/',\n// '/post-processing/',\n// '/materials/',\n// '/materials/standard/',\n// '/materials/engineering/',\n// '/materials/rigid/',\n// '/materials/tough-durable/',\n// '/materials/flexible-elastic/',\n// '/materials/jewelry/',\n// '/materials/engineering/specialty/',\n// '/industries/medical/materials/',\n// '/materials/nylon/',\n// '/material-selector/'\n];\ncy.visit(Cypress.env('HOST'));\ncorePages.forEach(page => {\n  if (page.includes('3d-printers')) {\n    cy.get('div[role=\"navigation\"]').within(() => {\n      cy.get('a[href=\"/3d-printers/catalog/\"]').trigger('mouseover');\n    });\n  } else {\n    cy.get('div[role=\"navigation\"]').within(() => {\n      cy.get('a[href=\"/materials/\"]').trigger('mouseover');\n    });\n  }\n  cy.get('a[href=\"' + page + '\"]').invoke('removeAttr', 'target').first().click({\n    force: true\n  });\n  cy.get('body').should('not.contain.text', 'Application error: a client-side exception has occurred');\n  cy.title().should('not.eq', 'Page Not Found');\n});",
              "err": {},
              "uuid": "0264e152-8714-4bd2-880c-28bb052ecca3",
              "parentUUID": "ae86e005-db1b-48e8-bfc1-94b2fc3f1bce",
              "isHook": false,
              "skipped": false
            },
            {
              "title": "Test Dental top page are Application Error free and links are not broken",
              "fullTitle": "Tests top pages Test Dental top page are Application Error free and links are not broken",
              "timedOut": null,
              "duration": 14757,
              "state": "passed",
              "speed": "slow",
              "pass": true,
              "fail": false,
              "pending": false,
              "context": null,
              "code": "const dentalPages = ['/products/' // '/products/form-3b/',\n// '/products/form-3bl/',\n// '/post-processing/',\n// '/software/',\n// '/services/',\n// '/materials/'\n];\nif (Cypress.env('HOST').includes('staging')) {\n  cy.visit('https://dental-staging.formlabs.com/');\n} else {\n  cy.visit('https://dental.formlabs.com/');\n}\ndentalPages.forEach(page => {\n  cy.get('a[href=\"/products/\"]').eq(0).trigger('mouseover');\n  cy.get('a[href=\"' + page + '\"]').invoke('removeAttr', 'target').click({\n    multiple: true,\n    force: true\n  });\n  cy.get('body').should('not.contain.text', 'Application error: a client-side exception has occurred');\n});",
              "err": {},
              "uuid": "aa94f9cf-9b1f-4639-9bd2-3222033e5f05",
              "parentUUID": "ae86e005-db1b-48e8-bfc1-94b2fc3f1bce",
              "isHook": false,
              "skipped": false
            }
          ],
          "suites": [],
          "passes": [
            "0264e152-8714-4bd2-880c-28bb052ecca3",
            "aa94f9cf-9b1f-4639-9bd2-3222033e5f05"
          ],
          "failures": [],
          "pending": [],
          "skipped": [],
          "duration": 27589,
          "root": false,
          "rootEmpty": false,
          "_timeout": 2000
        }
      ],
      "passes": [],
      "failures": [],
      "pending": [],
      "skipped": [],
      "duration": 0,
      "root": true,
      "rootEmpty": true,
      "_timeout": 2000
    }
  ],
  "meta": {
    "mocha": {
      "version": "7.0.1"
    },
    "mochawesome": {
      "options": {
        "quiet": true,
        "reportFilename": "mochawesome",
        "saveHtml": false,
        "saveJson": true,
        "consoleReporter": "none",
        "useInlineDiffs": false,
        "code": true
      },
      "version": "6.2.2"
    },
    "marge": {
      "options": {
        "id": "default",
        "consoleReporter": "none",
        "reportDir": "cypress/results",
        "quiet": true,
        "overwrite": false,
        "html": false,
        "json": true
      },
      "version": "5.2.0"
    }
  }
}