{
  "stats": {
    "suites": 1,
    "tests": 2,
    "passes": 1,
    "pending": 0,
    "failures": 1,
    "start": "2022-01-19T15:56:48.726Z",
    "end": "2022-01-19T15:57:49.944Z",
    "duration": 61218,
    "testsRegistered": 2,
    "passPercent": 50,
    "pendingPercent": 0,
    "other": 0,
    "hasOther": false,
    "skipped": 0,
    "hasSkipped": false
  },
  "results": [
    {
      "uuid": "8b454c55-3ebc-4b34-bd05-b6480c704ece",
      "title": "",
      "fullFile": "cypress/integration/formlabs/shared/top_pages_desktop_spec.js",
      "file": "cypress/integration/formlabs/shared/top_pages_desktop_spec.js",
      "beforeHooks": [],
      "afterHooks": [],
      "tests": [],
      "suites": [
        {
          "uuid": "09b785b3-507e-48c7-b327-2e64fc594e0d",
          "title": "Tests top pages",
          "fullFile": "",
          "file": "",
          "beforeHooks": [],
          "afterHooks": [],
          "tests": [
            {
              "title": "Test Formlabs top page are Application Error free and links are not broken",
              "fullTitle": "Tests top pages Test Formlabs top page are Application Error free and links are not broken",
              "timedOut": null,
              "duration": 11228,
              "state": "failed",
              "speed": null,
              "pass": false,
              "fail": true,
              "pending": false,
              "context": null,
              "code": "const corePages = [// '/',\n// '/3d-printers/catalog/',\n// '/3d-printers/form-3/',\n// '/3d-printers/form-3l/',\n// '/3d-printers/fuse-1/',\n// '/3d-printers/form-3b/',\n// '/3d-printers/form-3bl/',\n// '/post-processing/',\n// '/materials/',\n// '/materials/standard/',\n// '/materials/engineering/',\n// '/materials/rigid/',\n// '/materials/tough-durable/',\n// '/materials/flexible-elastic/',\n// '/materials/jewelry/',\n'/materials/engineering/specialty/', '/industries/medical/materials/' // '/materials/nylon/',\n// '/material-selector/'\n];\ncy.visit(Cypress.env('HOST'));\ncorePages.forEach(page => {\n  if (page.includes('3d-printers')) {\n    cy.get('div[role=\"navigation\"]').within(() => {\n      cy.get('a[href=\"/3d-printers/catalog/\"]').trigger('mouseover');\n    });\n  } else {\n    cy.get('div[role=\"navigation\"]').within(() => {\n      cy.get('a[href=\"/materials/\"]').trigger('mouseover');\n    });\n  }\n  cy.get('a[href=\"' + page + '\"]').invoke('removeAttr', 'target').first().click({\n    force: true\n  });\n  cy.get('body').should('not.contain.text', 'Application error: a client-side exception has occurred');\n  cy.title().should('not.eq', 'Page Not Found');\n});",
              "err": {
                "message": "AssertionError: Timed out retrying after 4000ms: Expected to find element: `a[href=\"/materials/engineering/specialty/\"]`, but never found it.",
                "estack": "AssertionError: Timed out retrying after 4000ms: Expected to find element: `a[href=\"/materials/engineering/specialty/\"]`, but never found it.\n    at eval (https://staging.formlabs.com/__cypress/tests?p=cypress/integration/formlabs/shared/top_pages_desktop_spec.js:131:10)\nat Array.forEach (<anonymous>)\n    at Context.eval (https://staging.formlabs.com/__cypress/tests?p=cypress/integration/formlabs/shared/top_pages_desktop_spec.js:120:15)",
                "diff": null
              },
              "uuid": "ab54dee2-8981-466a-a027-b7e3beb06bbd",
              "parentUUID": "09b785b3-507e-48c7-b327-2e64fc594e0d",
              "isHook": false,
              "skipped": false
            },
            {
              "title": "Test Dental top page are Application Error free and links are not broken",
              "fullTitle": "Tests top pages Test Dental top page are Application Error free and links are not broken",
              "timedOut": null,
              "duration": 16001,
              "state": "passed",
              "speed": "slow",
              "pass": true,
              "fail": false,
              "pending": false,
              "context": null,
              "code": "const dentalPages = ['/products/' // '/products/form-3b/',\n// '/products/form-3bl/',\n// '/post-processing/',\n// '/software/',\n// '/services/',\n// '/materials/'\n];\nif (Cypress.env('HOST').includes('staging')) {\n  cy.visit('https://dental-staging.formlabs.com/');\n} else {\n  cy.visit('https://dental.formlabs.com/');\n}\ndentalPages.forEach(page => {\n  cy.get('a[href=\"/products/\"]').eq(0).trigger('mouseover');\n  cy.get('a[href=\"' + page + '\"]').invoke('removeAttr', 'target').click({\n    multiple: true,\n    force: true\n  });\n  cy.get('body').should('not.contain.text', 'Application error: a client-side exception has occurred');\n});",
              "err": {},
              "uuid": "9acf50b4-39d6-4dcb-ad1b-a9517d0f536a",
              "parentUUID": "09b785b3-507e-48c7-b327-2e64fc594e0d",
              "isHook": false,
              "skipped": false
            }
          ],
          "suites": [],
          "passes": [
            "9acf50b4-39d6-4dcb-ad1b-a9517d0f536a"
          ],
          "failures": [
            "ab54dee2-8981-466a-a027-b7e3beb06bbd"
          ],
          "pending": [],
          "skipped": [],
          "duration": 27229,
          "root": false,
          "rootEmpty": false,
          "_timeout": 2000
        }
      ],
      "passes": [],
      "failures": [],
      "pending": [],
      "skipped": [],
      "duration": 0,
      "root": true,
      "rootEmpty": true,
      "_timeout": 2000
    }
  ],
  "meta": {
    "mocha": {
      "version": "7.0.1"
    },
    "mochawesome": {
      "options": {
        "quiet": true,
        "reportFilename": "mochawesome",
        "saveHtml": false,
        "saveJson": true,
        "consoleReporter": "none",
        "useInlineDiffs": false,
        "code": true
      },
      "version": "6.2.2"
    },
    "marge": {
      "options": {
        "id": "default",
        "consoleReporter": "none",
        "reportDir": "cypress/results",
        "quiet": true,
        "overwrite": false,
        "html": false,
        "json": true
      },
      "version": "5.2.0"
    }
  }
}