{
  "stats": {
    "suites": 1,
    "tests": 42,
    "passes": 0,
    "pending": 0,
    "failures": 42,
    "start": "2022-02-09T08:08:14.582Z",
    "end": "2022-02-09T08:08:30.738Z",
    "duration": 16156,
    "testsRegistered": 42,
    "passPercent": 0,
    "pendingPercent": 0,
    "other": 0,
    "hasOther": false,
    "skipped": 0,
    "hasSkipped": false
  },
  "results": [
    {
      "uuid": "670ca85b-64ff-466f-9859-61e41d181805",
      "title": "",
      "fullFile": "cypress/integration/formlabs/search/search_on_site_desktop.js",
      "file": "cypress/integration/formlabs/search/search_on_site_desktop.js",
      "beforeHooks": [],
      "afterHooks": [],
      "tests": [],
      "suites": [
        {
          "uuid": "2074e525-aaee-411a-81e5-b459c03bf6f6",
          "title": "Search on US, UK, EU, DE, ES, FR & IT: Desktop",
          "fullFile": "",
          "file": "",
          "beforeHooks": [],
          "afterHooks": [],
          "tests": [
            {
              "title": "TC4.1 : (Country Code: ): Tests visibility of different elements on the search panel",
              "fullTitle": "Search on US, UK, EU, DE, ES, FR & IT: Desktop TC4.1 : (Country Code: ): Tests visibility of different elements on the search panel",
              "timedOut": null,
              "duration": 65,
              "state": "failed",
              "speed": null,
              "pass": false,
              "fail": true,
              "pending": false,
              "context": null,
              "code": "cy.visit(Cypress.env('HOST') + '/' + country.countryCode); // Verify Search icon is visible on navigation bar & click\ncy.get('.fl-v2-fl-search').should('be.visible').click(); // Verify search panel open on search-icon click\ncy.get('div[class^=\"SearchBox_search-bar\"]').should('be.visible').within(() => {\n  // Verify that formlabs logo is visible\n  cy.get('img[alt= \"' + country.logoAlt + '\"]').should('be.visible'); //Verify that search-icon is visible on seaerch bar\n  cy.get('.fl-v2-fl-search').should('be.visible'); // Get search input and verify that it has required placeholder\n  cy.get('input[class^=\"SearchBox_search-box\"]').should('be.visible').should('have.attr', 'placeholder', country.searchBoxPlaceholder); // Verify that “x” icon does not exist for empty search field\n  cy.get('.fl-v2-fl-exit').should('not.exist'); // Get search input, type 3 characters and verify “x” icon appears\n  cy.get('input[class^=\"SearchBox_search-box\"]').type('for');\n  cy.get('.fl-v2-fl-exit').should('be.visible'); // Verify “x” clears search input field\n  cy.get('.fl-v2-fl-exit').click();\n  cy.get('input[class^=\"SearchBox_search-box\"]').invoke('val').should('be.empty');\n}); // Verify that there is Popular Searches heading and there are 5 popular search terms\ncy.contains('Popular Searches').should('be.visible');\ncy.get('p > button[class^=\"SearchBox_animated\"]').should('have.length', '5').and('be.visible'); // Get CANCEL button, should be visible and verify that it closes Search panel\ncy.get('button[class^=\"SearchBox_close\"]').should('be.visible').click();\ncy.get('div[class^=\"SearchBox_search-bar\"]').should('not.exist');",
              "err": {
                "message": "CypressError: `cy.visit()` failed trying to load:\n\nundefined/\n\nWe failed looking for this file at the path:\n\n/Users/nizangoldstein/Desktop/guillotine/static/formlabs-web/e2e-cypress/undefined/\n\nThe internal Cypress web server responded with:\n\n  > 404: Not Found",
                "estack": "CypressError: `cy.visit()` failed trying to load:\n\nundefined/\n\nWe failed looking for this file at the path:\n\n/Users/nizangoldstein/Desktop/guillotine/static/formlabs-web/e2e-cypress/undefined/\n\nThe internal Cypress web server responded with:\n\n  > 404: Not Found\n    at http://localhost:51210/__cypress/runner/cypress_runner.js:156062:84\n    at visitFailedByErr (http://localhost:51210/__cypress/runner/cypress_runner.js:155437:12)\n    at http://localhost:51210/__cypress/runner/cypress_runner.js:156042:13\n    at tryCatcher (http://localhost:51210/__cypress/runner/cypress_runner.js:13212:23)\n    at Promise._settlePromiseFromHandler (http://localhost:51210/__cypress/runner/cypress_runner.js:11147:31)\n    at Promise._settlePromise (http://localhost:51210/__cypress/runner/cypress_runner.js:11204:18)\n    at Promise._settlePromise0 (http://localhost:51210/__cypress/runner/cypress_runner.js:11249:10)\n    at Promise._settlePromises (http://localhost:51210/__cypress/runner/cypress_runner.js:11325:18)\n    at _drainQueueStep (http://localhost:51210/__cypress/runner/cypress_runner.js:7919:12)\n    at _drainQueue (http://localhost:51210/__cypress/runner/cypress_runner.js:7912:9)\n    at Async.../../node_modules/bluebird/js/release/async.js.Async._drainQueues (http://localhost:51210/__cypress/runner/cypress_runner.js:7928:5)\n    at Async.drainQueues (http://localhost:51210/__cypress/runner/cypress_runner.js:7798:14)\nFrom Your Spec Code:\n    at Context.eval (http://localhost:51210/__cypress/tests?p=cypress/integration/formlabs/search/search_on_site_desktop.js:115:10)",
                "diff": null
              },
              "uuid": "aa256193-2749-4d46-9ae1-f0490ff25379",
              "parentUUID": "2074e525-aaee-411a-81e5-b459c03bf6f6",
              "isHook": false,
              "skipped": false
            },
            {
              "title": "TC4.2 : (Country Code: ): Test popular searches populate search input field",
              "fullTitle": "Search on US, UK, EU, DE, ES, FR & IT: Desktop TC4.2 : (Country Code: ): Test popular searches populate search input field",
              "timedOut": null,
              "duration": 69,
              "state": "failed",
              "speed": null,
              "pass": false,
              "fail": true,
              "pending": false,
              "context": null,
              "code": "cy.visit(Cypress.env('HOST') + '/' + country.countryCode); // Open search panel\ncy.get('.fl-v2-fl-search').click(); // Get popular search terms and select/click second term\ncy.get('p > button[class^=\"SearchBox_animated\"]').eq(1).click().invoke('text').then(searchQuery => {\n  // Verify that search input value has been updated with the selected term\n  cy.get('input[class^=\"SearchBox_search-box\"]').invoke('val').should('eq', searchQuery); // Verify that heading 'Search Results for \"<Search Query>\"' contain selected term\n  cy.get('#search-results > h4').should('be.visible').and('contain', searchQuery);\n}); // Test all three main parts of search results: Products, Pages and Blog Posts\ncy.testValidSearchQueryResults(country.countryCode, country.shopURL, country.pagesResultHeading);",
              "err": {
                "message": "CypressError: `cy.visit()` failed trying to load:\n\nundefined/\n\nWe failed looking for this file at the path:\n\n/Users/nizangoldstein/Desktop/guillotine/static/formlabs-web/e2e-cypress/undefined/\n\nThe internal Cypress web server responded with:\n\n  > 404: Not Found",
                "estack": "CypressError: `cy.visit()` failed trying to load:\n\nundefined/\n\nWe failed looking for this file at the path:\n\n/Users/nizangoldstein/Desktop/guillotine/static/formlabs-web/e2e-cypress/undefined/\n\nThe internal Cypress web server responded with:\n\n  > 404: Not Found\n    at http://localhost:51210/__cypress/runner/cypress_runner.js:156062:84\n    at visitFailedByErr (http://localhost:51210/__cypress/runner/cypress_runner.js:155437:12)\n    at http://localhost:51210/__cypress/runner/cypress_runner.js:156042:13\n    at tryCatcher (http://localhost:51210/__cypress/runner/cypress_runner.js:13212:23)\n    at Promise._settlePromiseFromHandler (http://localhost:51210/__cypress/runner/cypress_runner.js:11147:31)\n    at Promise._settlePromise (http://localhost:51210/__cypress/runner/cypress_runner.js:11204:18)\n    at Promise._settlePromise0 (http://localhost:51210/__cypress/runner/cypress_runner.js:11249:10)\n    at Promise._settlePromises (http://localhost:51210/__cypress/runner/cypress_runner.js:11325:18)\n    at _drainQueueStep (http://localhost:51210/__cypress/runner/cypress_runner.js:7919:12)\n    at _drainQueue (http://localhost:51210/__cypress/runner/cypress_runner.js:7912:9)\n    at Async.../../node_modules/bluebird/js/release/async.js.Async._drainQueues (http://localhost:51210/__cypress/runner/cypress_runner.js:7928:5)\n    at Async.drainQueues (http://localhost:51210/__cypress/runner/cypress_runner.js:7798:14)\nFrom Your Spec Code:\n    at Context.eval (http://localhost:51210/__cypress/tests?p=cypress/integration/formlabs/search/search_on_site_desktop.js:143:10)",
                "diff": null
              },
              "uuid": "3f0fedff-f668-4cf1-9bc0-af638269e2e8",
              "parentUUID": "2074e525-aaee-411a-81e5-b459c03bf6f6",
              "isHook": false,
              "skipped": false
            },
            {
              "title": "TC4.3 : (Country Code: ): Test search closes when navigating to a result",
              "fullTitle": "Search on US, UK, EU, DE, ES, FR & IT: Desktop TC4.3 : (Country Code: ): Test search closes when navigating to a result",
              "timedOut": null,
              "duration": 94,
              "state": "failed",
              "speed": null,
              "pass": false,
              "fail": true,
              "pending": false,
              "context": null,
              "code": "cy.visit(Cypress.env('HOST') + '/' + country.countryCode); // Open search panel\ncy.get('.fl-v2-fl-search').should('be.visible').click(); // Get search input, type search query\ncy.get('input[class^=\"SearchBox_search-box\"]').type('Form 3'); // Get search results and navigate to first result from pages\ncy.get('#search-results').siblings('div').eq(1).find('h5[class^=\"Header_headerText\"]').eq(0).click(); // Verify search box is closed when navigating to the result\ncy.wait(1000);\ncy.url().should('not.include', '/?search=');\ncy.get('div[class^=\"SearchBox_search-box\"]').should('not.exist');",
              "err": {
                "message": "CypressError: `cy.visit()` failed trying to load:\n\nundefined/\n\nWe failed looking for this file at the path:\n\n/Users/nizangoldstein/Desktop/guillotine/static/formlabs-web/e2e-cypress/undefined/\n\nThe internal Cypress web server responded with:\n\n  > 404: Not Found",
                "estack": "CypressError: `cy.visit()` failed trying to load:\n\nundefined/\n\nWe failed looking for this file at the path:\n\n/Users/nizangoldstein/Desktop/guillotine/static/formlabs-web/e2e-cypress/undefined/\n\nThe internal Cypress web server responded with:\n\n  > 404: Not Found\n    at http://localhost:51210/__cypress/runner/cypress_runner.js:156062:84\n    at visitFailedByErr (http://localhost:51210/__cypress/runner/cypress_runner.js:155437:12)\n    at http://localhost:51210/__cypress/runner/cypress_runner.js:156042:13\n    at tryCatcher (http://localhost:51210/__cypress/runner/cypress_runner.js:13212:23)\n    at Promise._settlePromiseFromHandler (http://localhost:51210/__cypress/runner/cypress_runner.js:11147:31)\n    at Promise._settlePromise (http://localhost:51210/__cypress/runner/cypress_runner.js:11204:18)\n    at Promise._settlePromise0 (http://localhost:51210/__cypress/runner/cypress_runner.js:11249:10)\n    at Promise._settlePromises (http://localhost:51210/__cypress/runner/cypress_runner.js:11325:18)\n    at _drainQueueStep (http://localhost:51210/__cypress/runner/cypress_runner.js:7919:12)\n    at _drainQueue (http://localhost:51210/__cypress/runner/cypress_runner.js:7912:9)\n    at Async.../../node_modules/bluebird/js/release/async.js.Async._drainQueues (http://localhost:51210/__cypress/runner/cypress_runner.js:7928:5)\n    at Async.drainQueues (http://localhost:51210/__cypress/runner/cypress_runner.js:7798:14)\nFrom Your Spec Code:\n    at Context.eval (http://localhost:51210/__cypress/tests?p=cypress/integration/formlabs/search/search_on_site_desktop.js:157:10)",
                "diff": null
              },
              "uuid": "66c3909d-0182-4716-a87e-7e8742dd034c",
              "parentUUID": "2074e525-aaee-411a-81e5-b459c03bf6f6",
              "isHook": false,
              "skipped": false
            },
            {
              "title": "TC4.4 : (Country Code: ): Test search results for \"Form 3\" query",
              "fullTitle": "Search on US, UK, EU, DE, ES, FR & IT: Desktop TC4.4 : (Country Code: ): Test search results for \"Form 3\" query",
              "timedOut": null,
              "duration": 67,
              "state": "failed",
              "speed": null,
              "pass": false,
              "fail": true,
              "pending": false,
              "context": null,
              "code": "cy.visit(Cypress.env('HOST') + '/' + country.countryCode); // Open search panel\ncy.get('.fl-v2-fl-search').click(); // Get search input and type search query\ncy.get('input[class^=\"SearchBox_search-box\"]').type('Form 3'); // Get 'Search Results for \"<Search Query>\"' heading and verify that it contains searched query\ncy.get('#search-results > h4').should('be.visible').and('contain', 'Form 3'); // Test all three main parts of search results: Products, Pages and Blog Posts\ncy.testValidSearchQueryResults(country.countryCode, country.shopURL, country.pagesResultHeading);",
              "err": {
                "message": "CypressError: `cy.visit()` failed trying to load:\n\nundefined/\n\nWe failed looking for this file at the path:\n\n/Users/nizangoldstein/Desktop/guillotine/static/formlabs-web/e2e-cypress/undefined/\n\nThe internal Cypress web server responded with:\n\n  > 404: Not Found",
                "estack": "CypressError: `cy.visit()` failed trying to load:\n\nundefined/\n\nWe failed looking for this file at the path:\n\n/Users/nizangoldstein/Desktop/guillotine/static/formlabs-web/e2e-cypress/undefined/\n\nThe internal Cypress web server responded with:\n\n  > 404: Not Found\n    at http://localhost:51210/__cypress/runner/cypress_runner.js:156062:84\n    at visitFailedByErr (http://localhost:51210/__cypress/runner/cypress_runner.js:155437:12)\n    at http://localhost:51210/__cypress/runner/cypress_runner.js:156042:13\n    at tryCatcher (http://localhost:51210/__cypress/runner/cypress_runner.js:13212:23)\n    at Promise._settlePromiseFromHandler (http://localhost:51210/__cypress/runner/cypress_runner.js:11147:31)\n    at Promise._settlePromise (http://localhost:51210/__cypress/runner/cypress_runner.js:11204:18)\n    at Promise._settlePromise0 (http://localhost:51210/__cypress/runner/cypress_runner.js:11249:10)\n    at Promise._settlePromises (http://localhost:51210/__cypress/runner/cypress_runner.js:11325:18)\n    at _drainQueueStep (http://localhost:51210/__cypress/runner/cypress_runner.js:7919:12)\n    at _drainQueue (http://localhost:51210/__cypress/runner/cypress_runner.js:7912:9)\n    at Async.../../node_modules/bluebird/js/release/async.js.Async._drainQueues (http://localhost:51210/__cypress/runner/cypress_runner.js:7928:5)\n    at Async.drainQueues (http://localhost:51210/__cypress/runner/cypress_runner.js:7798:14)\nFrom Your Spec Code:\n    at Context.eval (http://localhost:51210/__cypress/tests?p=cypress/integration/formlabs/search/search_on_site_desktop.js:170:10)",
                "diff": null
              },
              "uuid": "c32deb7f-4f02-47d0-9db0-ef507c2d1a95",
              "parentUUID": "2074e525-aaee-411a-81e5-b459c03bf6f6",
              "isHook": false,
              "skipped": false
            },
            {
              "title": "TC4.5 : (Country Code: ): Test results for SKU number query",
              "fullTitle": "Search on US, UK, EU, DE, ES, FR & IT: Desktop TC4.5 : (Country Code: ): Test results for SKU number query",
              "timedOut": null,
              "duration": 63,
              "state": "failed",
              "speed": null,
              "pass": false,
              "fail": true,
              "pending": false,
              "context": null,
              "code": "cy.visit(Cypress.env('HOST') + '/' + country.countryCode); // Open search panel\ncy.get('.fl-v2-fl-search').should('be.visible').click(); // Get search input and type search query\ncy.get('input[class^=\"SearchBox_search-box\"]').type('PKG-F3-SVC-BASI'); // Get 'Search Results for \"<Search Query>\"' heading and verify that it contains searched query\ncy.get('#search-results > h4').should('be.visible').and('contain', 'PKG-F3-SVC-BASI'); // Test all three main parts of search results: Products, Pages and Blog Posts\ncy.testValidSearchQueryResults(country.countryCode, country.shopURL, country.pagesResultHeading);",
              "err": {
                "message": "CypressError: `cy.visit()` failed trying to load:\n\nundefined/\n\nWe failed looking for this file at the path:\n\n/Users/nizangoldstein/Desktop/guillotine/static/formlabs-web/e2e-cypress/undefined/\n\nThe internal Cypress web server responded with:\n\n  > 404: Not Found",
                "estack": "CypressError: `cy.visit()` failed trying to load:\n\nundefined/\n\nWe failed looking for this file at the path:\n\n/Users/nizangoldstein/Desktop/guillotine/static/formlabs-web/e2e-cypress/undefined/\n\nThe internal Cypress web server responded with:\n\n  > 404: Not Found\n    at http://localhost:51210/__cypress/runner/cypress_runner.js:156062:84\n    at visitFailedByErr (http://localhost:51210/__cypress/runner/cypress_runner.js:155437:12)\n    at http://localhost:51210/__cypress/runner/cypress_runner.js:156042:13\n    at tryCatcher (http://localhost:51210/__cypress/runner/cypress_runner.js:13212:23)\n    at Promise._settlePromiseFromHandler (http://localhost:51210/__cypress/runner/cypress_runner.js:11147:31)\n    at Promise._settlePromise (http://localhost:51210/__cypress/runner/cypress_runner.js:11204:18)\n    at Promise._settlePromise0 (http://localhost:51210/__cypress/runner/cypress_runner.js:11249:10)\n    at Promise._settlePromises (http://localhost:51210/__cypress/runner/cypress_runner.js:11325:18)\n    at _drainQueueStep (http://localhost:51210/__cypress/runner/cypress_runner.js:7919:12)\n    at _drainQueue (http://localhost:51210/__cypress/runner/cypress_runner.js:7912:9)\n    at Async.../../node_modules/bluebird/js/release/async.js.Async._drainQueues (http://localhost:51210/__cypress/runner/cypress_runner.js:7928:5)\n    at Async.drainQueues (http://localhost:51210/__cypress/runner/cypress_runner.js:7798:14)\nFrom Your Spec Code:\n    at Context.eval (http://localhost:51210/__cypress/tests?p=cypress/integration/formlabs/search/search_on_site_desktop.js:181:10)",
                "diff": null
              },
              "uuid": "49ee69c6-38b2-4c5d-a977-e9b8f8b962cd",
              "parentUUID": "2074e525-aaee-411a-81e5-b459c03bf6f6",
              "isHook": false,
              "skipped": false
            },
            {
              "title": "TC4.6 : (Country Code: ): Test results for Gibberish query",
              "fullTitle": "Search on US, UK, EU, DE, ES, FR & IT: Desktop TC4.6 : (Country Code: ): Test results for Gibberish query",
              "timedOut": null,
              "duration": 89,
              "state": "failed",
              "speed": null,
              "pass": false,
              "fail": true,
              "pending": false,
              "context": null,
              "code": "cy.visit(Cypress.env('HOST') + '/' + country.countryCode); // Open search panel\ncy.get('.fl-v2-fl-search').should('be.visible').click(); // Get search input and type gibberish search query\ncy.get('input[class^=\"SearchBox_search-box\"]').type('agalkjfdglkjal;fsdg'); // Verify that heading 'Search Results for \"<Search Query>\"' does not exist\ncy.get('#search-results > h4').should('not.exist'); // Verify that there are no search results\ncy.get('#search-results').should('not.exist'); // Verify that there is Popular Searches heading and there are 5 popular search terms\ncy.contains('Popular Searches').should('be.visible');\ncy.get('p > button[class^=\"SearchBox_animated\"]').should('have.length', '5').and('be.visible'); // Verify that no result found announcement banner is visible\ncy.get('div[class^=\"Announcement_content\"]').should('contain', country.noResultFoundText); // Verify that \"Reset your search\" button on announcement banner clears the search input field\ncy.get('button').contains(country.resetButtonText).click();\ncy.get('input[class^=\"SearchBox_search-box\"]').invoke('val').should('be.empty');",
              "err": {
                "message": "CypressError: `cy.visit()` failed trying to load:\n\nundefined/\n\nWe failed looking for this file at the path:\n\n/Users/nizangoldstein/Desktop/guillotine/static/formlabs-web/e2e-cypress/undefined/\n\nThe internal Cypress web server responded with:\n\n  > 404: Not Found",
                "estack": "CypressError: `cy.visit()` failed trying to load:\n\nundefined/\n\nWe failed looking for this file at the path:\n\n/Users/nizangoldstein/Desktop/guillotine/static/formlabs-web/e2e-cypress/undefined/\n\nThe internal Cypress web server responded with:\n\n  > 404: Not Found\n    at http://localhost:51210/__cypress/runner/cypress_runner.js:156062:84\n    at visitFailedByErr (http://localhost:51210/__cypress/runner/cypress_runner.js:155437:12)\n    at http://localhost:51210/__cypress/runner/cypress_runner.js:156042:13\n    at tryCatcher (http://localhost:51210/__cypress/runner/cypress_runner.js:13212:23)\n    at Promise._settlePromiseFromHandler (http://localhost:51210/__cypress/runner/cypress_runner.js:11147:31)\n    at Promise._settlePromise (http://localhost:51210/__cypress/runner/cypress_runner.js:11204:18)\n    at Promise._settlePromise0 (http://localhost:51210/__cypress/runner/cypress_runner.js:11249:10)\n    at Promise._settlePromises (http://localhost:51210/__cypress/runner/cypress_runner.js:11325:18)\n    at _drainQueueStep (http://localhost:51210/__cypress/runner/cypress_runner.js:7919:12)\n    at _drainQueue (http://localhost:51210/__cypress/runner/cypress_runner.js:7912:9)\n    at Async.../../node_modules/bluebird/js/release/async.js.Async._drainQueues (http://localhost:51210/__cypress/runner/cypress_runner.js:7928:5)\n    at Async.drainQueues (http://localhost:51210/__cypress/runner/cypress_runner.js:7798:14)\nFrom Your Spec Code:\n    at Context.eval (http://localhost:51210/__cypress/tests?p=cypress/integration/formlabs/search/search_on_site_desktop.js:192:10)",
                "diff": null
              },
              "uuid": "a1481ef4-86e7-43c6-91b1-b335360beea2",
              "parentUUID": "2074e525-aaee-411a-81e5-b459c03bf6f6",
              "isHook": false,
              "skipped": false
            },
            {
              "title": "TC4.1 : (Country Code: uk): Tests visibility of different elements on the search panel",
              "fullTitle": "Search on US, UK, EU, DE, ES, FR & IT: Desktop TC4.1 : (Country Code: uk): Tests visibility of different elements on the search panel",
              "timedOut": null,
              "duration": 94,
              "state": "failed",
              "speed": null,
              "pass": false,
              "fail": true,
              "pending": false,
              "context": null,
              "code": "cy.visit(Cypress.env('HOST') + '/' + country.countryCode); // Verify Search icon is visible on navigation bar & click\ncy.get('.fl-v2-fl-search').should('be.visible').click(); // Verify search panel open on search-icon click\ncy.get('div[class^=\"SearchBox_search-bar\"]').should('be.visible').within(() => {\n  // Verify that formlabs logo is visible\n  cy.get('img[alt= \"' + country.logoAlt + '\"]').should('be.visible'); //Verify that search-icon is visible on seaerch bar\n  cy.get('.fl-v2-fl-search').should('be.visible'); // Get search input and verify that it has required placeholder\n  cy.get('input[class^=\"SearchBox_search-box\"]').should('be.visible').should('have.attr', 'placeholder', country.searchBoxPlaceholder); // Verify that “x” icon does not exist for empty search field\n  cy.get('.fl-v2-fl-exit').should('not.exist'); // Get search input, type 3 characters and verify “x” icon appears\n  cy.get('input[class^=\"SearchBox_search-box\"]').type('for');\n  cy.get('.fl-v2-fl-exit').should('be.visible'); // Verify “x” clears search input field\n  cy.get('.fl-v2-fl-exit').click();\n  cy.get('input[class^=\"SearchBox_search-box\"]').invoke('val').should('be.empty');\n}); // Verify that there is Popular Searches heading and there are 5 popular search terms\ncy.contains('Popular Searches').should('be.visible');\ncy.get('p > button[class^=\"SearchBox_animated\"]').should('have.length', '5').and('be.visible'); // Get CANCEL button, should be visible and verify that it closes Search panel\ncy.get('button[class^=\"SearchBox_close\"]').should('be.visible').click();\ncy.get('div[class^=\"SearchBox_search-bar\"]').should('not.exist');",
              "err": {
                "message": "CypressError: `cy.visit()` failed trying to load:\n\nundefined/uk\n\nWe failed looking for this file at the path:\n\n/Users/nizangoldstein/Desktop/guillotine/static/formlabs-web/e2e-cypress/undefined/uk\n\nThe internal Cypress web server responded with:\n\n  > 404: Not Found",
                "estack": "CypressError: `cy.visit()` failed trying to load:\n\nundefined/uk\n\nWe failed looking for this file at the path:\n\n/Users/nizangoldstein/Desktop/guillotine/static/formlabs-web/e2e-cypress/undefined/uk\n\nThe internal Cypress web server responded with:\n\n  > 404: Not Found\n    at http://localhost:51210/__cypress/runner/cypress_runner.js:156062:84\n    at visitFailedByErr (http://localhost:51210/__cypress/runner/cypress_runner.js:155437:12)\n    at http://localhost:51210/__cypress/runner/cypress_runner.js:156042:13\n    at tryCatcher (http://localhost:51210/__cypress/runner/cypress_runner.js:13212:23)\n    at Promise._settlePromiseFromHandler (http://localhost:51210/__cypress/runner/cypress_runner.js:11147:31)\n    at Promise._settlePromise (http://localhost:51210/__cypress/runner/cypress_runner.js:11204:18)\n    at Promise._settlePromise0 (http://localhost:51210/__cypress/runner/cypress_runner.js:11249:10)\n    at Promise._settlePromises (http://localhost:51210/__cypress/runner/cypress_runner.js:11325:18)\n    at _drainQueueStep (http://localhost:51210/__cypress/runner/cypress_runner.js:7919:12)\n    at _drainQueue (http://localhost:51210/__cypress/runner/cypress_runner.js:7912:9)\n    at Async.../../node_modules/bluebird/js/release/async.js.Async._drainQueues (http://localhost:51210/__cypress/runner/cypress_runner.js:7928:5)\n    at Async.drainQueues (http://localhost:51210/__cypress/runner/cypress_runner.js:7798:14)\nFrom Your Spec Code:\n    at Context.eval (http://localhost:51210/__cypress/tests?p=cypress/integration/formlabs/search/search_on_site_desktop.js:115:10)",
                "diff": null
              },
              "uuid": "cda61f38-cfd6-4318-8645-14933df3c2f6",
              "parentUUID": "2074e525-aaee-411a-81e5-b459c03bf6f6",
              "isHook": false,
              "skipped": false
            },
            {
              "title": "TC4.2 : (Country Code: uk): Test popular searches populate search input field",
              "fullTitle": "Search on US, UK, EU, DE, ES, FR & IT: Desktop TC4.2 : (Country Code: uk): Test popular searches populate search input field",
              "timedOut": null,
              "duration": 75,
              "state": "failed",
              "speed": null,
              "pass": false,
              "fail": true,
              "pending": false,
              "context": null,
              "code": "cy.visit(Cypress.env('HOST') + '/' + country.countryCode); // Open search panel\ncy.get('.fl-v2-fl-search').click(); // Get popular search terms and select/click second term\ncy.get('p > button[class^=\"SearchBox_animated\"]').eq(1).click().invoke('text').then(searchQuery => {\n  // Verify that search input value has been updated with the selected term\n  cy.get('input[class^=\"SearchBox_search-box\"]').invoke('val').should('eq', searchQuery); // Verify that heading 'Search Results for \"<Search Query>\"' contain selected term\n  cy.get('#search-results > h4').should('be.visible').and('contain', searchQuery);\n}); // Test all three main parts of search results: Products, Pages and Blog Posts\ncy.testValidSearchQueryResults(country.countryCode, country.shopURL, country.pagesResultHeading);",
              "err": {
                "message": "CypressError: `cy.visit()` failed trying to load:\n\nundefined/uk\n\nWe failed looking for this file at the path:\n\n/Users/nizangoldstein/Desktop/guillotine/static/formlabs-web/e2e-cypress/undefined/uk\n\nThe internal Cypress web server responded with:\n\n  > 404: Not Found",
                "estack": "CypressError: `cy.visit()` failed trying to load:\n\nundefined/uk\n\nWe failed looking for this file at the path:\n\n/Users/nizangoldstein/Desktop/guillotine/static/formlabs-web/e2e-cypress/undefined/uk\n\nThe internal Cypress web server responded with:\n\n  > 404: Not Found\n    at http://localhost:51210/__cypress/runner/cypress_runner.js:156062:84\n    at visitFailedByErr (http://localhost:51210/__cypress/runner/cypress_runner.js:155437:12)\n    at http://localhost:51210/__cypress/runner/cypress_runner.js:156042:13\n    at tryCatcher (http://localhost:51210/__cypress/runner/cypress_runner.js:13212:23)\n    at Promise._settlePromiseFromHandler (http://localhost:51210/__cypress/runner/cypress_runner.js:11147:31)\n    at Promise._settlePromise (http://localhost:51210/__cypress/runner/cypress_runner.js:11204:18)\n    at Promise._settlePromise0 (http://localhost:51210/__cypress/runner/cypress_runner.js:11249:10)\n    at Promise._settlePromises (http://localhost:51210/__cypress/runner/cypress_runner.js:11325:18)\n    at _drainQueueStep (http://localhost:51210/__cypress/runner/cypress_runner.js:7919:12)\n    at _drainQueue (http://localhost:51210/__cypress/runner/cypress_runner.js:7912:9)\n    at Async.../../node_modules/bluebird/js/release/async.js.Async._drainQueues (http://localhost:51210/__cypress/runner/cypress_runner.js:7928:5)\n    at Async.drainQueues (http://localhost:51210/__cypress/runner/cypress_runner.js:7798:14)\nFrom Your Spec Code:\n    at Context.eval (http://localhost:51210/__cypress/tests?p=cypress/integration/formlabs/search/search_on_site_desktop.js:143:10)",
                "diff": null
              },
              "uuid": "8081181a-6edf-42b8-8577-e41e4615f8f2",
              "parentUUID": "2074e525-aaee-411a-81e5-b459c03bf6f6",
              "isHook": false,
              "skipped": false
            },
            {
              "title": "TC4.3 : (Country Code: uk): Test search closes when navigating to a result",
              "fullTitle": "Search on US, UK, EU, DE, ES, FR & IT: Desktop TC4.3 : (Country Code: uk): Test search closes when navigating to a result",
              "timedOut": null,
              "duration": 107,
              "state": "failed",
              "speed": null,
              "pass": false,
              "fail": true,
              "pending": false,
              "context": null,
              "code": "cy.visit(Cypress.env('HOST') + '/' + country.countryCode); // Open search panel\ncy.get('.fl-v2-fl-search').should('be.visible').click(); // Get search input, type search query\ncy.get('input[class^=\"SearchBox_search-box\"]').type('Form 3'); // Get search results and navigate to first result from pages\ncy.get('#search-results').siblings('div').eq(1).find('h5[class^=\"Header_headerText\"]').eq(0).click(); // Verify search box is closed when navigating to the result\ncy.wait(1000);\ncy.url().should('not.include', '/?search=');\ncy.get('div[class^=\"SearchBox_search-box\"]').should('not.exist');",
              "err": {
                "message": "CypressError: `cy.visit()` failed trying to load:\n\nundefined/uk\n\nWe failed looking for this file at the path:\n\n/Users/nizangoldstein/Desktop/guillotine/static/formlabs-web/e2e-cypress/undefined/uk\n\nThe internal Cypress web server responded with:\n\n  > 404: Not Found",
                "estack": "CypressError: `cy.visit()` failed trying to load:\n\nundefined/uk\n\nWe failed looking for this file at the path:\n\n/Users/nizangoldstein/Desktop/guillotine/static/formlabs-web/e2e-cypress/undefined/uk\n\nThe internal Cypress web server responded with:\n\n  > 404: Not Found\n    at http://localhost:51210/__cypress/runner/cypress_runner.js:156062:84\n    at visitFailedByErr (http://localhost:51210/__cypress/runner/cypress_runner.js:155437:12)\n    at http://localhost:51210/__cypress/runner/cypress_runner.js:156042:13\n    at tryCatcher (http://localhost:51210/__cypress/runner/cypress_runner.js:13212:23)\n    at Promise._settlePromiseFromHandler (http://localhost:51210/__cypress/runner/cypress_runner.js:11147:31)\n    at Promise._settlePromise (http://localhost:51210/__cypress/runner/cypress_runner.js:11204:18)\n    at Promise._settlePromise0 (http://localhost:51210/__cypress/runner/cypress_runner.js:11249:10)\n    at Promise._settlePromises (http://localhost:51210/__cypress/runner/cypress_runner.js:11325:18)\n    at _drainQueueStep (http://localhost:51210/__cypress/runner/cypress_runner.js:7919:12)\n    at _drainQueue (http://localhost:51210/__cypress/runner/cypress_runner.js:7912:9)\n    at Async.../../node_modules/bluebird/js/release/async.js.Async._drainQueues (http://localhost:51210/__cypress/runner/cypress_runner.js:7928:5)\n    at Async.drainQueues (http://localhost:51210/__cypress/runner/cypress_runner.js:7798:14)\nFrom Your Spec Code:\n    at Context.eval (http://localhost:51210/__cypress/tests?p=cypress/integration/formlabs/search/search_on_site_desktop.js:157:10)",
                "diff": null
              },
              "uuid": "b2005b81-6a06-49a2-9ed7-df86b6530c2d",
              "parentUUID": "2074e525-aaee-411a-81e5-b459c03bf6f6",
              "isHook": false,
              "skipped": false
            },
            {
              "title": "TC4.4 : (Country Code: uk): Test search results for \"Form 3\" query",
              "fullTitle": "Search on US, UK, EU, DE, ES, FR & IT: Desktop TC4.4 : (Country Code: uk): Test search results for \"Form 3\" query",
              "timedOut": null,
              "duration": 127,
              "state": "failed",
              "speed": null,
              "pass": false,
              "fail": true,
              "pending": false,
              "context": null,
              "code": "cy.visit(Cypress.env('HOST') + '/' + country.countryCode); // Open search panel\ncy.get('.fl-v2-fl-search').click(); // Get search input and type search query\ncy.get('input[class^=\"SearchBox_search-box\"]').type('Form 3'); // Get 'Search Results for \"<Search Query>\"' heading and verify that it contains searched query\ncy.get('#search-results > h4').should('be.visible').and('contain', 'Form 3'); // Test all three main parts of search results: Products, Pages and Blog Posts\ncy.testValidSearchQueryResults(country.countryCode, country.shopURL, country.pagesResultHeading);",
              "err": {
                "message": "CypressError: `cy.visit()` failed trying to load:\n\nundefined/uk\n\nWe failed looking for this file at the path:\n\n/Users/nizangoldstein/Desktop/guillotine/static/formlabs-web/e2e-cypress/undefined/uk\n\nThe internal Cypress web server responded with:\n\n  > 404: Not Found",
                "estack": "CypressError: `cy.visit()` failed trying to load:\n\nundefined/uk\n\nWe failed looking for this file at the path:\n\n/Users/nizangoldstein/Desktop/guillotine/static/formlabs-web/e2e-cypress/undefined/uk\n\nThe internal Cypress web server responded with:\n\n  > 404: Not Found\n    at http://localhost:51210/__cypress/runner/cypress_runner.js:156062:84\n    at visitFailedByErr (http://localhost:51210/__cypress/runner/cypress_runner.js:155437:12)\n    at http://localhost:51210/__cypress/runner/cypress_runner.js:156042:13\n    at tryCatcher (http://localhost:51210/__cypress/runner/cypress_runner.js:13212:23)\n    at Promise._settlePromiseFromHandler (http://localhost:51210/__cypress/runner/cypress_runner.js:11147:31)\n    at Promise._settlePromise (http://localhost:51210/__cypress/runner/cypress_runner.js:11204:18)\n    at Promise._settlePromise0 (http://localhost:51210/__cypress/runner/cypress_runner.js:11249:10)\n    at Promise._settlePromises (http://localhost:51210/__cypress/runner/cypress_runner.js:11325:18)\n    at _drainQueueStep (http://localhost:51210/__cypress/runner/cypress_runner.js:7919:12)\n    at _drainQueue (http://localhost:51210/__cypress/runner/cypress_runner.js:7912:9)\n    at Async.../../node_modules/bluebird/js/release/async.js.Async._drainQueues (http://localhost:51210/__cypress/runner/cypress_runner.js:7928:5)\n    at Async.drainQueues (http://localhost:51210/__cypress/runner/cypress_runner.js:7798:14)\nFrom Your Spec Code:\n    at Context.eval (http://localhost:51210/__cypress/tests?p=cypress/integration/formlabs/search/search_on_site_desktop.js:170:10)",
                "diff": null
              },
              "uuid": "9bd91e1f-6242-4e0c-a923-7983a6891501",
              "parentUUID": "2074e525-aaee-411a-81e5-b459c03bf6f6",
              "isHook": false,
              "skipped": false
            },
            {
              "title": "TC4.5 : (Country Code: uk): Test results for SKU number query",
              "fullTitle": "Search on US, UK, EU, DE, ES, FR & IT: Desktop TC4.5 : (Country Code: uk): Test results for SKU number query",
              "timedOut": null,
              "duration": 110,
              "state": "failed",
              "speed": null,
              "pass": false,
              "fail": true,
              "pending": false,
              "context": null,
              "code": "cy.visit(Cypress.env('HOST') + '/' + country.countryCode); // Open search panel\ncy.get('.fl-v2-fl-search').should('be.visible').click(); // Get search input and type search query\ncy.get('input[class^=\"SearchBox_search-box\"]').type('PKG-F3-SVC-BASI'); // Get 'Search Results for \"<Search Query>\"' heading and verify that it contains searched query\ncy.get('#search-results > h4').should('be.visible').and('contain', 'PKG-F3-SVC-BASI'); // Test all three main parts of search results: Products, Pages and Blog Posts\ncy.testValidSearchQueryResults(country.countryCode, country.shopURL, country.pagesResultHeading);",
              "err": {
                "message": "CypressError: `cy.visit()` failed trying to load:\n\nundefined/uk\n\nWe failed looking for this file at the path:\n\n/Users/nizangoldstein/Desktop/guillotine/static/formlabs-web/e2e-cypress/undefined/uk\n\nThe internal Cypress web server responded with:\n\n  > 404: Not Found",
                "estack": "CypressError: `cy.visit()` failed trying to load:\n\nundefined/uk\n\nWe failed looking for this file at the path:\n\n/Users/nizangoldstein/Desktop/guillotine/static/formlabs-web/e2e-cypress/undefined/uk\n\nThe internal Cypress web server responded with:\n\n  > 404: Not Found\n    at http://localhost:51210/__cypress/runner/cypress_runner.js:156062:84\n    at visitFailedByErr (http://localhost:51210/__cypress/runner/cypress_runner.js:155437:12)\n    at http://localhost:51210/__cypress/runner/cypress_runner.js:156042:13\n    at tryCatcher (http://localhost:51210/__cypress/runner/cypress_runner.js:13212:23)\n    at Promise._settlePromiseFromHandler (http://localhost:51210/__cypress/runner/cypress_runner.js:11147:31)\n    at Promise._settlePromise (http://localhost:51210/__cypress/runner/cypress_runner.js:11204:18)\n    at Promise._settlePromise0 (http://localhost:51210/__cypress/runner/cypress_runner.js:11249:10)\n    at Promise._settlePromises (http://localhost:51210/__cypress/runner/cypress_runner.js:11325:18)\n    at _drainQueueStep (http://localhost:51210/__cypress/runner/cypress_runner.js:7919:12)\n    at _drainQueue (http://localhost:51210/__cypress/runner/cypress_runner.js:7912:9)\n    at Async.../../node_modules/bluebird/js/release/async.js.Async._drainQueues (http://localhost:51210/__cypress/runner/cypress_runner.js:7928:5)\n    at Async.drainQueues (http://localhost:51210/__cypress/runner/cypress_runner.js:7798:14)\nFrom Your Spec Code:\n    at Context.eval (http://localhost:51210/__cypress/tests?p=cypress/integration/formlabs/search/search_on_site_desktop.js:181:10)",
                "diff": null
              },
              "uuid": "aebb0ba0-63a5-4abd-a651-61dc558db93a",
              "parentUUID": "2074e525-aaee-411a-81e5-b459c03bf6f6",
              "isHook": false,
              "skipped": false
            },
            {
              "title": "TC4.6 : (Country Code: uk): Test results for Gibberish query",
              "fullTitle": "Search on US, UK, EU, DE, ES, FR & IT: Desktop TC4.6 : (Country Code: uk): Test results for Gibberish query",
              "timedOut": null,
              "duration": 88,
              "state": "failed",
              "speed": null,
              "pass": false,
              "fail": true,
              "pending": false,
              "context": null,
              "code": "cy.visit(Cypress.env('HOST') + '/' + country.countryCode); // Open search panel\ncy.get('.fl-v2-fl-search').should('be.visible').click(); // Get search input and type gibberish search query\ncy.get('input[class^=\"SearchBox_search-box\"]').type('agalkjfdglkjal;fsdg'); // Verify that heading 'Search Results for \"<Search Query>\"' does not exist\ncy.get('#search-results > h4').should('not.exist'); // Verify that there are no search results\ncy.get('#search-results').should('not.exist'); // Verify that there is Popular Searches heading and there are 5 popular search terms\ncy.contains('Popular Searches').should('be.visible');\ncy.get('p > button[class^=\"SearchBox_animated\"]').should('have.length', '5').and('be.visible'); // Verify that no result found announcement banner is visible\ncy.get('div[class^=\"Announcement_content\"]').should('contain', country.noResultFoundText); // Verify that \"Reset your search\" button on announcement banner clears the search input field\ncy.get('button').contains(country.resetButtonText).click();\ncy.get('input[class^=\"SearchBox_search-box\"]').invoke('val').should('be.empty');",
              "err": {
                "message": "CypressError: `cy.visit()` failed trying to load:\n\nundefined/uk\n\nWe failed looking for this file at the path:\n\n/Users/nizangoldstein/Desktop/guillotine/static/formlabs-web/e2e-cypress/undefined/uk\n\nThe internal Cypress web server responded with:\n\n  > 404: Not Found",
                "estack": "CypressError: `cy.visit()` failed trying to load:\n\nundefined/uk\n\nWe failed looking for this file at the path:\n\n/Users/nizangoldstein/Desktop/guillotine/static/formlabs-web/e2e-cypress/undefined/uk\n\nThe internal Cypress web server responded with:\n\n  > 404: Not Found\n    at http://localhost:51210/__cypress/runner/cypress_runner.js:156062:84\n    at visitFailedByErr (http://localhost:51210/__cypress/runner/cypress_runner.js:155437:12)\n    at http://localhost:51210/__cypress/runner/cypress_runner.js:156042:13\n    at tryCatcher (http://localhost:51210/__cypress/runner/cypress_runner.js:13212:23)\n    at Promise._settlePromiseFromHandler (http://localhost:51210/__cypress/runner/cypress_runner.js:11147:31)\n    at Promise._settlePromise (http://localhost:51210/__cypress/runner/cypress_runner.js:11204:18)\n    at Promise._settlePromise0 (http://localhost:51210/__cypress/runner/cypress_runner.js:11249:10)\n    at Promise._settlePromises (http://localhost:51210/__cypress/runner/cypress_runner.js:11325:18)\n    at _drainQueueStep (http://localhost:51210/__cypress/runner/cypress_runner.js:7919:12)\n    at _drainQueue (http://localhost:51210/__cypress/runner/cypress_runner.js:7912:9)\n    at Async.../../node_modules/bluebird/js/release/async.js.Async._drainQueues (http://localhost:51210/__cypress/runner/cypress_runner.js:7928:5)\n    at Async.drainQueues (http://localhost:51210/__cypress/runner/cypress_runner.js:7798:14)\nFrom Your Spec Code:\n    at Context.eval (http://localhost:51210/__cypress/tests?p=cypress/integration/formlabs/search/search_on_site_desktop.js:192:10)",
                "diff": null
              },
              "uuid": "c8f403b4-1612-43c1-bfcb-f2c69e0b5227",
              "parentUUID": "2074e525-aaee-411a-81e5-b459c03bf6f6",
              "isHook": false,
              "skipped": false
            },
            {
              "title": "TC4.1 : (Country Code: eu): Tests visibility of different elements on the search panel",
              "fullTitle": "Search on US, UK, EU, DE, ES, FR & IT: Desktop TC4.1 : (Country Code: eu): Tests visibility of different elements on the search panel",
              "timedOut": null,
              "duration": 121,
              "state": "failed",
              "speed": null,
              "pass": false,
              "fail": true,
              "pending": false,
              "context": null,
              "code": "cy.visit(Cypress.env('HOST') + '/' + country.countryCode); // Verify Search icon is visible on navigation bar & click\ncy.get('.fl-v2-fl-search').should('be.visible').click(); // Verify search panel open on search-icon click\ncy.get('div[class^=\"SearchBox_search-bar\"]').should('be.visible').within(() => {\n  // Verify that formlabs logo is visible\n  cy.get('img[alt= \"' + country.logoAlt + '\"]').should('be.visible'); //Verify that search-icon is visible on seaerch bar\n  cy.get('.fl-v2-fl-search').should('be.visible'); // Get search input and verify that it has required placeholder\n  cy.get('input[class^=\"SearchBox_search-box\"]').should('be.visible').should('have.attr', 'placeholder', country.searchBoxPlaceholder); // Verify that “x” icon does not exist for empty search field\n  cy.get('.fl-v2-fl-exit').should('not.exist'); // Get search input, type 3 characters and verify “x” icon appears\n  cy.get('input[class^=\"SearchBox_search-box\"]').type('for');\n  cy.get('.fl-v2-fl-exit').should('be.visible'); // Verify “x” clears search input field\n  cy.get('.fl-v2-fl-exit').click();\n  cy.get('input[class^=\"SearchBox_search-box\"]').invoke('val').should('be.empty');\n}); // Verify that there is Popular Searches heading and there are 5 popular search terms\ncy.contains('Popular Searches').should('be.visible');\ncy.get('p > button[class^=\"SearchBox_animated\"]').should('have.length', '5').and('be.visible'); // Get CANCEL button, should be visible and verify that it closes Search panel\ncy.get('button[class^=\"SearchBox_close\"]').should('be.visible').click();\ncy.get('div[class^=\"SearchBox_search-bar\"]').should('not.exist');",
              "err": {
                "message": "CypressError: `cy.visit()` failed trying to load:\n\nundefined/eu\n\nWe failed looking for this file at the path:\n\n/Users/nizangoldstein/Desktop/guillotine/static/formlabs-web/e2e-cypress/undefined/eu\n\nThe internal Cypress web server responded with:\n\n  > 404: Not Found",
                "estack": "CypressError: `cy.visit()` failed trying to load:\n\nundefined/eu\n\nWe failed looking for this file at the path:\n\n/Users/nizangoldstein/Desktop/guillotine/static/formlabs-web/e2e-cypress/undefined/eu\n\nThe internal Cypress web server responded with:\n\n  > 404: Not Found\n    at http://localhost:51210/__cypress/runner/cypress_runner.js:156062:84\n    at visitFailedByErr (http://localhost:51210/__cypress/runner/cypress_runner.js:155437:12)\n    at http://localhost:51210/__cypress/runner/cypress_runner.js:156042:13\n    at tryCatcher (http://localhost:51210/__cypress/runner/cypress_runner.js:13212:23)\n    at Promise._settlePromiseFromHandler (http://localhost:51210/__cypress/runner/cypress_runner.js:11147:31)\n    at Promise._settlePromise (http://localhost:51210/__cypress/runner/cypress_runner.js:11204:18)\n    at Promise._settlePromise0 (http://localhost:51210/__cypress/runner/cypress_runner.js:11249:10)\n    at Promise._settlePromises (http://localhost:51210/__cypress/runner/cypress_runner.js:11325:18)\n    at _drainQueueStep (http://localhost:51210/__cypress/runner/cypress_runner.js:7919:12)\n    at _drainQueue (http://localhost:51210/__cypress/runner/cypress_runner.js:7912:9)\n    at Async.../../node_modules/bluebird/js/release/async.js.Async._drainQueues (http://localhost:51210/__cypress/runner/cypress_runner.js:7928:5)\n    at Async.drainQueues (http://localhost:51210/__cypress/runner/cypress_runner.js:7798:14)\nFrom Your Spec Code:\n    at Context.eval (http://localhost:51210/__cypress/tests?p=cypress/integration/formlabs/search/search_on_site_desktop.js:115:10)",
                "diff": null
              },
              "uuid": "70c6e440-fafa-47f6-bef3-f12e5226559b",
              "parentUUID": "2074e525-aaee-411a-81e5-b459c03bf6f6",
              "isHook": false,
              "skipped": false
            },
            {
              "title": "TC4.2 : (Country Code: eu): Test popular searches populate search input field",
              "fullTitle": "Search on US, UK, EU, DE, ES, FR & IT: Desktop TC4.2 : (Country Code: eu): Test popular searches populate search input field",
              "timedOut": null,
              "duration": 97,
              "state": "failed",
              "speed": null,
              "pass": false,
              "fail": true,
              "pending": false,
              "context": null,
              "code": "cy.visit(Cypress.env('HOST') + '/' + country.countryCode); // Open search panel\ncy.get('.fl-v2-fl-search').click(); // Get popular search terms and select/click second term\ncy.get('p > button[class^=\"SearchBox_animated\"]').eq(1).click().invoke('text').then(searchQuery => {\n  // Verify that search input value has been updated with the selected term\n  cy.get('input[class^=\"SearchBox_search-box\"]').invoke('val').should('eq', searchQuery); // Verify that heading 'Search Results for \"<Search Query>\"' contain selected term\n  cy.get('#search-results > h4').should('be.visible').and('contain', searchQuery);\n}); // Test all three main parts of search results: Products, Pages and Blog Posts\ncy.testValidSearchQueryResults(country.countryCode, country.shopURL, country.pagesResultHeading);",
              "err": {
                "message": "CypressError: `cy.visit()` failed trying to load:\n\nundefined/eu\n\nWe failed looking for this file at the path:\n\n/Users/nizangoldstein/Desktop/guillotine/static/formlabs-web/e2e-cypress/undefined/eu\n\nThe internal Cypress web server responded with:\n\n  > 404: Not Found",
                "estack": "CypressError: `cy.visit()` failed trying to load:\n\nundefined/eu\n\nWe failed looking for this file at the path:\n\n/Users/nizangoldstein/Desktop/guillotine/static/formlabs-web/e2e-cypress/undefined/eu\n\nThe internal Cypress web server responded with:\n\n  > 404: Not Found\n    at http://localhost:51210/__cypress/runner/cypress_runner.js:156062:84\n    at visitFailedByErr (http://localhost:51210/__cypress/runner/cypress_runner.js:155437:12)\n    at http://localhost:51210/__cypress/runner/cypress_runner.js:156042:13\n    at tryCatcher (http://localhost:51210/__cypress/runner/cypress_runner.js:13212:23)\n    at Promise._settlePromiseFromHandler (http://localhost:51210/__cypress/runner/cypress_runner.js:11147:31)\n    at Promise._settlePromise (http://localhost:51210/__cypress/runner/cypress_runner.js:11204:18)\n    at Promise._settlePromise0 (http://localhost:51210/__cypress/runner/cypress_runner.js:11249:10)\n    at Promise._settlePromises (http://localhost:51210/__cypress/runner/cypress_runner.js:11325:18)\n    at _drainQueueStep (http://localhost:51210/__cypress/runner/cypress_runner.js:7919:12)\n    at _drainQueue (http://localhost:51210/__cypress/runner/cypress_runner.js:7912:9)\n    at Async.../../node_modules/bluebird/js/release/async.js.Async._drainQueues (http://localhost:51210/__cypress/runner/cypress_runner.js:7928:5)\n    at Async.drainQueues (http://localhost:51210/__cypress/runner/cypress_runner.js:7798:14)\nFrom Your Spec Code:\n    at Context.eval (http://localhost:51210/__cypress/tests?p=cypress/integration/formlabs/search/search_on_site_desktop.js:143:10)",
                "diff": null
              },
              "uuid": "4fae6bd9-1dcc-451b-91bf-e06a245ac182",
              "parentUUID": "2074e525-aaee-411a-81e5-b459c03bf6f6",
              "isHook": false,
              "skipped": false
            },
            {
              "title": "TC4.3 : (Country Code: eu): Test search closes when navigating to a result",
              "fullTitle": "Search on US, UK, EU, DE, ES, FR & IT: Desktop TC4.3 : (Country Code: eu): Test search closes when navigating to a result",
              "timedOut": null,
              "duration": 105,
              "state": "failed",
              "speed": null,
              "pass": false,
              "fail": true,
              "pending": false,
              "context": null,
              "code": "cy.visit(Cypress.env('HOST') + '/' + country.countryCode); // Open search panel\ncy.get('.fl-v2-fl-search').should('be.visible').click(); // Get search input, type search query\ncy.get('input[class^=\"SearchBox_search-box\"]').type('Form 3'); // Get search results and navigate to first result from pages\ncy.get('#search-results').siblings('div').eq(1).find('h5[class^=\"Header_headerText\"]').eq(0).click(); // Verify search box is closed when navigating to the result\ncy.wait(1000);\ncy.url().should('not.include', '/?search=');\ncy.get('div[class^=\"SearchBox_search-box\"]').should('not.exist');",
              "err": {
                "message": "CypressError: `cy.visit()` failed trying to load:\n\nundefined/eu\n\nWe failed looking for this file at the path:\n\n/Users/nizangoldstein/Desktop/guillotine/static/formlabs-web/e2e-cypress/undefined/eu\n\nThe internal Cypress web server responded with:\n\n  > 404: Not Found",
                "estack": "CypressError: `cy.visit()` failed trying to load:\n\nundefined/eu\n\nWe failed looking for this file at the path:\n\n/Users/nizangoldstein/Desktop/guillotine/static/formlabs-web/e2e-cypress/undefined/eu\n\nThe internal Cypress web server responded with:\n\n  > 404: Not Found\n    at http://localhost:51210/__cypress/runner/cypress_runner.js:156062:84\n    at visitFailedByErr (http://localhost:51210/__cypress/runner/cypress_runner.js:155437:12)\n    at http://localhost:51210/__cypress/runner/cypress_runner.js:156042:13\n    at tryCatcher (http://localhost:51210/__cypress/runner/cypress_runner.js:13212:23)\n    at Promise._settlePromiseFromHandler (http://localhost:51210/__cypress/runner/cypress_runner.js:11147:31)\n    at Promise._settlePromise (http://localhost:51210/__cypress/runner/cypress_runner.js:11204:18)\n    at Promise._settlePromise0 (http://localhost:51210/__cypress/runner/cypress_runner.js:11249:10)\n    at Promise._settlePromises (http://localhost:51210/__cypress/runner/cypress_runner.js:11325:18)\n    at _drainQueueStep (http://localhost:51210/__cypress/runner/cypress_runner.js:7919:12)\n    at _drainQueue (http://localhost:51210/__cypress/runner/cypress_runner.js:7912:9)\n    at Async.../../node_modules/bluebird/js/release/async.js.Async._drainQueues (http://localhost:51210/__cypress/runner/cypress_runner.js:7928:5)\n    at Async.drainQueues (http://localhost:51210/__cypress/runner/cypress_runner.js:7798:14)\nFrom Your Spec Code:\n    at Context.eval (http://localhost:51210/__cypress/tests?p=cypress/integration/formlabs/search/search_on_site_desktop.js:157:10)",
                "diff": null
              },
              "uuid": "1aaba940-4b4c-4b24-823d-16305c961762",
              "parentUUID": "2074e525-aaee-411a-81e5-b459c03bf6f6",
              "isHook": false,
              "skipped": false
            },
            {
              "title": "TC4.4 : (Country Code: eu): Test search results for \"Form 3\" query",
              "fullTitle": "Search on US, UK, EU, DE, ES, FR & IT: Desktop TC4.4 : (Country Code: eu): Test search results for \"Form 3\" query",
              "timedOut": null,
              "duration": 115,
              "state": "failed",
              "speed": null,
              "pass": false,
              "fail": true,
              "pending": false,
              "context": null,
              "code": "cy.visit(Cypress.env('HOST') + '/' + country.countryCode); // Open search panel\ncy.get('.fl-v2-fl-search').click(); // Get search input and type search query\ncy.get('input[class^=\"SearchBox_search-box\"]').type('Form 3'); // Get 'Search Results for \"<Search Query>\"' heading and verify that it contains searched query\ncy.get('#search-results > h4').should('be.visible').and('contain', 'Form 3'); // Test all three main parts of search results: Products, Pages and Blog Posts\ncy.testValidSearchQueryResults(country.countryCode, country.shopURL, country.pagesResultHeading);",
              "err": {
                "message": "CypressError: `cy.visit()` failed trying to load:\n\nundefined/eu\n\nWe failed looking for this file at the path:\n\n/Users/nizangoldstein/Desktop/guillotine/static/formlabs-web/e2e-cypress/undefined/eu\n\nThe internal Cypress web server responded with:\n\n  > 404: Not Found",
                "estack": "CypressError: `cy.visit()` failed trying to load:\n\nundefined/eu\n\nWe failed looking for this file at the path:\n\n/Users/nizangoldstein/Desktop/guillotine/static/formlabs-web/e2e-cypress/undefined/eu\n\nThe internal Cypress web server responded with:\n\n  > 404: Not Found\n    at http://localhost:51210/__cypress/runner/cypress_runner.js:156062:84\n    at visitFailedByErr (http://localhost:51210/__cypress/runner/cypress_runner.js:155437:12)\n    at http://localhost:51210/__cypress/runner/cypress_runner.js:156042:13\n    at tryCatcher (http://localhost:51210/__cypress/runner/cypress_runner.js:13212:23)\n    at Promise._settlePromiseFromHandler (http://localhost:51210/__cypress/runner/cypress_runner.js:11147:31)\n    at Promise._settlePromise (http://localhost:51210/__cypress/runner/cypress_runner.js:11204:18)\n    at Promise._settlePromise0 (http://localhost:51210/__cypress/runner/cypress_runner.js:11249:10)\n    at Promise._settlePromises (http://localhost:51210/__cypress/runner/cypress_runner.js:11325:18)\n    at _drainQueueStep (http://localhost:51210/__cypress/runner/cypress_runner.js:7919:12)\n    at _drainQueue (http://localhost:51210/__cypress/runner/cypress_runner.js:7912:9)\n    at Async.../../node_modules/bluebird/js/release/async.js.Async._drainQueues (http://localhost:51210/__cypress/runner/cypress_runner.js:7928:5)\n    at Async.drainQueues (http://localhost:51210/__cypress/runner/cypress_runner.js:7798:14)\nFrom Your Spec Code:\n    at Context.eval (http://localhost:51210/__cypress/tests?p=cypress/integration/formlabs/search/search_on_site_desktop.js:170:10)",
                "diff": null
              },
              "uuid": "3e31e894-3b02-4dab-9267-bc1bf3955916",
              "parentUUID": "2074e525-aaee-411a-81e5-b459c03bf6f6",
              "isHook": false,
              "skipped": false
            },
            {
              "title": "TC4.5 : (Country Code: eu): Test results for SKU number query",
              "fullTitle": "Search on US, UK, EU, DE, ES, FR & IT: Desktop TC4.5 : (Country Code: eu): Test results for SKU number query",
              "timedOut": null,
              "duration": 119,
              "state": "failed",
              "speed": null,
              "pass": false,
              "fail": true,
              "pending": false,
              "context": null,
              "code": "cy.visit(Cypress.env('HOST') + '/' + country.countryCode); // Open search panel\ncy.get('.fl-v2-fl-search').should('be.visible').click(); // Get search input and type search query\ncy.get('input[class^=\"SearchBox_search-box\"]').type('PKG-F3-SVC-BASI'); // Get 'Search Results for \"<Search Query>\"' heading and verify that it contains searched query\ncy.get('#search-results > h4').should('be.visible').and('contain', 'PKG-F3-SVC-BASI'); // Test all three main parts of search results: Products, Pages and Blog Posts\ncy.testValidSearchQueryResults(country.countryCode, country.shopURL, country.pagesResultHeading);",
              "err": {
                "message": "CypressError: `cy.visit()` failed trying to load:\n\nundefined/eu\n\nWe failed looking for this file at the path:\n\n/Users/nizangoldstein/Desktop/guillotine/static/formlabs-web/e2e-cypress/undefined/eu\n\nThe internal Cypress web server responded with:\n\n  > 404: Not Found",
                "estack": "CypressError: `cy.visit()` failed trying to load:\n\nundefined/eu\n\nWe failed looking for this file at the path:\n\n/Users/nizangoldstein/Desktop/guillotine/static/formlabs-web/e2e-cypress/undefined/eu\n\nThe internal Cypress web server responded with:\n\n  > 404: Not Found\n    at http://localhost:51210/__cypress/runner/cypress_runner.js:156062:84\n    at visitFailedByErr (http://localhost:51210/__cypress/runner/cypress_runner.js:155437:12)\n    at http://localhost:51210/__cypress/runner/cypress_runner.js:156042:13\n    at tryCatcher (http://localhost:51210/__cypress/runner/cypress_runner.js:13212:23)\n    at Promise._settlePromiseFromHandler (http://localhost:51210/__cypress/runner/cypress_runner.js:11147:31)\n    at Promise._settlePromise (http://localhost:51210/__cypress/runner/cypress_runner.js:11204:18)\n    at Promise._settlePromise0 (http://localhost:51210/__cypress/runner/cypress_runner.js:11249:10)\n    at Promise._settlePromises (http://localhost:51210/__cypress/runner/cypress_runner.js:11325:18)\n    at _drainQueueStep (http://localhost:51210/__cypress/runner/cypress_runner.js:7919:12)\n    at _drainQueue (http://localhost:51210/__cypress/runner/cypress_runner.js:7912:9)\n    at Async.../../node_modules/bluebird/js/release/async.js.Async._drainQueues (http://localhost:51210/__cypress/runner/cypress_runner.js:7928:5)\n    at Async.drainQueues (http://localhost:51210/__cypress/runner/cypress_runner.js:7798:14)\nFrom Your Spec Code:\n    at Context.eval (http://localhost:51210/__cypress/tests?p=cypress/integration/formlabs/search/search_on_site_desktop.js:181:10)",
                "diff": null
              },
              "uuid": "289d2292-cd9e-4bf9-86ec-7510a734aa8e",
              "parentUUID": "2074e525-aaee-411a-81e5-b459c03bf6f6",
              "isHook": false,
              "skipped": false
            },
            {
              "title": "TC4.6 : (Country Code: eu): Test results for Gibberish query",
              "fullTitle": "Search on US, UK, EU, DE, ES, FR & IT: Desktop TC4.6 : (Country Code: eu): Test results for Gibberish query",
              "timedOut": null,
              "duration": 107,
              "state": "failed",
              "speed": null,
              "pass": false,
              "fail": true,
              "pending": false,
              "context": null,
              "code": "cy.visit(Cypress.env('HOST') + '/' + country.countryCode); // Open search panel\ncy.get('.fl-v2-fl-search').should('be.visible').click(); // Get search input and type gibberish search query\ncy.get('input[class^=\"SearchBox_search-box\"]').type('agalkjfdglkjal;fsdg'); // Verify that heading 'Search Results for \"<Search Query>\"' does not exist\ncy.get('#search-results > h4').should('not.exist'); // Verify that there are no search results\ncy.get('#search-results').should('not.exist'); // Verify that there is Popular Searches heading and there are 5 popular search terms\ncy.contains('Popular Searches').should('be.visible');\ncy.get('p > button[class^=\"SearchBox_animated\"]').should('have.length', '5').and('be.visible'); // Verify that no result found announcement banner is visible\ncy.get('div[class^=\"Announcement_content\"]').should('contain', country.noResultFoundText); // Verify that \"Reset your search\" button on announcement banner clears the search input field\ncy.get('button').contains(country.resetButtonText).click();\ncy.get('input[class^=\"SearchBox_search-box\"]').invoke('val').should('be.empty');",
              "err": {
                "message": "CypressError: `cy.visit()` failed trying to load:\n\nundefined/eu\n\nWe failed looking for this file at the path:\n\n/Users/nizangoldstein/Desktop/guillotine/static/formlabs-web/e2e-cypress/undefined/eu\n\nThe internal Cypress web server responded with:\n\n  > 404: Not Found",
                "estack": "CypressError: `cy.visit()` failed trying to load:\n\nundefined/eu\n\nWe failed looking for this file at the path:\n\n/Users/nizangoldstein/Desktop/guillotine/static/formlabs-web/e2e-cypress/undefined/eu\n\nThe internal Cypress web server responded with:\n\n  > 404: Not Found\n    at http://localhost:51210/__cypress/runner/cypress_runner.js:156062:84\n    at visitFailedByErr (http://localhost:51210/__cypress/runner/cypress_runner.js:155437:12)\n    at http://localhost:51210/__cypress/runner/cypress_runner.js:156042:13\n    at tryCatcher (http://localhost:51210/__cypress/runner/cypress_runner.js:13212:23)\n    at Promise._settlePromiseFromHandler (http://localhost:51210/__cypress/runner/cypress_runner.js:11147:31)\n    at Promise._settlePromise (http://localhost:51210/__cypress/runner/cypress_runner.js:11204:18)\n    at Promise._settlePromise0 (http://localhost:51210/__cypress/runner/cypress_runner.js:11249:10)\n    at Promise._settlePromises (http://localhost:51210/__cypress/runner/cypress_runner.js:11325:18)\n    at _drainQueueStep (http://localhost:51210/__cypress/runner/cypress_runner.js:7919:12)\n    at _drainQueue (http://localhost:51210/__cypress/runner/cypress_runner.js:7912:9)\n    at Async.../../node_modules/bluebird/js/release/async.js.Async._drainQueues (http://localhost:51210/__cypress/runner/cypress_runner.js:7928:5)\n    at Async.drainQueues (http://localhost:51210/__cypress/runner/cypress_runner.js:7798:14)\nFrom Your Spec Code:\n    at Context.eval (http://localhost:51210/__cypress/tests?p=cypress/integration/formlabs/search/search_on_site_desktop.js:192:10)",
                "diff": null
              },
              "uuid": "772d5476-82ca-405f-9d6e-f0c77a425833",
              "parentUUID": "2074e525-aaee-411a-81e5-b459c03bf6f6",
              "isHook": false,
              "skipped": false
            },
            {
              "title": "TC4.1 : (Country Code: de): Tests visibility of different elements on the search panel",
              "fullTitle": "Search on US, UK, EU, DE, ES, FR & IT: Desktop TC4.1 : (Country Code: de): Tests visibility of different elements on the search panel",
              "timedOut": null,
              "duration": 118,
              "state": "failed",
              "speed": null,
              "pass": false,
              "fail": true,
              "pending": false,
              "context": null,
              "code": "cy.visit(Cypress.env('HOST') + '/' + country.countryCode); // Verify Search icon is visible on navigation bar & click\ncy.get('.fl-v2-fl-search').should('be.visible').click(); // Verify search panel open on search-icon click\ncy.get('div[class^=\"SearchBox_search-bar\"]').should('be.visible').within(() => {\n  // Verify that formlabs logo is visible\n  cy.get('img[alt= \"' + country.logoAlt + '\"]').should('be.visible'); //Verify that search-icon is visible on seaerch bar\n  cy.get('.fl-v2-fl-search').should('be.visible'); // Get search input and verify that it has required placeholder\n  cy.get('input[class^=\"SearchBox_search-box\"]').should('be.visible').should('have.attr', 'placeholder', country.searchBoxPlaceholder); // Verify that “x” icon does not exist for empty search field\n  cy.get('.fl-v2-fl-exit').should('not.exist'); // Get search input, type 3 characters and verify “x” icon appears\n  cy.get('input[class^=\"SearchBox_search-box\"]').type('for');\n  cy.get('.fl-v2-fl-exit').should('be.visible'); // Verify “x” clears search input field\n  cy.get('.fl-v2-fl-exit').click();\n  cy.get('input[class^=\"SearchBox_search-box\"]').invoke('val').should('be.empty');\n}); // Verify that there is Popular Searches heading and there are 5 popular search terms\ncy.contains('Popular Searches').should('be.visible');\ncy.get('p > button[class^=\"SearchBox_animated\"]').should('have.length', '5').and('be.visible'); // Get CANCEL button, should be visible and verify that it closes Search panel\ncy.get('button[class^=\"SearchBox_close\"]').should('be.visible').click();\ncy.get('div[class^=\"SearchBox_search-bar\"]').should('not.exist');",
              "err": {
                "message": "CypressError: `cy.visit()` failed trying to load:\n\nundefined/de\n\nWe failed looking for this file at the path:\n\n/Users/nizangoldstein/Desktop/guillotine/static/formlabs-web/e2e-cypress/undefined/de\n\nThe internal Cypress web server responded with:\n\n  > 404: Not Found",
                "estack": "CypressError: `cy.visit()` failed trying to load:\n\nundefined/de\n\nWe failed looking for this file at the path:\n\n/Users/nizangoldstein/Desktop/guillotine/static/formlabs-web/e2e-cypress/undefined/de\n\nThe internal Cypress web server responded with:\n\n  > 404: Not Found\n    at http://localhost:51210/__cypress/runner/cypress_runner.js:156062:84\n    at visitFailedByErr (http://localhost:51210/__cypress/runner/cypress_runner.js:155437:12)\n    at http://localhost:51210/__cypress/runner/cypress_runner.js:156042:13\n    at tryCatcher (http://localhost:51210/__cypress/runner/cypress_runner.js:13212:23)\n    at Promise._settlePromiseFromHandler (http://localhost:51210/__cypress/runner/cypress_runner.js:11147:31)\n    at Promise._settlePromise (http://localhost:51210/__cypress/runner/cypress_runner.js:11204:18)\n    at Promise._settlePromise0 (http://localhost:51210/__cypress/runner/cypress_runner.js:11249:10)\n    at Promise._settlePromises (http://localhost:51210/__cypress/runner/cypress_runner.js:11325:18)\n    at _drainQueueStep (http://localhost:51210/__cypress/runner/cypress_runner.js:7919:12)\n    at _drainQueue (http://localhost:51210/__cypress/runner/cypress_runner.js:7912:9)\n    at Async.../../node_modules/bluebird/js/release/async.js.Async._drainQueues (http://localhost:51210/__cypress/runner/cypress_runner.js:7928:5)\n    at Async.drainQueues (http://localhost:51210/__cypress/runner/cypress_runner.js:7798:14)\nFrom Your Spec Code:\n    at Context.eval (http://localhost:51210/__cypress/tests?p=cypress/integration/formlabs/search/search_on_site_desktop.js:115:10)",
                "diff": null
              },
              "uuid": "13b94764-1d02-4713-b7ad-f2b23ed0b8fc",
              "parentUUID": "2074e525-aaee-411a-81e5-b459c03bf6f6",
              "isHook": false,
              "skipped": false
            },
            {
              "title": "TC4.2 : (Country Code: de): Test popular searches populate search input field",
              "fullTitle": "Search on US, UK, EU, DE, ES, FR & IT: Desktop TC4.2 : (Country Code: de): Test popular searches populate search input field",
              "timedOut": null,
              "duration": 129,
              "state": "failed",
              "speed": null,
              "pass": false,
              "fail": true,
              "pending": false,
              "context": null,
              "code": "cy.visit(Cypress.env('HOST') + '/' + country.countryCode); // Open search panel\ncy.get('.fl-v2-fl-search').click(); // Get popular search terms and select/click second term\ncy.get('p > button[class^=\"SearchBox_animated\"]').eq(1).click().invoke('text').then(searchQuery => {\n  // Verify that search input value has been updated with the selected term\n  cy.get('input[class^=\"SearchBox_search-box\"]').invoke('val').should('eq', searchQuery); // Verify that heading 'Search Results for \"<Search Query>\"' contain selected term\n  cy.get('#search-results > h4').should('be.visible').and('contain', searchQuery);\n}); // Test all three main parts of search results: Products, Pages and Blog Posts\ncy.testValidSearchQueryResults(country.countryCode, country.shopURL, country.pagesResultHeading);",
              "err": {
                "message": "CypressError: `cy.visit()` failed trying to load:\n\nundefined/de\n\nWe failed looking for this file at the path:\n\n/Users/nizangoldstein/Desktop/guillotine/static/formlabs-web/e2e-cypress/undefined/de\n\nThe internal Cypress web server responded with:\n\n  > 404: Not Found",
                "estack": "CypressError: `cy.visit()` failed trying to load:\n\nundefined/de\n\nWe failed looking for this file at the path:\n\n/Users/nizangoldstein/Desktop/guillotine/static/formlabs-web/e2e-cypress/undefined/de\n\nThe internal Cypress web server responded with:\n\n  > 404: Not Found\n    at http://localhost:51210/__cypress/runner/cypress_runner.js:156062:84\n    at visitFailedByErr (http://localhost:51210/__cypress/runner/cypress_runner.js:155437:12)\n    at http://localhost:51210/__cypress/runner/cypress_runner.js:156042:13\n    at tryCatcher (http://localhost:51210/__cypress/runner/cypress_runner.js:13212:23)\n    at Promise._settlePromiseFromHandler (http://localhost:51210/__cypress/runner/cypress_runner.js:11147:31)\n    at Promise._settlePromise (http://localhost:51210/__cypress/runner/cypress_runner.js:11204:18)\n    at Promise._settlePromise0 (http://localhost:51210/__cypress/runner/cypress_runner.js:11249:10)\n    at Promise._settlePromises (http://localhost:51210/__cypress/runner/cypress_runner.js:11325:18)\n    at _drainQueueStep (http://localhost:51210/__cypress/runner/cypress_runner.js:7919:12)\n    at _drainQueue (http://localhost:51210/__cypress/runner/cypress_runner.js:7912:9)\n    at Async.../../node_modules/bluebird/js/release/async.js.Async._drainQueues (http://localhost:51210/__cypress/runner/cypress_runner.js:7928:5)\n    at Async.drainQueues (http://localhost:51210/__cypress/runner/cypress_runner.js:7798:14)\nFrom Your Spec Code:\n    at Context.eval (http://localhost:51210/__cypress/tests?p=cypress/integration/formlabs/search/search_on_site_desktop.js:143:10)",
                "diff": null
              },
              "uuid": "72930b47-a37a-47f0-a737-ddd645aa5165",
              "parentUUID": "2074e525-aaee-411a-81e5-b459c03bf6f6",
              "isHook": false,
              "skipped": false
            },
            {
              "title": "TC4.3 : (Country Code: de): Test search closes when navigating to a result",
              "fullTitle": "Search on US, UK, EU, DE, ES, FR & IT: Desktop TC4.3 : (Country Code: de): Test search closes when navigating to a result",
              "timedOut": null,
              "duration": 180,
              "state": "failed",
              "speed": null,
              "pass": false,
              "fail": true,
              "pending": false,
              "context": null,
              "code": "cy.visit(Cypress.env('HOST') + '/' + country.countryCode); // Open search panel\ncy.get('.fl-v2-fl-search').should('be.visible').click(); // Get search input, type search query\ncy.get('input[class^=\"SearchBox_search-box\"]').type('Form 3'); // Get search results and navigate to first result from pages\ncy.get('#search-results').siblings('div').eq(1).find('h5[class^=\"Header_headerText\"]').eq(0).click(); // Verify search box is closed when navigating to the result\ncy.wait(1000);\ncy.url().should('not.include', '/?search=');\ncy.get('div[class^=\"SearchBox_search-box\"]').should('not.exist');",
              "err": {
                "message": "CypressError: `cy.visit()` failed trying to load:\n\nundefined/de\n\nWe failed looking for this file at the path:\n\n/Users/nizangoldstein/Desktop/guillotine/static/formlabs-web/e2e-cypress/undefined/de\n\nThe internal Cypress web server responded with:\n\n  > 404: Not Found",
                "estack": "CypressError: `cy.visit()` failed trying to load:\n\nundefined/de\n\nWe failed looking for this file at the path:\n\n/Users/nizangoldstein/Desktop/guillotine/static/formlabs-web/e2e-cypress/undefined/de\n\nThe internal Cypress web server responded with:\n\n  > 404: Not Found\n    at http://localhost:51210/__cypress/runner/cypress_runner.js:156062:84\n    at visitFailedByErr (http://localhost:51210/__cypress/runner/cypress_runner.js:155437:12)\n    at http://localhost:51210/__cypress/runner/cypress_runner.js:156042:13\n    at tryCatcher (http://localhost:51210/__cypress/runner/cypress_runner.js:13212:23)\n    at Promise._settlePromiseFromHandler (http://localhost:51210/__cypress/runner/cypress_runner.js:11147:31)\n    at Promise._settlePromise (http://localhost:51210/__cypress/runner/cypress_runner.js:11204:18)\n    at Promise._settlePromise0 (http://localhost:51210/__cypress/runner/cypress_runner.js:11249:10)\n    at Promise._settlePromises (http://localhost:51210/__cypress/runner/cypress_runner.js:11325:18)\n    at _drainQueueStep (http://localhost:51210/__cypress/runner/cypress_runner.js:7919:12)\n    at _drainQueue (http://localhost:51210/__cypress/runner/cypress_runner.js:7912:9)\n    at Async.../../node_modules/bluebird/js/release/async.js.Async._drainQueues (http://localhost:51210/__cypress/runner/cypress_runner.js:7928:5)\n    at Async.drainQueues (http://localhost:51210/__cypress/runner/cypress_runner.js:7798:14)\nFrom Your Spec Code:\n    at Context.eval (http://localhost:51210/__cypress/tests?p=cypress/integration/formlabs/search/search_on_site_desktop.js:157:10)",
                "diff": null
              },
              "uuid": "4a3a5073-83ac-4cd6-8321-572b12b9bde0",
              "parentUUID": "2074e525-aaee-411a-81e5-b459c03bf6f6",
              "isHook": false,
              "skipped": false
            },
            {
              "title": "TC4.4 : (Country Code: de): Test search results for \"Form 3\" query",
              "fullTitle": "Search on US, UK, EU, DE, ES, FR & IT: Desktop TC4.4 : (Country Code: de): Test search results for \"Form 3\" query",
              "timedOut": null,
              "duration": 135,
              "state": "failed",
              "speed": null,
              "pass": false,
              "fail": true,
              "pending": false,
              "context": null,
              "code": "cy.visit(Cypress.env('HOST') + '/' + country.countryCode); // Open search panel\ncy.get('.fl-v2-fl-search').click(); // Get search input and type search query\ncy.get('input[class^=\"SearchBox_search-box\"]').type('Form 3'); // Get 'Search Results for \"<Search Query>\"' heading and verify that it contains searched query\ncy.get('#search-results > h4').should('be.visible').and('contain', 'Form 3'); // Test all three main parts of search results: Products, Pages and Blog Posts\ncy.testValidSearchQueryResults(country.countryCode, country.shopURL, country.pagesResultHeading);",
              "err": {
                "message": "CypressError: `cy.visit()` failed trying to load:\n\nundefined/de\n\nWe failed looking for this file at the path:\n\n/Users/nizangoldstein/Desktop/guillotine/static/formlabs-web/e2e-cypress/undefined/de\n\nThe internal Cypress web server responded with:\n\n  > 404: Not Found",
[...]
              "err": {
                "message": "CypressError: `cy.visit()` failed trying to load:\n\nundefined/it\n\nWe failed looking for this file at the path:\n\n/Users/nizangoldstein/Desktop/guillotine/static/formlabs-web/e2e-cypress/undefined/it\n\nThe internal Cypress web server responded with:\n\n  > 404: Not Found",
                "estack": "CypressError: `cy.visit()` failed trying to load:\n\nundefined/it\n\nWe failed looking for this file at the path:\n\n/Users/nizangoldstein/Desktop/guillotine/static/formlabs-web/e2e-cypress/undefined/it\n\nThe internal Cypress web server responded with:\n\n  > 404: Not Found\n    at http://localhost:51210/__cypress/runner/cypress_runner.js:156062:84\n    at visitFailedByErr (http://localhost:51210/__cypress/runner/cypress_runner.js:155437:12)\n    at http://localhost:51210/__cypress/runner/cypress_runner.js:156042:13\n    at tryCatcher (http://localhost:51210/__cypress/runner/cypress_runner.js:13212:23)\n    at Promise._settlePromiseFromHandler (http://localhost:51210/__cypress/runner/cypress_runner.js:11147:31)\n    at Promise._settlePromise (http://localhost:51210/__cypress/runner/cypress_runner.js:11204:18)\n    at Promise._settlePromise0 (http://localhost:51210/__cypress/runner/cypress_runner.js:11249:10)\n    at Promise._settlePromises (http://localhost:51210/__cypress/runner/cypress_runner.js:11325:18)\n    at _drainQueueStep (http://localhost:51210/__cypress/runner/cypress_runner.js:7919:12)\n    at _drainQueue (http://localhost:51210/__cypress/runner/cypress_runner.js:7912:9)\n    at Async.../../node_modules/bluebird/js/release/async.js.Async._drainQueues (http://localhost:51210/__cypress/runner/cypress_runner.js:7928:5)\n    at Async.drainQueues (http://localhost:51210/__cypress/runner/cypress_runner.js:7798:14)\nFrom Your Spec Code:\n    at Context.eval (http://localhost:51210/__cypress/tests?p=cypress/integration/formlabs/search/search_on_site_desktop.js:143:10)",
                "diff": null
              },
              "uuid": "d9eea21e-d580-4ec9-82e2-8dd8d1040c1a",
              "parentUUID": "2074e525-aaee-411a-81e5-b459c03bf6f6",
              "isHook": false,
              "skipped": false
            },
            {
              "title": "TC4.3 : (Country Code: it): Test search closes when navigating to a result",
              "fullTitle": "Search on US, UK, EU, DE, ES, FR & IT: Desktop TC4.3 : (Country Code: it): Test search closes when navigating to a result",
              "timedOut": null,
              "duration": 188,
              "state": "failed",
              "speed": null,
              "pass": false,
              "fail": true,
              "pending": false,
              "context": null,
              "code": "cy.visit(Cypress.env('HOST') + '/' + country.countryCode); // Open search panel\ncy.get('.fl-v2-fl-search').should('be.visible').click(); // Get search input, type search query\ncy.get('input[class^=\"SearchBox_search-box\"]').type('Form 3'); // Get search results and navigate to first result from pages\ncy.get('#search-results').siblings('div').eq(1).find('h5[class^=\"Header_headerText\"]').eq(0).click(); // Verify search box is closed when navigating to the result\ncy.wait(1000);\ncy.url().should('not.include', '/?search=');\ncy.get('div[class^=\"SearchBox_search-box\"]').should('not.exist');",
              "err": {
                "message": "CypressError: `cy.visit()` failed trying to load:\n\nundefined/it\n\nWe failed looking for this file at the path:\n\n/Users/nizangoldstein/Desktop/guillotine/static/formlabs-web/e2e-cypress/undefined/it\n\nThe internal Cypress web server responded with:\n\n  > 404: Not Found",
                "estack": "CypressError: `cy.visit()` failed trying to load:\n\nundefined/it\n\nWe failed looking for this file at the path:\n\n/Users/nizangoldstein/Desktop/guillotine/static/formlabs-web/e2e-cypress/undefined/it\n\nThe internal Cypress web server responded with:\n\n  > 404: Not Found\n    at http://localhost:51210/__cypress/runner/cypress_runner.js:156062:84\n    at visitFailedByErr (http://localhost:51210/__cypress/runner/cypress_runner.js:155437:12)\n    at http://localhost:51210/__cypress/runner/cypress_runner.js:156042:13\n    at tryCatcher (http://localhost:51210/__cypress/runner/cypress_runner.js:13212:23)\n    at Promise._settlePromiseFromHandler (http://localhost:51210/__cypress/runner/cypress_runner.js:11147:31)\n    at Promise._settlePromise (http://localhost:51210/__cypress/runner/cypress_runner.js:11204:18)\n    at Promise._settlePromise0 (http://localhost:51210/__cypress/runner/cypress_runner.js:11249:10)\n    at Promise._settlePromises (http://localhost:51210/__cypress/runner/cypress_runner.js:11325:18)\n    at _drainQueueStep (http://localhost:51210/__cypress/runner/cypress_runner.js:7919:12)\n    at _drainQueue (http://localhost:51210/__cypress/runner/cypress_runner.js:7912:9)\n    at Async.../../node_modules/bluebird/js/release/async.js.Async._drainQueues (http://localhost:51210/__cypress/runner/cypress_runner.js:7928:5)\n    at Async.drainQueues (http://localhost:51210/__cypress/runner/cypress_runner.js:7798:14)\nFrom Your Spec Code:\n    at Context.eval (http://localhost:51210/__cypress/tests?p=cypress/integration/formlabs/search/search_on_site_desktop.js:157:10)",
                "diff": null
              },
              "uuid": "b745f2e7-b7aa-4e0d-833d-c23045eb66de",
              "parentUUID": "2074e525-aaee-411a-81e5-b459c03bf6f6",
              "isHook": false,
              "skipped": false
            },
            {
              "title": "TC4.4 : (Country Code: it): Test search results for \"Form 3\" query",
              "fullTitle": "Search on US, UK, EU, DE, ES, FR & IT: Desktop TC4.4 : (Country Code: it): Test search results for \"Form 3\" query",
              "timedOut": null,
              "duration": 201,
              "state": "failed",
              "speed": null,
              "pass": false,
              "fail": true,
              "pending": false,
              "context": null,
              "code": "cy.visit(Cypress.env('HOST') + '/' + country.countryCode); // Open search panel\ncy.get('.fl-v2-fl-search').click(); // Get search input and type search query\ncy.get('input[class^=\"SearchBox_search-box\"]').type('Form 3'); // Get 'Search Results for \"<Search Query>\"' heading and verify that it contains searched query\ncy.get('#search-results > h4').should('be.visible').and('contain', 'Form 3'); // Test all three main parts of search results: Products, Pages and Blog Posts\ncy.testValidSearchQueryResults(country.countryCode, country.shopURL, country.pagesResultHeading);",
              "err": {
                "message": "CypressError: `cy.visit()` failed trying to load:\n\nundefined/it\n\nWe failed looking for this file at the path:\n\n/Users/nizangoldstein/Desktop/guillotine/static/formlabs-web/e2e-cypress/undefined/it\n\nThe internal Cypress web server responded with:\n\n  > 404: Not Found",
                "estack": "CypressError: `cy.visit()` failed trying to load:\n\nundefined/it\n\nWe failed looking for this file at the path:\n\n/Users/nizangoldstein/Desktop/guillotine/static/formlabs-web/e2e-cypress/undefined/it\n\nThe internal Cypress web server responded with:\n\n  > 404: Not Found\n    at http://localhost:51210/__cypress/runner/cypress_runner.js:156062:84\n    at visitFailedByErr (http://localhost:51210/__cypress/runner/cypress_runner.js:155437:12)\n    at http://localhost:51210/__cypress/runner/cypress_runner.js:156042:13\n    at tryCatcher (http://localhost:51210/__cypress/runner/cypress_runner.js:13212:23)\n    at Promise._settlePromiseFromHandler (http://localhost:51210/__cypress/runner/cypress_runner.js:11147:31)\n    at Promise._settlePromise (http://localhost:51210/__cypress/runner/cypress_runner.js:11204:18)\n    at Promise._settlePromise0 (http://localhost:51210/__cypress/runner/cypress_runner.js:11249:10)\n    at Promise._settlePromises (http://localhost:51210/__cypress/runner/cypress_runner.js:11325:18)\n    at _drainQueueStep (http://localhost:51210/__cypress/runner/cypress_runner.js:7919:12)\n    at _drainQueue (http://localhost:51210/__cypress/runner/cypress_runner.js:7912:9)\n    at Async.../../node_modules/bluebird/js/release/async.js.Async._drainQueues (http://localhost:51210/__cypress/runner/cypress_runner.js:7928:5)\n    at Async.drainQueues (http://localhost:51210/__cypress/runner/cypress_runner.js:7798:14)\nFrom Your Spec Code:\n    at Context.eval (http://localhost:51210/__cypress/tests?p=cypress/integration/formlabs/search/search_on_site_desktop.js:170:10)",
                "diff": null
              },
              "uuid": "1d5605dc-e3b6-49c1-bb0d-3c11fab393ea",
              "parentUUID": "2074e525-aaee-411a-81e5-b459c03bf6f6",
              "isHook": false,
              "skipped": false
            },
            {
              "title": "TC4.5 : (Country Code: it): Test results for SKU number query",
              "fullTitle": "Search on US, UK, EU, DE, ES, FR & IT: Desktop TC4.5 : (Country Code: it): Test results for SKU number query",
              "timedOut": null,
              "duration": 219,
              "state": "failed",
              "speed": null,
              "pass": false,
              "fail": true,
              "pending": false,
              "context": null,
              "code": "cy.visit(Cypress.env('HOST') + '/' + country.countryCode); // Open search panel\ncy.get('.fl-v2-fl-search').should('be.visible').click(); // Get search input and type search query\ncy.get('input[class^=\"SearchBox_search-box\"]').type('PKG-F3-SVC-BASI'); // Get 'Search Results for \"<Search Query>\"' heading and verify that it contains searched query\ncy.get('#search-results > h4').should('be.visible').and('contain', 'PKG-F3-SVC-BASI'); // Test all three main parts of search results: Products, Pages and Blog Posts\ncy.testValidSearchQueryResults(country.countryCode, country.shopURL, country.pagesResultHeading);",
              "err": {
                "message": "CypressError: `cy.visit()` failed trying to load:\n\nundefined/it\n\nWe failed looking for this file at the path:\n\n/Users/nizangoldstein/Desktop/guillotine/static/formlabs-web/e2e-cypress/undefined/it\n\nThe internal Cypress web server responded with:\n\n  > 404: Not Found",
                "estack": "CypressError: `cy.visit()` failed trying to load:\n\nundefined/it\n\nWe failed looking for this file at the path:\n\n/Users/nizangoldstein/Desktop/guillotine/static/formlabs-web/e2e-cypress/undefined/it\n\nThe internal Cypress web server responded with:\n\n  > 404: Not Found\n    at http://localhost:51210/__cypress/runner/cypress_runner.js:156062:84\n    at visitFailedByErr (http://localhost:51210/__cypress/runner/cypress_runner.js:155437:12)\n    at http://localhost:51210/__cypress/runner/cypress_runner.js:156042:13\n    at tryCatcher (http://localhost:51210/__cypress/runner/cypress_runner.js:13212:23)\n    at Promise._settlePromiseFromHandler (http://localhost:51210/__cypress/runner/cypress_runner.js:11147:31)\n    at Promise._settlePromise (http://localhost:51210/__cypress/runner/cypress_runner.js:11204:18)\n    at Promise._settlePromise0 (http://localhost:51210/__cypress/runner/cypress_runner.js:11249:10)\n    at Promise._settlePromises (http://localhost:51210/__cypress/runner/cypress_runner.js:11325:18)\n    at _drainQueueStep (http://localhost:51210/__cypress/runner/cypress_runner.js:7919:12)\n    at _drainQueue (http://localhost:51210/__cypress/runner/cypress_runner.js:7912:9)\n    at Async.../../node_modules/bluebird/js/release/async.js.Async._drainQueues (http://localhost:51210/__cypress/runner/cypress_runner.js:7928:5)\n    at Async.drainQueues (http://localhost:51210/__cypress/runner/cypress_runner.js:7798:14)\nFrom Your Spec Code:\n    at Context.eval (http://localhost:51210/__cypress/tests?p=cypress/integration/formlabs/search/search_on_site_desktop.js:181:10)",
                "diff": null
              },
              "uuid": "4d76454e-cc4e-459d-98c1-7826196c83c1",
              "parentUUID": "2074e525-aaee-411a-81e5-b459c03bf6f6",
              "isHook": false,
              "skipped": false
            },
            {
              "title": "TC4.6 : (Country Code: it): Test results for Gibberish query",
              "fullTitle": "Search on US, UK, EU, DE, ES, FR & IT: Desktop TC4.6 : (Country Code: it): Test results for Gibberish query",
              "timedOut": null,
              "duration": 215,
              "state": "failed",
              "speed": null,
              "pass": false,
              "fail": true,
              "pending": false,
              "context": null,
              "code": "cy.visit(Cypress.env('HOST') + '/' + country.countryCode); // Open search panel\ncy.get('.fl-v2-fl-search').should('be.visible').click(); // Get search input and type gibberish search query\ncy.get('input[class^=\"SearchBox_search-box\"]').type('agalkjfdglkjal;fsdg'); // Verify that heading 'Search Results for \"<Search Query>\"' does not exist\ncy.get('#search-results > h4').should('not.exist'); // Verify that there are no search results\ncy.get('#search-results').should('not.exist'); // Verify that there is Popular Searches heading and there are 5 popular search terms\ncy.contains('Popular Searches').should('be.visible');\ncy.get('p > button[class^=\"SearchBox_animated\"]').should('have.length', '5').and('be.visible'); // Verify that no result found announcement banner is visible\ncy.get('div[class^=\"Announcement_content\"]').should('contain', country.noResultFoundText); // Verify that \"Reset your search\" button on announcement banner clears the search input field\ncy.get('button').contains(country.resetButtonText).click();\ncy.get('input[class^=\"SearchBox_search-box\"]').invoke('val').should('be.empty');",
              "err": {
                "message": "CypressError: `cy.visit()` failed trying to load:\n\nundefined/it\n\nWe failed looking for this file at the path:\n\n/Users/nizangoldstein/Desktop/guillotine/static/formlabs-web/e2e-cypress/undefined/it\n\nThe internal Cypress web server responded with:\n\n  > 404: Not Found",
                "estack": "CypressError: `cy.visit()` failed trying to load:\n\nundefined/it\n\nWe failed looking for this file at the path:\n\n/Users/nizangoldstein/Desktop/guillotine/static/formlabs-web/e2e-cypress/undefined/it\n\nThe internal Cypress web server responded with:\n\n  > 404: Not Found\n    at http://localhost:51210/__cypress/runner/cypress_runner.js:156062:84\n    at visitFailedByErr (http://localhost:51210/__cypress/runner/cypress_runner.js:155437:12)\n    at http://localhost:51210/__cypress/runner/cypress_runner.js:156042:13\n    at tryCatcher (http://localhost:51210/__cypress/runner/cypress_runner.js:13212:23)\n    at Promise._settlePromiseFromHandler (http://localhost:51210/__cypress/runner/cypress_runner.js:11147:31)\n    at Promise._settlePromise (http://localhost:51210/__cypress/runner/cypress_runner.js:11204:18)\n    at Promise._settlePromise0 (http://localhost:51210/__cypress/runner/cypress_runner.js:11249:10)\n    at Promise._settlePromises (http://localhost:51210/__cypress/runner/cypress_runner.js:11325:18)\n    at _drainQueueStep (http://localhost:51210/__cypress/runner/cypress_runner.js:7919:12)\n    at _drainQueue (http://localhost:51210/__cypress/runner/cypress_runner.js:7912:9)\n    at Async.../../node_modules/bluebird/js/release/async.js.Async._drainQueues (http://localhost:51210/__cypress/runner/cypress_runner.js:7928:5)\n    at Async.drainQueues (http://localhost:51210/__cypress/runner/cypress_runner.js:7798:14)\nFrom Your Spec Code:\n    at Context.eval (http://localhost:51210/__cypress/tests?p=cypress/integration/formlabs/search/search_on_site_desktop.js:192:10)",
                "diff": null
              },
              "uuid": "8ec3eba7-460b-4468-bff2-b40572283994",
              "parentUUID": "2074e525-aaee-411a-81e5-b459c03bf6f6",
              "isHook": false,
              "skipped": false
            }
          ],
          "suites": [],
          "passes": [],
          "failures": [
            "aa256193-2749-4d46-9ae1-f0490ff25379",
            "3f0fedff-f668-4cf1-9bc0-af638269e2e8",
            "66c3909d-0182-4716-a87e-7e8742dd034c",
            "c32deb7f-4f02-47d0-9db0-ef507c2d1a95",
            "49ee69c6-38b2-4c5d-a977-e9b8f8b962cd",
            "a1481ef4-86e7-43c6-91b1-b335360beea2",
            "cda61f38-cfd6-4318-8645-14933df3c2f6",
            "8081181a-6edf-42b8-8577-e41e4615f8f2",
            "b2005b81-6a06-49a2-9ed7-df86b6530c2d",
            "9bd91e1f-6242-4e0c-a923-7983a6891501",
            "aebb0ba0-63a5-4abd-a651-61dc558db93a",
            "c8f403b4-1612-43c1-bfcb-f2c69e0b5227",
            "70c6e440-fafa-47f6-bef3-f12e5226559b",
            "4fae6bd9-1dcc-451b-91bf-e06a245ac182",
            "1aaba940-4b4c-4b24-823d-16305c961762",
            "3e31e894-3b02-4dab-9267-bc1bf3955916",
            "289d2292-cd9e-4bf9-86ec-7510a734aa8e",
            "772d5476-82ca-405f-9d6e-f0c77a425833",
            "13b94764-1d02-4713-b7ad-f2b23ed0b8fc",
            "72930b47-a37a-47f0-a737-ddd645aa5165",
            "4a3a5073-83ac-4cd6-8321-572b12b9bde0",
            "a6292453-1197-4617-9a82-91de7fd5b7c0",
            "e589fad1-86ff-4bda-a964-97864c464740",
            "12d45ef7-19b4-453f-af63-0639a93fec97",
            "90da7612-345a-4963-8ec4-21c45a245520",
            "b87d7cae-34bc-49ae-b634-6fa02ce25c7c",
            "46f2eec2-7992-4ae1-88fe-35454f65182f",
            "d28a0dab-f8e1-4503-b274-c36f1c20ecea",
            "3b9c8417-3e6a-4724-965e-1f61d1bcb888",
            "9135310e-557b-442e-bfe6-6872e206beb2",
            "e610a32c-bec7-4e9d-abdc-65adcff9f1ff",
            "d11ca0d3-0e23-45b8-b912-c46cbf01b62d",
            "ab905e2a-b01e-4bed-ba0e-91b6c5baa85f",
            "663cde35-59d9-4213-a7ea-4084235eef37",
            "cdfcba98-4dec-4e12-b2c6-2367ecea7e91",
            "0b8d36cb-f62e-43e9-8599-b49f330e0756",
            "5122d980-e668-4d3c-94bd-bb6636a4edc9",
            "d9eea21e-d580-4ec9-82e2-8dd8d1040c1a",
            "b745f2e7-b7aa-4e0d-833d-c23045eb66de",
            "1d5605dc-e3b6-49c1-bb0d-3c11fab393ea",
            "4d76454e-cc4e-459d-98c1-7826196c83c1",
            "8ec3eba7-460b-4468-bff2-b40572283994"
          ],
          "pending": [],
          "skipped": [],
          "duration": 5923,
          "root": false,
          "rootEmpty": false,
          "_timeout": 2000
        }
      ],
      "passes": [],
      "failures": [],
      "pending": [],
      "skipped": [],
      "duration": 0,
      "root": true,
      "rootEmpty": true,
      "_timeout": 2000
    }
  ],
  "meta": {
    "mocha": {
      "version": "7.0.1"
    },
    "mochawesome": {
      "options": {
        "quiet": true,
        "reportFilename": "mochawesome",
        "saveHtml": false,
        "saveJson": true,
        "consoleReporter": "none",
        "useInlineDiffs": false,
        "code": true
      },
      "version": "6.2.2"
    },
    "marge": {
      "options": {
        "id": "default",
        "consoleReporter": "none",
        "reportDir": "cypress/results",
        "quiet": true,
        "overwrite": false,
        "html": false,
        "json": true
      },
      "version": "5.2.0"
    }
  }
}