{
  "stats": {
    "suites": 1,
    "tests": 2,
    "passes": 0,
    "pending": 0,
    "failures": 2,
    "start": "2022-02-09T08:08:35.362Z",
    "end": "2022-02-09T08:08:35.657Z",
    "duration": 295,
    "testsRegistered": 2,
    "passPercent": 0,
    "pendingPercent": 0,
    "other": 0,
    "hasOther": false,
    "skipped": 0,
    "hasSkipped": false
  },
  "results": [
    {
      "uuid": "33506b9b-972b-4c89-a1da-06d5a999329c",
      "title": "",
      "fullFile": "cypress/integration/formlabs/shared/top_pages_desktop_spec.js",
      "file": "cypress/integration/formlabs/shared/top_pages_desktop_spec.js",
      "beforeHooks": [],
      "afterHooks": [],
      "tests": [],
      "suites": [
        {
          "uuid": "a0395dd3-8780-42a9-b7ce-f8510487170d",
          "title": "Tests top pages",
          "fullFile": "",
          "file": "",
          "beforeHooks": [],
          "afterHooks": [],
          "tests": [
            {
              "title": "Test Formlabs top page are Application Error free and links are not broken",
              "fullTitle": "Tests top pages Test Formlabs top page are Application Error free and links are not broken",
              "timedOut": null,
              "duration": 49,
              "state": "failed",
              "speed": null,
              "pass": false,
              "fail": true,
              "pending": false,
              "context": null,
              "code": "const corePages = ['/3d-printers/catalog/', '/3d-printers/form-3/', '/3d-printers/form-3l/', '/3d-printers/fuse-1/', '/3d-printers/form-3b/', '/3d-printers/form-3bl/', '/post-processing/', '/materials/', '/materials/standard/', '/materials/engineering/', '/materials/rigid/', '/materials/tough-durable/', '/materials/flexible-elastic/', '/materials/jewelry/', '/materials/medical/', '/materials/nylon/', '/material-selector/'];\ncy.visit(Cypress.env('HOST'));\ncorePages.forEach(page => {\n  if (page.includes('3d-printers')) {\n    cy.get('div[role=\"navigation\"]').within(() => {\n      cy.get('a[href=\"/3d-printers/catalog/\"]').trigger('mouseover');\n    });\n  } else {\n    cy.get('div[role=\"navigation\"]').within(() => {\n      cy.get('a[href=\"/materials/\"]').trigger('mouseover');\n    });\n  }\n  cy.get('a[href=\"' + page + '\"]').invoke('removeAttr', 'target').first().click({\n    force: true\n  });\n  cy.get('body').should('not.contain.text', 'Application error: a client-side exception has occurred');\n  cy.title().should('not.eq', 'Page Not Found');\n});",
              "err": {
                "message": "CypressError: `cy.visit()` must be called with a `url` or an `options` object containing a `url` as its 1st argument\n\nhttps://on.cypress.io/visit",
                "estack": "CypressError: `cy.visit()` must be called with a `url` or an `options` object containing a `url` as its 1st argument\n\nhttps://on.cypress.io/visit\n    at Context.visit (http://localhost:51210/__cypress/runner/cypress_runner.js:155705:78)\nFrom Your Spec Code:\n    at Context.eval (http://localhost:51210/__cypress/tests?p=cypress/integration/formlabs/shared/top_pages_desktop_spec.js:102:8)",
                "diff": null
              },
              "uuid": "b59bd68c-69e6-4b19-82fb-6068b036dbc1",
              "parentUUID": "a0395dd3-8780-42a9-b7ce-f8510487170d",
              "isHook": false,
              "skipped": false
            },
            {
              "title": "Test Dental top page are Application Error free and links are not broken",
              "fullTitle": "Tests top pages Test Dental top page are Application Error free and links are not broken",
              "timedOut": null,
              "duration": 21,
              "state": "failed",
              "speed": null,
              "pass": false,
              "fail": true,
              "pending": false,
              "context": null,
              "code": "const dentalPages = ['/products/', '/products/form-3b/', '/products/form-3bl/', '/post-processing/', '/software/', '/services/', '/materials/'];\nif (Cypress.env('HOST').includes('staging')) {\n  cy.visit('https://dental-staging.formlabs.com/');\n} else {\n  cy.visit('https://dental.formlabs.com/');\n}\ndentalPages.forEach(page => {\n  cy.get('a[href=\"/products/\"]').eq(0).trigger('mouseover');\n  cy.get('a[href=\"' + page + '\"]').invoke('removeAttr', 'target').click({\n    multiple: true,\n    force: true\n  });\n  cy.get('body').should('not.contain.text', 'Application error: a client-side exception has occurred');\n});",
              "err": {
                "message": "TypeError: Cannot read properties of undefined (reading 'includes')",
                "estack": "TypeError: Cannot read properties of undefined (reading 'includes')\n    at Context.eval (http://localhost:51210/__cypress/tests?p=cypress/integration/formlabs/shared/top_pages_desktop_spec.js:124:28)",
                "diff": null
              },
              "uuid": "78d1b5d8-00dc-462b-9f73-356d54626417",
              "parentUUID": "a0395dd3-8780-42a9-b7ce-f8510487170d",
              "isHook": false,
              "skipped": false
            }
          ],
          "suites": [],
          "passes": [],
          "failures": [
            "b59bd68c-69e6-4b19-82fb-6068b036dbc1",
            "78d1b5d8-00dc-462b-9f73-356d54626417"
          ],
          "pending": [],
          "skipped": [],
          "duration": 70,
          "root": false,
          "rootEmpty": false,
          "_timeout": 2000
        }
      ],
      "passes": [],
      "failures": [],
      "pending": [],
      "skipped": [],
      "duration": 0,
      "root": true,
      "rootEmpty": true,
      "_timeout": 2000
    }
  ],
  "meta": {
    "mocha": {
      "version": "7.0.1"
    },
    "mochawesome": {
      "options": {
        "quiet": true,
        "reportFilename": "mochawesome",
        "saveHtml": false,
        "saveJson": true,
        "consoleReporter": "none",
        "useInlineDiffs": false,
        "code": true
      },
      "version": "6.2.2"
    },
    "marge": {
      "options": {
        "id": "default",
        "consoleReporter": "none",
        "reportDir": "cypress/results",
        "quiet": true,
        "overwrite": false,
        "html": false,
        "json": true
      },
      "version": "5.2.0"
    }
  }
}