{
  "stats": {
    "suites": 1,
    "tests": 42,
    "passes": 0,
    "pending": 0,
    "failures": 42,
    "start": "2022-02-09T08:09:27.919Z",
    "end": "2022-02-09T08:09:43.076Z",
    "duration": 15157,
    "testsRegistered": 42,
    "passPercent": 0,
    "pendingPercent": 0,
    "other": 0,
    "hasOther": false,
    "skipped": 0,
    "hasSkipped": false
  },
  "results": [
    {
      "uuid": "c0b0d674-f3ea-4bb8-a66c-40a5de12fe22",
      "title": "",
      "fullFile": "cypress/integration/formlabs/search/search_on_site_desktop.js",
      "file": "cypress/integration/formlabs/search/search_on_site_desktop.js",
      "beforeHooks": [],
      "afterHooks": [],
      "tests": [],
      "suites": [
        {
          "uuid": "f518032b-b7aa-4349-9dc3-3385798f93dd",
          "title": "Search on US, UK, EU, DE, ES, FR & IT: Desktop",
          "fullFile": "",
          "file": "",
          "beforeHooks": [],
          "afterHooks": [],
          "tests": [
            {
              "title": "TC4.1 : (Country Code: ): Tests visibility of different elements on the search panel",
              "fullTitle": "Search on US, UK, EU, DE, ES, FR & IT: Desktop TC4.1 : (Country Code: ): Tests visibility of different elements on the search panel",
              "timedOut": null,
              "duration": 74,
              "state": "failed",
              "speed": null,
              "pass": false,
              "fail": true,
              "pending": false,
              "context": null,
              "code": "cy.visit(Cypress.env('HOST') + '/' + country.countryCode); // Verify Search icon is visible on navigation bar & click\ncy.get('.fl-v2-fl-search').should('be.visible').click(); // Verify search panel open on search-icon click\ncy.get('div[class^=\"SearchBox_search-bar\"]').should('be.visible').within(() => {\n  // Verify that formlabs logo is visible\n  cy.get('img[alt= \"' + country.logoAlt + '\"]').should('be.visible'); //Verify that search-icon is visible on seaerch bar\n  cy.get('.fl-v2-fl-search').should('be.visible'); // Get search input and verify that it has required placeholder\n  cy.get('input[class^=\"SearchBox_search-box\"]').should('be.visible').should('have.attr', 'placeholder', country.searchBoxPlaceholder); // Verify that “x” icon does not exist for empty search field\n  cy.get('.fl-v2-fl-exit').should('not.exist'); // Get search input, type 3 characters and verify “x” icon appears\n  cy.get('input[class^=\"SearchBox_search-box\"]').type('for');\n  cy.get('.fl-v2-fl-exit').should('be.visible'); // Verify “x” clears search input field\n  cy.get('.fl-v2-fl-exit').click();\n  cy.get('input[class^=\"SearchBox_search-box\"]').invoke('val').should('be.empty');\n}); // Verify that there is Popular Searches heading and there are 5 popular search terms\ncy.contains('Popular Searches').should('be.visible');\ncy.get('p > button[class^=\"SearchBox_animated\"]').should('have.length', '5').and('be.visible'); // Get CANCEL button, should be visible and verify that it closes Search panel\ncy.get('button[class^=\"SearchBox_close\"]').should('be.visible').click();\ncy.get('div[class^=\"SearchBox_search-bar\"]').should('not.exist');",
              "err": {
                "message": "CypressError: `cy.visit()` failed trying to load:\n\nundefined/\n\nWe failed looking for this file at the path:\n\n/Users/nizangoldstein/Desktop/guillotine/static/formlabs-web/e2e-cypress/undefined/\n\nThe internal Cypress web server responded with:\n\n  > 404: Not Found",
                "estack": "CypressError: `cy.visit()` failed trying to load:\n\nundefined/\n\nWe failed looking for this file at the path:\n\n/Users/nizangoldstein/Desktop/guillotine/static/formlabs-web/e2e-cypress/undefined/\n\nThe internal Cypress web server responded with:\n\n  > 404: Not Found\n    at http://localhost:51292/__cypress/runner/cypress_runner.js:156062:84\n    at visitFailedByErr (http://localhost:51292/__cypress/runner/cypress_runner.js:155437:12)\n    at http://localhost:51292/__cypress/runner/cypress_runner.js:156042:13\n    at tryCatcher (http://localhost:51292/__cypress/runner/cypress_runner.js:13212:23)\n    at Promise._settlePromiseFromHandler (http://localhost:51292/__cypress/runner/cypress_runner.js:11147:31)\n    at Promise._settlePromise (http://localhost:51292/__cypress/runner/cypress_runner.js:11204:18)\n    at Promise._settlePromise0 (http://localhost:51292/__cypress/runner/cypress_runner.js:11249:10)\n    at Promise._settlePromises (http://localhost:51292/__cypress/runner/cypress_runner.js:11325:18)\n    at _drainQueueStep (http://localhost:51292/__cypress/runner/cypress_runner.js:7919:12)\n    at _drainQueue (http://localhost:51292/__cypress/runner/cypress_runner.js:7912:9)\n    at Async.../../node_modules/bluebird/js/release/async.js.Async._drainQueues (http://localhost:51292/__cypress/runner/cypress_runner.js:7928:5)\n    at Async.drainQueues (http://localhost:51292/__cypress/runner/cypress_runner.js:7798:14)\nFrom Your Spec Code:\n    at Context.eval (http://localhost:51292/__cypress/tests?p=cypress/integration/formlabs/search/search_on_site_desktop.js:115:10)",
                "diff": null
              },
              "uuid": "3d905744-2bac-437f-b306-9ecff420dd3a",
              "parentUUID": "f518032b-b7aa-4349-9dc3-3385798f93dd",
              "isHook": false,
              "skipped": false
            },
            {
              "title": "TC4.2 : (Country Code: ): Test popular searches populate search input field",
              "fullTitle": "Search on US, UK, EU, DE, ES, FR & IT: Desktop TC4.2 : (Country Code: ): Test popular searches populate search input field",
              "timedOut": null,
              "duration": 71,
              "state": "failed",
              "speed": null,
              "pass": false,
              "fail": true,
              "pending": false,
              "context": null,
              "code": "cy.visit(Cypress.env('HOST') + '/' + country.countryCode); // Open search panel\ncy.get('.fl-v2-fl-search').click(); // Get popular search terms and select/click second term\ncy.get('p > button[class^=\"SearchBox_animated\"]').eq(1).click().invoke('text').then(searchQuery => {\n  // Verify that search input value has been updated with the selected term\n  cy.get('input[class^=\"SearchBox_search-box\"]').invoke('val').should('eq', searchQuery); // Verify that heading 'Search Results for \"<Search Query>\"' contain selected term\n  cy.get('#search-results > h4').should('be.visible').and('contain', searchQuery);\n}); // Test all three main parts of search results: Products, Pages and Blog Posts\ncy.testValidSearchQueryResults(country.countryCode, country.shopURL, country.pagesResultHeading);",
              "err": {
                "message": "CypressError: `cy.visit()` failed trying to load:\n\nundefined/\n\nWe failed looking for this file at the path:\n\n/Users/nizangoldstein/Desktop/guillotine/static/formlabs-web/e2e-cypress/undefined/\n\nThe internal Cypress web server responded with:\n\n  > 404: Not Found",
                "estack": "CypressError: `cy.visit()` failed trying to load:\n\nundefined/\n\nWe failed looking for this file at the path:\n\n/Users/nizangoldstein/Desktop/guillotine/static/formlabs-web/e2e-cypress/undefined/\n\nThe internal Cypress web server responded with:\n\n  > 404: Not Found\n    at http://localhost:51292/__cypress/runner/cypress_runner.js:156062:84\n    at visitFailedByErr (http://localhost:51292/__cypress/runner/cypress_runner.js:155437:12)\n    at http://localhost:51292/__cypress/runner/cypress_runner.js:156042:13\n    at tryCatcher (http://localhost:51292/__cypress/runner/cypress_runner.js:13212:23)\n    at Promise._settlePromiseFromHandler (http://localhost:51292/__cypress/runner/cypress_runner.js:11147:31)\n    at Promise._settlePromise (http://localhost:51292/__cypress/runner/cypress_runner.js:11204:18)\n    at Promise._settlePromise0 (http://localhost:51292/__cypress/runner/cypress_runner.js:11249:10)\n    at Promise._settlePromises (http://localhost:51292/__cypress/runner/cypress_runner.js:11325:18)\n    at _drainQueueStep (http://localhost:51292/__cypress/runner/cypress_runner.js:7919:12)\n    at _drainQueue (http://localhost:51292/__cypress/runner/cypress_runner.js:7912:9)\n    at Async.../../node_modules/bluebird/js/release/async.js.Async._drainQueues (http://localhost:51292/__cypress/runner/cypress_runner.js:7928:5)\n    at Async.drainQueues (http://localhost:51292/__cypress/runner/cypress_runner.js:7798:14)\nFrom Your Spec Code:\n    at Context.eval (http://localhost:51292/__cypress/tests?p=cypress/integration/formlabs/search/search_on_site_desktop.js:143:10)",
                "diff": null
              },
              "uuid": "f05fa375-a0a2-40d2-b1c8-3e6f0a84ca0d",
              "parentUUID": "f518032b-b7aa-4349-9dc3-3385798f93dd",
              "isHook": false,
              "skipped": false
            },
            {
              "title": "TC4.3 : (Country Code: ): Test search closes when navigating to a result",
              "fullTitle": "Search on US, UK, EU, DE, ES, FR & IT: Desktop TC4.3 : (Country Code: ): Test search closes when navigating to a result",
              "timedOut": null,
              "duration": 75,
              "state": "failed",
              "speed": null,
              "pass": false,
              "fail": true,
              "pending": false,
              "context": null,
              "code": "cy.visit(Cypress.env('HOST') + '/' + country.countryCode); // Open search panel\ncy.get('.fl-v2-fl-search').should('be.visible').click(); // Get search input, type search query\ncy.get('input[class^=\"SearchBox_search-box\"]').type('Form 3'); // Get search results and navigate to first result from pages\ncy.get('#search-results').siblings('div').eq(1).find('h5[class^=\"Header_headerText\"]').eq(0).click(); // Verify search box is closed when navigating to the result\ncy.wait(1000);\ncy.url().should('not.include', '/?search=');\ncy.get('div[class^=\"SearchBox_search-box\"]').should('not.exist');",
              "err": {
                "message": "CypressError: `cy.visit()` failed trying to load:\n\nundefined/\n\nWe failed looking for this file at the path:\n\n/Users/nizangoldstein/Desktop/guillotine/static/formlabs-web/e2e-cypress/undefined/\n\nThe internal Cypress web server responded with:\n\n  > 404: Not Found",
                "estack": "CypressError: `cy.visit()` failed trying to load:\n\nundefined/\n\nWe failed looking for this file at the path:\n\n/Users/nizangoldstein/Desktop/guillotine/static/formlabs-web/e2e-cypress/undefined/\n\nThe internal Cypress web server responded with:\n\n  > 404: Not Found\n    at http://localhost:51292/__cypress/runner/cypress_runner.js:156062:84\n    at visitFailedByErr (http://localhost:51292/__cypress/runner/cypress_runner.js:155437:12)\n    at http://localhost:51292/__cypress/runner/cypress_runner.js:156042:13\n    at tryCatcher (http://localhost:51292/__cypress/runner/cypress_runner.js:13212:23)\n    at Promise._settlePromiseFromHandler (http://localhost:51292/__cypress/runner/cypress_runner.js:11147:31)\n    at Promise._settlePromise (http://localhost:51292/__cypress/runner/cypress_runner.js:11204:18)\n    at Promise._settlePromise0 (http://localhost:51292/__cypress/runner/cypress_runner.js:11249:10)\n    at Promise._settlePromises (http://localhost:51292/__cypress/runner/cypress_runner.js:11325:18)\n    at _drainQueueStep (http://localhost:51292/__cypress/runner/cypress_runner.js:7919:12)\n    at _drainQueue (http://localhost:51292/__cypress/runner/cypress_runner.js:7912:9)\n    at Async.../../node_modules/bluebird/js/release/async.js.Async._drainQueues (http://localhost:51292/__cypress/runner/cypress_runner.js:7928:5)\n    at Async.drainQueues (http://localhost:51292/__cypress/runner/cypress_runner.js:7798:14)\nFrom Your Spec Code:\n    at Context.eval (http://localhost:51292/__cypress/tests?p=cypress/integration/formlabs/search/search_on_site_desktop.js:157:10)",
                "diff": null
              },
              "uuid": "df0d9e8e-84a1-48ef-adc1-e6ebfe66dfa4",
              "parentUUID": "f518032b-b7aa-4349-9dc3-3385798f93dd",
              "isHook": false,
              "skipped": false
            },
            {
              "title": "TC4.4 : (Country Code: ): Test search results for \"Form 3\" query",
              "fullTitle": "Search on US, UK, EU, DE, ES, FR & IT: Desktop TC4.4 : (Country Code: ): Test search results for \"Form 3\" query",
              "timedOut": null,
              "duration": 63,
              "state": "failed",
              "speed": null,
              "pass": false,
              "fail": true,
              "pending": false,
              "context": null,
              "code": "cy.visit(Cypress.env('HOST') + '/' + country.countryCode); // Open search panel\ncy.get('.fl-v2-fl-search').click(); // Get search input and type search query\ncy.get('input[class^=\"SearchBox_search-box\"]').type('Form 3'); // Get 'Search Results for \"<Search Query>\"' heading and verify that it contains searched query\ncy.get('#search-results > h4').should('be.visible').and('contain', 'Form 3'); // Test all three main parts of search results: Products, Pages and Blog Posts\ncy.testValidSearchQueryResults(country.countryCode, country.shopURL, country.pagesResultHeading);",
              "err": {
                "message": "CypressError: `cy.visit()` failed trying to load:\n\nundefined/\n\nWe failed looking for this file at the path:\n\n/Users/nizangoldstein/Desktop/guillotine/static/formlabs-web/e2e-cypress/undefined/\n\nThe internal Cypress web server responded with:\n\n  > 404: Not Found",
                "estack": "CypressError: `cy.visit()` failed trying to load:\n\nundefined/\n\nWe failed looking for this file at the path:\n\n/Users/nizangoldstein/Desktop/guillotine/static/formlabs-web/e2e-cypress/undefined/\n\nThe internal Cypress web server responded with:\n\n  > 404: Not Found\n    at http://localhost:51292/__cypress/runner/cypress_runner.js:156062:84\n    at visitFailedByErr (http://localhost:51292/__cypress/runner/cypress_runner.js:155437:12)\n    at http://localhost:51292/__cypress/runner/cypress_runner.js:156042:13\n    at tryCatcher (http://localhost:51292/__cypress/runner/cypress_runner.js:13212:23)\n    at Promise._settlePromiseFromHandler (http://localhost:51292/__cypress/runner/cypress_runner.js:11147:31)\n    at Promise._settlePromise (http://localhost:51292/__cypress/runner/cypress_runner.js:11204:18)\n    at Promise._settlePromise0 (http://localhost:51292/__cypress/runner/cypress_runner.js:11249:10)\n    at Promise._settlePromises (http://localhost:51292/__cypress/runner/cypress_runner.js:11325:18)\n    at _drainQueueStep (http://localhost:51292/__cypress/runner/cypress_runner.js:7919:12)\n    at _drainQueue (http://localhost:51292/__cypress/runner/cypress_runner.js:7912:9)\n    at Async.../../node_modules/bluebird/js/release/async.js.Async._drainQueues (http://localhost:51292/__cypress/runner/cypress_runner.js:7928:5)\n    at Async.drainQueues (http://localhost:51292/__cypress/runner/cypress_runner.js:7798:14)\nFrom Your Spec Code:\n    at Context.eval (http://localhost:51292/__cypress/tests?p=cypress/integration/formlabs/search/search_on_site_desktop.js:170:10)",
                "diff": null
              },
              "uuid": "530d7441-6597-403c-8f8d-2ff3d33bdfcc",
              "parentUUID": "f518032b-b7aa-4349-9dc3-3385798f93dd",
              "isHook": false,
              "skipped": false
            },
            {
              "title": "TC4.5 : (Country Code: ): Test results for SKU number query",
              "fullTitle": "Search on US, UK, EU, DE, ES, FR & IT: Desktop TC4.5 : (Country Code: ): Test results for SKU number query",
              "timedOut": null,
              "duration": 83,
              "state": "failed",
              "speed": null,
              "pass": false,
              "fail": true,
              "pending": false,
              "context": null,
              "code": "cy.visit(Cypress.env('HOST') + '/' + country.countryCode); // Open search panel\ncy.get('.fl-v2-fl-search').should('be.visible').click(); // Get search input and type search query\ncy.get('input[class^=\"SearchBox_search-box\"]').type('PKG-F3-SVC-BASI'); // Get 'Search Results for \"<Search Query>\"' heading and verify that it contains searched query\ncy.get('#search-results > h4').should('be.visible').and('contain', 'PKG-F3-SVC-BASI'); // Test all three main parts of search results: Products, Pages and Blog Posts\ncy.testValidSearchQueryResults(country.countryCode, country.shopURL, country.pagesResultHeading);",
              "err": {
                "message": "CypressError: `cy.visit()` failed trying to load:\n\nundefined/\n\nWe failed looking for this file at the path:\n\n/Users/nizangoldstein/Desktop/guillotine/static/formlabs-web/e2e-cypress/undefined/\n\nThe internal Cypress web server responded with:\n\n  > 404: Not Found",
                "estack": "CypressError: `cy.visit()` failed trying to load:\n\nundefined/\n\nWe failed looking for this file at the path:\n\n/Users/nizangoldstein/Desktop/guillotine/static/formlabs-web/e2e-cypress/undefined/\n\nThe internal Cypress web server responded with:\n\n  > 404: Not Found\n    at http://localhost:51292/__cypress/runner/cypress_runner.js:156062:84\n    at visitFailedByErr (http://localhost:51292/__cypress/runner/cypress_runner.js:155437:12)\n    at http://localhost:51292/__cypress/runner/cypress_runner.js:156042:13\n    at tryCatcher (http://localhost:51292/__cypress/runner/cypress_runner.js:13212:23)\n    at Promise._settlePromiseFromHandler (http://localhost:51292/__cypress/runner/cypress_runner.js:11147:31)\n    at Promise._settlePromise (http://localhost:51292/__cypress/runner/cypress_runner.js:11204:18)\n    at Promise._settlePromise0 (http://localhost:51292/__cypress/runner/cypress_runner.js:11249:10)\n    at Promise._settlePromises (http://localhost:51292/__cypress/runner/cypress_runner.js:11325:18)\n    at _drainQueueStep (http://localhost:51292/__cypress/runner/cypress_runner.js:7919:12)\n    at _drainQueue (http://localhost:51292/__cypress/runner/cypress_runner.js:7912:9)\n    at Async.../../node_modules/bluebird/js/release/async.js.Async._drainQueues (http://localhost:51292/__cypress/runner/cypress_runner.js:7928:5)\n    at Async.drainQueues (http://localhost:51292/__cypress/runner/cypress_runner.js:7798:14)\nFrom Your Spec Code:\n    at Context.eval (http://localhost:51292/__cypress/tests?p=cypress/integration/formlabs/search/search_on_site_desktop.js:181:10)",
                "diff": null
              },
              "uuid": "8d92ef54-51bb-4a51-bc27-7a88951f436a",
              "parentUUID": "f518032b-b7aa-4349-9dc3-3385798f93dd",
              "isHook": false,
              "skipped": false
            },
            {
              "title": "TC4.6 : (Country Code: ): Test results for Gibberish query",
              "fullTitle": "Search on US, UK, EU, DE, ES, FR & IT: Desktop TC4.6 : (Country Code: ): Test results for Gibberish query",
              "timedOut": null,
              "duration": 87,
              "state": "failed",
              "speed": null,
              "pass": false,
              "fail": true,
              "pending": false,
              "context": null,
              "code": "cy.visit(Cypress.env('HOST') + '/' + country.countryCode); // Open search panel\ncy.get('.fl-v2-fl-search').should('be.visible').click(); // Get search input and type gibberish search query\ncy.get('input[class^=\"SearchBox_search-box\"]').type('agalkjfdglkjal;fsdg'); // Verify that heading 'Search Results for \"<Search Query>\"' does not exist\ncy.get('#search-results > h4').should('not.exist'); // Verify that there are no search results\ncy.get('#search-results').should('not.exist'); // Verify that there is Popular Searches heading and there are 5 popular search terms\ncy.contains('Popular Searches').should('be.visible');\ncy.get('p > button[class^=\"SearchBox_animated\"]').should('have.length', '5').and('be.visible'); // Verify that no result found announcement banner is visible\ncy.get('div[class^=\"Announcement_content\"]').should('contain', country.noResultFoundText); // Verify that \"Reset your search\" button on announcement banner clears the search input field\ncy.get('button').contains(country.resetButtonText).click();\ncy.get('input[class^=\"SearchBox_search-box\"]').invoke('val').should('be.empty');",
              "err": {
                "message": "CypressError: `cy.visit()` failed trying to load:\n\nundefined/\n\nWe failed looking for this file at the path:\n\n/Users/nizangoldstein/Desktop/guillotine/static/formlabs-web/e2e-cypress/undefined/\n\nThe internal Cypress web server responded with:\n\n  > 404: Not Found",
                "estack": "CypressError: `cy.visit()` failed trying to load:\n\nundefined/\n\nWe failed looking for this file at the path:\n\n/Users/nizangoldstein/Desktop/guillotine/static/formlabs-web/e2e-cypress/undefined/\n\nThe internal Cypress web server responded with:\n\n  > 404: Not Found\n    at http://localhost:51292/__cypress/runner/cypress_runner.js:156062:84\n    at visitFailedByErr (http://localhost:51292/__cypress/runner/cypress_runner.js:155437:12)\n    at http://localhost:51292/__cypress/runner/cypress_runner.js:156042:13\n    at tryCatcher (http://localhost:51292/__cypress/runner/cypress_runner.js:13212:23)\n    at Promise._settlePromiseFromHandler (http://localhost:51292/__cypress/runner/cypress_runner.js:11147:31)\n    at Promise._settlePromise (http://localhost:51292/__cypress/runner/cypress_runner.js:11204:18)\n    at Promise._settlePromise0 (http://localhost:51292/__cypress/runner/cypress_runner.js:11249:10)\n    at Promise._settlePromises (http://localhost:51292/__cypress/runner/cypress_runner.js:11325:18)\n    at _drainQueueStep (http://localhost:51292/__cypress/runner/cypress_runner.js:7919:12)\n    at _drainQueue (http://localhost:51292/__cypress/runner/cypress_runner.js:7912:9)\n    at Async.../../node_modules/bluebird/js/release/async.js.Async._drainQueues (http://localhost:51292/__cypress/runner/cypress_runner.js:7928:5)\n    at Async.drainQueues (http://localhost:51292/__cypress/runner/cypress_runner.js:7798:14)\nFrom Your Spec Code:\n    at Context.eval (http://localhost:51292/__cypress/tests?p=cypress/integration/formlabs/search/search_on_site_desktop.js:192:10)",
                "diff": null
              },
              "uuid": "0637a662-a1ec-4bc0-8da3-a2ece29a8776",
              "parentUUID": "f518032b-b7aa-4349-9dc3-3385798f93dd",
              "isHook": false,
              "skipped": false
            },
            {
              "title": "TC4.1 : (Country Code: uk): Tests visibility of different elements on the search panel",
              "fullTitle": "Search on US, UK, EU, DE, ES, FR & IT: Desktop TC4.1 : (Country Code: uk): Tests visibility of different elements on the search panel",
              "timedOut": null,
              "duration": 81,
              "state": "failed",
              "speed": null,
              "pass": false,
              "fail": true,
              "pending": false,
              "context": null,
              "code": "cy.visit(Cypress.env('HOST') + '/' + country.countryCode); // Verify Search icon is visible on navigation bar & click\ncy.get('.fl-v2-fl-search').should('be.visible').click(); // Verify search panel open on search-icon click\ncy.get('div[class^=\"SearchBox_search-bar\"]').should('be.visible').within(() => {\n  // Verify that formlabs logo is visible\n  cy.get('img[alt= \"' + country.logoAlt + '\"]').should('be.visible'); //Verify that search-icon is visible on seaerch bar\n  cy.get('.fl-v2-fl-search').should('be.visible'); // Get search input and verify that it has required placeholder\n  cy.get('input[class^=\"SearchBox_search-box\"]').should('be.visible').should('have.attr', 'placeholder', country.searchBoxPlaceholder); // Verify that “x” icon does not exist for empty search field\n  cy.get('.fl-v2-fl-exit').should('not.exist'); // Get search input, type 3 characters and verify “x” icon appears\n  cy.get('input[class^=\"SearchBox_search-box\"]').type('for');\n  cy.get('.fl-v2-fl-exit').should('be.visible'); // Verify “x” clears search input field\n  cy.get('.fl-v2-fl-exit').click();\n  cy.get('input[class^=\"SearchBox_search-box\"]').invoke('val').should('be.empty');\n}); // Verify that there is Popular Searches heading and there are 5 popular search terms\ncy.contains('Popular Searches').should('be.visible');\ncy.get('p > button[class^=\"SearchBox_animated\"]').should('have.length', '5').and('be.visible'); // Get CANCEL button, should be visible and verify that it closes Search panel\ncy.get('button[class^=\"SearchBox_close\"]').should('be.visible').click();\ncy.get('div[class^=\"SearchBox_search-bar\"]').should('not.exist');",
              "err": {
                "message": "CypressError: `cy.visit()` failed trying to load:\n\nundefined/uk\n\nWe failed looking for this file at the path:\n\n/Users/nizangoldstein/Desktop/guillotine/static/formlabs-web/e2e-cypress/undefined/uk\n\nThe internal Cypress web server responded with:\n\n  > 404: Not Found",
                "estack": "CypressError: `cy.visit()` failed trying to load:\n\nundefined/uk\n\nWe failed looking for this file at the path:\n\n/Users/nizangoldstein/Desktop/guillotine/static/formlabs-web/e2e-cypress/undefined/uk\n\nThe internal Cypress web server responded with:\n\n  > 404: Not Found\n    at http://localhost:51292/__cypress/runner/cypress_runner.js:156062:84\n    at visitFailedByErr (http://localhost:51292/__cypress/runner/cypress_runner.js:155437:12)\n    at http://localhost:51292/__cypress/runner/cypress_runner.js:156042:13\n    at tryCatcher (http://localhost:51292/__cypress/runner/cypress_runner.js:13212:23)\n    at Promise._settlePromiseFromHandler (http://localhost:51292/__cypress/runner/cypress_runner.js:11147:31)\n    at Promise._settlePromise (http://localhost:51292/__cypress/runner/cypress_runner.js:11204:18)\n    at Promise._settlePromise0 (http://localhost:51292/__cypress/runner/cypress_runner.js:11249:10)\n    at Promise._settlePromises (http://localhost:51292/__cypress/runner/cypress_runner.js:11325:18)\n    at _drainQueueStep (http://localhost:51292/__cypress/runner/cypress_runner.js:7919:12)\n    at _drainQueue (http://localhost:51292/__cypress/runner/cypress_runner.js:7912:9)\n    at Async.../../node_modules/bluebird/js/release/async.js.Async._drainQueues (http://localhost:51292/__cypress/runner/cypress_runner.js:7928:5)\n    at Async.drainQueues (http://localhost:51292/__cypress/runner/cypress_runner.js:7798:14)\nFrom Your Spec Code:\n    at Context.eval (http://localhost:51292/__cypress/tests?p=cypress/integration/formlabs/search/search_on_site_desktop.js:115:10)",
                "diff": null
              },
              "uuid": "07e85847-dba6-4321-8452-df5ecd3178a4",
              "parentUUID": "f518032b-b7aa-4349-9dc3-3385798f93dd",
              "isHook": false,
              "skipped": false
            },
            {
              "title": "TC4.2 : (Country Code: uk): Test popular searches populate search input field",
              "fullTitle": "Search on US, UK, EU, DE, ES, FR & IT: Desktop TC4.2 : (Country Code: uk): Test popular searches populate search input field",
              "timedOut": null,
              "duration": 81,
              "state": "failed",
              "speed": null,
              "pass": false,
              "fail": true,
              "pending": false,
              "context": null,
              "code": "cy.visit(Cypress.env('HOST') + '/' + country.countryCode); // Open search panel\ncy.get('.fl-v2-fl-search').click(); // Get popular search terms and select/click second term\ncy.get('p > button[class^=\"SearchBox_animated\"]').eq(1).click().invoke('text').then(searchQuery => {\n  // Verify that search input value has been updated with the selected term\n  cy.get('input[class^=\"SearchBox_search-box\"]').invoke('val').should('eq', searchQuery); // Verify that heading 'Search Results for \"<Search Query>\"' contain selected term\n  cy.get('#search-results > h4').should('be.visible').and('contain', searchQuery);\n}); // Test all three main parts of search results: Products, Pages and Blog Posts\ncy.testValidSearchQueryResults(country.countryCode, country.shopURL, country.pagesResultHeading);",
              "err": {
                "message": "CypressError: `cy.visit()` failed trying to load:\n\nundefined/uk\n\nWe failed looking for this file at the path:\n\n/Users/nizangoldstein/Desktop/guillotine/static/formlabs-web/e2e-cypress/undefined/uk\n\nThe internal Cypress web server responded with:\n\n  > 404: Not Found",
                "estack": "CypressError: `cy.visit()` failed trying to load:\n\nundefined/uk\n\nWe failed looking for this file at the path:\n\n/Users/nizangoldstein/Desktop/guillotine/static/formlabs-web/e2e-cypress/undefined/uk\n\nThe internal Cypress web server responded with:\n\n  > 404: Not Found\n    at http://localhost:51292/__cypress/runner/cypress_runner.js:156062:84\n    at visitFailedByErr (http://localhost:51292/__cypress/runner/cypress_runner.js:155437:12)\n    at http://localhost:51292/__cypress/runner/cypress_runner.js:156042:13\n    at tryCatcher (http://localhost:51292/__cypress/runner/cypress_runner.js:13212:23)\n    at Promise._settlePromiseFromHandler (http://localhost:51292/__cypress/runner/cypress_runner.js:11147:31)\n    at Promise._settlePromise (http://localhost:51292/__cypress/runner/cypress_runner.js:11204:18)\n    at Promise._settlePromise0 (http://localhost:51292/__cypress/runner/cypress_runner.js:11249:10)\n    at Promise._settlePromises (http://localhost:51292/__cypress/runner/cypress_runner.js:11325:18)\n    at _drainQueueStep (http://localhost:51292/__cypress/runner/cypress_runner.js:7919:12)\n    at _drainQueue (http://localhost:51292/__cypress/runner/cypress_runner.js:7912:9)\n    at Async.../../node_modules/bluebird/js/release/async.js.Async._drainQueues (http://localhost:51292/__cypress/runner/cypress_runner.js:7928:5)\n    at Async.drainQueues (http://localhost:51292/__cypress/runner/cypress_runner.js:7798:14)\nFrom Your Spec Code:\n    at Context.eval (http://localhost:51292/__cypress/tests?p=cypress/integration/formlabs/search/search_on_site_desktop.js:143:10)",
                "diff": null
              },
              "uuid": "02749847-7286-473b-b9af-54cc2c952f3c",
              "parentUUID": "f518032b-b7aa-4349-9dc3-3385798f93dd",
              "isHook": false,
              "skipped": false
            },
            {
              "title": "TC4.3 : (Country Code: uk): Test search closes when navigating to a result",
              "fullTitle": "Search on US, UK, EU, DE, ES, FR & IT: Desktop TC4.3 : (Country Code: uk): Test search closes when navigating to a result",
              "timedOut": null,
              "duration": 80,
              "state": "failed",
              "speed": null,
              "pass": false,
              "fail": true,
              "pending": false,
              "context": null,
              "code": "cy.visit(Cypress.env('HOST') + '/' + country.countryCode); // Open search panel\ncy.get('.fl-v2-fl-search').should('be.visible').click(); // Get search input, type search query\ncy.get('input[class^=\"SearchBox_search-box\"]').type('Form 3'); // Get search results and navigate to first result from pages\ncy.get('#search-results').siblings('div').eq(1).find('h5[class^=\"Header_headerText\"]').eq(0).click(); // Verify search box is closed when navigating to the result\ncy.wait(1000);\ncy.url().should('not.include', '/?search=');\ncy.get('div[class^=\"SearchBox_search-box\"]').should('not.exist');",
              "err": {
                "message": "CypressError: `cy.visit()` failed trying to load:\n\nundefined/uk\n\nWe failed looking for this file at the path:\n\n/Users/nizangoldstein/Desktop/guillotine/static/formlabs-web/e2e-cypress/undefined/uk\n\nThe internal Cypress web server responded with:\n\n  > 404: Not Found",
                "estack": "CypressError: `cy.visit()` failed trying to load:\n\nundefined/uk\n\nWe failed looking for this file at the path:\n\n/Users/nizangoldstein/Desktop/guillotine/static/formlabs-web/e2e-cypress/undefined/uk\n\nThe internal Cypress web server responded with:\n\n  > 404: Not Found\n    at http://localhost:51292/__cypress/runner/cypress_runner.js:156062:84\n    at visitFailedByErr (http://localhost:51292/__cypress/runner/cypress_runner.js:155437:12)\n    at http://localhost:51292/__cypress/runner/cypress_runner.js:156042:13\n    at tryCatcher (http://localhost:51292/__cypress/runner/cypress_runner.js:13212:23)\n    at Promise._settlePromiseFromHandler (http://localhost:51292/__cypress/runner/cypress_runner.js:11147:31)\n    at Promise._settlePromise (http://localhost:51292/__cypress/runner/cypress_runner.js:11204:18)\n    at Promise._settlePromise0 (http://localhost:51292/__cypress/runner/cypress_runner.js:11249:10)\n    at Promise._settlePromises (http://localhost:51292/__cypress/runner/cypress_runner.js:11325:18)\n    at _drainQueueStep (http://localhost:51292/__cypress/runner/cypress_runner.js:7919:12)\n    at _drainQueue (http://localhost:51292/__cypress/runner/cypress_runner.js:7912:9)\n    at Async.../../node_modules/bluebird/js/release/async.js.Async._drainQueues (http://localhost:51292/__cypress/runner/cypress_runner.js:7928:5)\n    at Async.drainQueues (http://localhost:51292/__cypress/runner/cypress_runner.js:7798:14)\nFrom Your Spec Code:\n    at Context.eval (http://localhost:51292/__cypress/tests?p=cypress/integration/formlabs/search/search_on_site_desktop.js:157:10)",
                "diff": null
              },
              "uuid": "93c30f12-b8b5-4f73-b08f-fb87339d12a0",
              "parentUUID": "f518032b-b7aa-4349-9dc3-3385798f93dd",
              "isHook": false,
              "skipped": false
            },
            {
              "title": "TC4.4 : (Country Code: uk): Test search results for \"Form 3\" query",
              "fullTitle": "Search on US, UK, EU, DE, ES, FR & IT: Desktop TC4.4 : (Country Code: uk): Test search results for \"Form 3\" query",
              "timedOut": null,
              "duration": 117,
              "state": "failed",
              "speed": null,
              "pass": false,
              "fail": true,
              "pending": false,
              "context": null,
              "code": "cy.visit(Cypress.env('HOST') + '/' + country.countryCode); // Open search panel\ncy.get('.fl-v2-fl-search').click(); // Get search input and type search query\ncy.get('input[class^=\"SearchBox_search-box\"]').type('Form 3'); // Get 'Search Results for \"<Search Query>\"' heading and verify that it contains searched query\ncy.get('#search-results > h4').should('be.visible').and('contain', 'Form 3'); // Test all three main parts of search results: Products, Pages and Blog Posts\ncy.testValidSearchQueryResults(country.countryCode, country.shopURL, country.pagesResultHeading);",
              "err": {
                "message": "CypressError: `cy.visit()` failed trying to load:\n\nundefined/uk\n\nWe failed looking for this file at the path:\n\n/Users/nizangoldstein/Desktop/guillotine/static/formlabs-web/e2e-cypress/undefined/uk\n\nThe internal Cypress web server responded with:\n\n  > 404: Not Found",
                "estack": "CypressError: `cy.visit()` failed trying to load:\n\nundefined/uk\n\nWe failed looking for this file at the path:\n\n/Users/nizangoldstein/Desktop/guillotine/static/formlabs-web/e2e-cypress/undefined/uk\n\nThe internal Cypress web server responded with:\n\n  > 404: Not Found\n    at http://localhost:51292/__cypress/runner/cypress_runner.js:156062:84\n    at visitFailedByErr (http://localhost:51292/__cypress/runner/cypress_runner.js:155437:12)\n    at http://localhost:51292/__cypress/runner/cypress_runner.js:156042:13\n    at tryCatcher (http://localhost:51292/__cypress/runner/cypress_runner.js:13212:23)\n    at Promise._settlePromiseFromHandler (http://localhost:51292/__cypress/runner/cypress_runner.js:11147:31)\n    at Promise._settlePromise (http://localhost:51292/__cypress/runner/cypress_runner.js:11204:18)\n    at Promise._settlePromise0 (http://localhost:51292/__cypress/runner/cypress_runner.js:11249:10)\n    at Promise._settlePromises (http://localhost:51292/__cypress/runner/cypress_runner.js:11325:18)\n    at _drainQueueStep (http://localhost:51292/__cypress/runner/cypress_runner.js:7919:12)\n    at _drainQueue (http://localhost:51292/__cypress/runner/cypress_runner.js:7912:9)\n    at Async.../../node_modules/bluebird/js/release/async.js.Async._drainQueues (http://localhost:51292/__cypress/runner/cypress_runner.js:7928:5)\n    at Async.drainQueues (http://localhost:51292/__cypress/runner/cypress_runner.js:7798:14)\nFrom Your Spec Code:\n    at Context.eval (http://localhost:51292/__cypress/tests?p=cypress/integration/formlabs/search/search_on_site_desktop.js:170:10)",
                "diff": null
              },
              "uuid": "7688bb21-2dfe-4889-883a-e50a21f5587f",
              "parentUUID": "f518032b-b7aa-4349-9dc3-3385798f93dd",
              "isHook": false,
              "skipped": false
            },
            {
              "title": "TC4.5 : (Country Code: uk): Test results for SKU number query",
              "fullTitle": "Search on US, UK, EU, DE, ES, FR & IT: Desktop TC4.5 : (Country Code: uk): Test results for SKU number query",
              "timedOut": null,
              "duration": 111,
              "state": "failed",
              "speed": null,
              "pass": false,
              "fail": true,
              "pending": false,
              "context": null,
              "code": "cy.visit(Cypress.env('HOST') + '/' + country.countryCode); // Open search panel\ncy.get('.fl-v2-fl-search').should('be.visible').click(); // Get search input and type search query\ncy.get('input[class^=\"SearchBox_search-box\"]').type('PKG-F3-SVC-BASI'); // Get 'Search Results for \"<Search Query>\"' heading and verify that it contains searched query\ncy.get('#search-results > h4').should('be.visible').and('contain', 'PKG-F3-SVC-BASI'); // Test all three main parts of search results: Products, Pages and Blog Posts\ncy.testValidSearchQueryResults(country.countryCode, country.shopURL, country.pagesResultHeading);",
              "err": {
                "message": "CypressError: `cy.visit()` failed trying to load:\n\nundefined/uk\n\nWe failed looking for this file at the path:\n\n/Users/nizangoldstein/Desktop/guillotine/static/formlabs-web/e2e-cypress/undefined/uk\n\nThe internal Cypress web server responded with:\n\n  > 404: Not Found",
                "estack": "CypressError: `cy.visit()` failed trying to load:\n\nundefined/uk\n\nWe failed looking for this file at the path:\n\n/Users/nizangoldstein/Desktop/guillotine/static/formlabs-web/e2e-cypress/undefined/uk\n\nThe internal Cypress web server responded with:\n\n  > 404: Not Found\n    at http://localhost:51292/__cypress/runner/cypress_runner.js:156062:84\n    at visitFailedByErr (http://localhost:51292/__cypress/runner/cypress_runner.js:155437:12)\n    at http://localhost:51292/__cypress/runner/cypress_runner.js:156042:13\n    at tryCatcher (http://localhost:51292/__cypress/runner/cypress_runner.js:13212:23)\n    at Promise._settlePromiseFromHandler (http://localhost:51292/__cypress/runner/cypress_runner.js:11147:31)\n    at Promise._settlePromise (http://localhost:51292/__cypress/runner/cypress_runner.js:11204:18)\n    at Promise._settlePromise0 (http://localhost:51292/__cypress/runner/cypress_runner.js:11249:10)\n    at Promise._settlePromises (http://localhost:51292/__cypress/runner/cypress_runner.js:11325:18)\n    at _drainQueueStep (http://localhost:51292/__cypress/runner/cypress_runner.js:7919:12)\n    at _drainQueue (http://localhost:51292/__cypress/runner/cypress_runner.js:7912:9)\n    at Async.../../node_modules/bluebird/js/release/async.js.Async._drainQueues (http://localhost:51292/__cypress/runner/cypress_runner.js:7928:5)\n    at Async.drainQueues (http://localhost:51292/__cypress/runner/cypress_runner.js:7798:14)\nFrom Your Spec Code:\n    at Context.eval (http://localhost:51292/__cypress/tests?p=cypress/integration/formlabs/search/search_on_site_desktop.js:181:10)",
                "diff": null
              },
              "uuid": "6782320b-e257-4d61-9d8e-5d7d47623cdc",
              "parentUUID": "f518032b-b7aa-4349-9dc3-3385798f93dd",
              "isHook": false,
              "skipped": false
            },
            {
              "title": "TC4.6 : (Country Code: uk): Test results for Gibberish query",
              "fullTitle": "Search on US, UK, EU, DE, ES, FR & IT: Desktop TC4.6 : (Country Code: uk): Test results for Gibberish query",
              "timedOut": null,
              "duration": 72,
              "state": "failed",
              "speed": null,
              "pass": false,
              "fail": true,
              "pending": false,
              "context": null,
              "code": "cy.visit(Cypress.env('HOST') + '/' + country.countryCode); // Open search panel\ncy.get('.fl-v2-fl-search').should('be.visible').click(); // Get search input and type gibberish search query\ncy.get('input[class^=\"SearchBox_search-box\"]').type('agalkjfdglkjal;fsdg'); // Verify that heading 'Search Results for \"<Search Query>\"' does not exist\ncy.get('#search-results > h4').should('not.exist'); // Verify that there are no search results\ncy.get('#search-results').should('not.exist'); // Verify that there is Popular Searches heading and there are 5 popular search terms\ncy.contains('Popular Searches').should('be.visible');\ncy.get('p > button[class^=\"SearchBox_animated\"]').should('have.length', '5').and('be.visible'); // Verify that no result found announcement banner is visible\ncy.get('div[class^=\"Announcement_content\"]').should('contain', country.noResultFoundText); // Verify that \"Reset your search\" button on announcement banner clears the search input field\ncy.get('button').contains(country.resetButtonText).click();\ncy.get('input[class^=\"SearchBox_search-box\"]').invoke('val').should('be.empty');",
              "err": {
                "message": "CypressError: `cy.visit()` failed trying to load:\n\nundefined/uk\n\nWe failed looking for this file at the path:\n\n/Users/nizangoldstein/Desktop/guillotine/static/formlabs-web/e2e-cypress/undefined/uk\n\nThe internal Cypress web server responded with:\n\n  > 404: Not Found",
                "estack": "CypressError: `cy.visit()` failed trying to load:\n\nundefined/uk\n\nWe failed looking for this file at the path:\n\n/Users/nizangoldstein/Desktop/guillotine/static/formlabs-web/e2e-cypress/undefined/uk\n\nThe internal Cypress web server responded with:\n\n  > 404: Not Found\n    at http://localhost:51292/__cypress/runner/cypress_runner.js:156062:84\n    at visitFailedByErr (http://localhost:51292/__cypress/runner/cypress_runner.js:155437:12)\n    at http://localhost:51292/__cypress/runner/cypress_runner.js:156042:13\n    at tryCatcher (http://localhost:51292/__cypress/runner/cypress_runner.js:13212:23)\n    at Promise._settlePromiseFromHandler (http://localhost:51292/__cypress/runner/cypress_runner.js:11147:31)\n    at Promise._settlePromise (http://localhost:51292/__cypress/runner/cypress_runner.js:11204:18)\n    at Promise._settlePromise0 (http://localhost:51292/__cypress/runner/cypress_runner.js:11249:10)\n    at Promise._settlePromises (http://localhost:51292/__cypress/runner/cypress_runner.js:11325:18)\n    at _drainQueueStep (http://localhost:51292/__cypress/runner/cypress_runner.js:7919:12)\n    at _drainQueue (http://localhost:51292/__cypress/runner/cypress_runner.js:7912:9)\n    at Async.../../node_modules/bluebird/js/release/async.js.Async._drainQueues (http://localhost:51292/__cypress/runner/cypress_runner.js:7928:5)\n    at Async.drainQueues (http://localhost:51292/__cypress/runner/cypress_runner.js:7798:14)\nFrom Your Spec Code:\n    at Context.eval (http://localhost:51292/__cypress/tests?p=cypress/integration/formlabs/search/search_on_site_desktop.js:192:10)",
                "diff": null
              },
              "uuid": "4268d793-d652-449d-ab9c-ce43845b7d0d",
              "parentUUID": "f518032b-b7aa-4349-9dc3-3385798f93dd",
              "isHook": false,
              "skipped": false
            },
            {
              "title": "TC4.1 : (Country Code: eu): Tests visibility of different elements on the search panel",
              "fullTitle": "Search on US, UK, EU, DE, ES, FR & IT: Desktop TC4.1 : (Country Code: eu): Tests visibility of different elements on the search panel",
              "timedOut": null,
              "duration": 94,
              "state": "failed",
              "speed": null,
              "pass": false,
              "fail": true,
              "pending": false,
              "context": null,
              "code": "cy.visit(Cypress.env('HOST') + '/' + country.countryCode); // Verify Search icon is visible on navigation bar & click\ncy.get('.fl-v2-fl-search').should('be.visible').click(); // Verify search panel open on search-icon click\ncy.get('div[class^=\"SearchBox_search-bar\"]').should('be.visible').within(() => {\n  // Verify that formlabs logo is visible\n  cy.get('img[alt= \"' + country.logoAlt + '\"]').should('be.visible'); //Verify that search-icon is visible on seaerch bar\n  cy.get('.fl-v2-fl-search').should('be.visible'); // Get search input and verify that it has required placeholder\n  cy.get('input[class^=\"SearchBox_search-box\"]').should('be.visible').should('have.attr', 'placeholder', country.searchBoxPlaceholder); // Verify that “x” icon does not exist for empty search field\n  cy.get('.fl-v2-fl-exit').should('not.exist'); // Get search input, type 3 characters and verify “x” icon appears\n  cy.get('input[class^=\"SearchBox_search-box\"]').type('for');\n  cy.get('.fl-v2-fl-exit').should('be.visible'); // Verify “x” clears search input field\n  cy.get('.fl-v2-fl-exit').click();\n  cy.get('input[class^=\"SearchBox_search-box\"]').invoke('val').should('be.empty');\n}); // Verify that there is Popular Searches heading and there are 5 popular search terms\ncy.contains('Popular Searches').should('be.visible');\ncy.get('p > button[class^=\"SearchBox_animated\"]').should('have.length', '5').and('be.visible'); // Get CANCEL button, should be visible and verify that it closes Search panel\ncy.get('button[class^=\"SearchBox_close\"]').should('be.visible').click();\ncy.get('div[class^=\"SearchBox_search-bar\"]').should('not.exist');",
              "err": {
                "message": "CypressError: `cy.visit()` failed trying to load:\n\nundefined/eu\n\nWe failed looking for this file at the path:\n\n/Users/nizangoldstein/Desktop/guillotine/static/formlabs-web/e2e-cypress/undefined/eu\n\nThe internal Cypress web server responded with:\n\n  > 404: Not Found",
                "estack": "CypressError: `cy.visit()` failed trying to load:\n\nundefined/eu\n\nWe failed looking for this file at the path:\n\n/Users/nizangoldstein/Desktop/guillotine/static/formlabs-web/e2e-cypress/undefined/eu\n\nThe internal Cypress web server responded with:\n\n  > 404: Not Found\n    at http://localhost:51292/__cypress/runner/cypress_runner.js:156062:84\n    at visitFailedByErr (http://localhost:51292/__cypress/runner/cypress_runner.js:155437:12)\n    at http://localhost:51292/__cypress/runner/cypress_runner.js:156042:13\n    at tryCatcher (http://localhost:51292/__cypress/runner/cypress_runner.js:13212:23)\n    at Promise._settlePromiseFromHandler (http://localhost:51292/__cypress/runner/cypress_runner.js:11147:31)\n    at Promise._settlePromise (http://localhost:51292/__cypress/runner/cypress_runner.js:11204:18)\n    at Promise._settlePromise0 (http://localhost:51292/__cypress/runner/cypress_runner.js:11249:10)\n    at Promise._settlePromises (http://localhost:51292/__cypress/runner/cypress_runner.js:11325:18)\n    at _drainQueueStep (http://localhost:51292/__cypress/runner/cypress_runner.js:7919:12)\n    at _drainQueue (http://localhost:51292/__cypress/runner/cypress_runner.js:7912:9)\n    at Async.../../node_modules/bluebird/js/release/async.js.Async._drainQueues (http://localhost:51292/__cypress/runner/cypress_runner.js:7928:5)\n    at Async.drainQueues (http://localhost:51292/__cypress/runner/cypress_runner.js:7798:14)\nFrom Your Spec Code:\n    at Context.eval (http://localhost:51292/__cypress/tests?p=cypress/integration/formlabs/search/search_on_site_desktop.js:115:10)",
                "diff": null
              },
              "uuid": "1281f5fe-cdbf-4141-a39d-94993f6fc07c",
              "parentUUID": "f518032b-b7aa-4349-9dc3-3385798f93dd",
              "isHook": false,
              "skipped": false
            },
            {
              "title": "TC4.2 : (Country Code: eu): Test popular searches populate search input field",
              "fullTitle": "Search on US, UK, EU, DE, ES, FR & IT: Desktop TC4.2 : (Country Code: eu): Test popular searches populate search input field",
              "timedOut": null,
              "duration": 129,
              "state": "failed",
              "speed": null,
              "pass": false,
              "fail": true,
              "pending": false,
              "context": null,
              "code": "cy.visit(Cypress.env('HOST') + '/' + country.countryCode); // Open search panel\ncy.get('.fl-v2-fl-search').click(); // Get popular search terms and select/click second term\ncy.get('p > button[class^=\"SearchBox_animated\"]').eq(1).click().invoke('text').then(searchQuery => {\n  // Verify that search input value has been updated with the selected term\n  cy.get('input[class^=\"SearchBox_search-box\"]').invoke('val').should('eq', searchQuery); // Verify that heading 'Search Results for \"<Search Query>\"' contain selected term\n  cy.get('#search-results > h4').should('be.visible').and('contain', searchQuery);\n}); // Test all three main parts of search results: Products, Pages and Blog Posts\ncy.testValidSearchQueryResults(country.countryCode, country.shopURL, country.pagesResultHeading);",
              "err": {
                "message": "CypressError: `cy.visit()` failed trying to load:\n\nundefined/eu\n\nWe failed looking for this file at the path:\n\n/Users/nizangoldstein/Desktop/guillotine/static/formlabs-web/e2e-cypress/undefined/eu\n\nThe internal Cypress web server responded with:\n\n  > 404: Not Found",
                "estack": "CypressError: `cy.visit()` failed trying to load:\n\nundefined/eu\n\nWe failed looking for this file at the path:\n\n/Users/nizangoldstein/Desktop/guillotine/static/formlabs-web/e2e-cypress/undefined/eu\n\nThe internal Cypress web server responded with:\n\n  > 404: Not Found\n    at http://localhost:51292/__cypress/runner/cypress_runner.js:156062:84\n    at visitFailedByErr (http://localhost:51292/__cypress/runner/cypress_runner.js:155437:12)\n    at http://localhost:51292/__cypress/runner/cypress_runner.js:156042:13\n    at tryCatcher (http://localhost:51292/__cypress/runner/cypress_runner.js:13212:23)\n    at Promise._settlePromiseFromHandler (http://localhost:51292/__cypress/runner/cypress_runner.js:11147:31)\n    at Promise._settlePromise (http://localhost:51292/__cypress/runner/cypress_runner.js:11204:18)\n    at Promise._settlePromise0 (http://localhost:51292/__cypress/runner/cypress_runner.js:11249:10)\n    at Promise._settlePromises (http://localhost:51292/__cypress/runner/cypress_runner.js:11325:18)\n    at _drainQueueStep (http://localhost:51292/__cypress/runner/cypress_runner.js:7919:12)\n    at _drainQueue (http://localhost:51292/__cypress/runner/cypress_runner.js:7912:9)\n    at Async.../../node_modules/bluebird/js/release/async.js.Async._drainQueues (http://localhost:51292/__cypress/runner/cypress_runner.js:7928:5)\n    at Async.drainQueues (http://localhost:51292/__cypress/runner/cypress_runner.js:7798:14)\nFrom Your Spec Code:\n    at Context.eval (http://localhost:51292/__cypress/tests?p=cypress/integration/formlabs/search/search_on_site_desktop.js:143:10)",
                "diff": null
              },
              "uuid": "4c87db8d-a784-4e8c-8a74-ec64ff4ff813",
              "parentUUID": "f518032b-b7aa-4349-9dc3-3385798f93dd",
              "isHook": false,
              "skipped": false
            },
            {
              "title": "TC4.3 : (Country Code: eu): Test search closes when navigating to a result",
              "fullTitle": "Search on US, UK, EU, DE, ES, FR & IT: Desktop TC4.3 : (Country Code: eu): Test search closes when navigating to a result",
              "timedOut": null,
              "duration": 104,
              "state": "failed",
              "speed": null,
              "pass": false,
              "fail": true,
              "pending": false,
              "context": null,
              "code": "cy.visit(Cypress.env('HOST') + '/' + country.countryCode); // Open search panel\ncy.get('.fl-v2-fl-search').should('be.visible').click(); // Get search input, type search query\ncy.get('input[class^=\"SearchBox_search-box\"]').type('Form 3'); // Get search results and navigate to first result from pages\ncy.get('#search-results').siblings('div').eq(1).find('h5[class^=\"Header_headerText\"]').eq(0).click(); // Verify search box is closed when navigating to the result\ncy.wait(1000);\ncy.url().should('not.include', '/?search=');\ncy.get('div[class^=\"SearchBox_search-box\"]').should('not.exist');",
              "err": {
                "message": "CypressError: `cy.visit()` failed trying to load:\n\nundefined/eu\n\nWe failed looking for this file at the path:\n\n/Users/nizangoldstein/Desktop/guillotine/static/formlabs-web/e2e-cypress/undefined/eu\n\nThe internal Cypress web server responded with:\n\n  > 404: Not Found",
                "estack": "CypressError: `cy.visit()` failed trying to load:\n\nundefined/eu\n\nWe failed looking for this file at the path:\n\n/Users/nizangoldstein/Desktop/guillotine/static/formlabs-web/e2e-cypress/undefined/eu\n\nThe internal Cypress web server responded with:\n\n  > 404: Not Found\n    at http://localhost:51292/__cypress/runner/cypress_runner.js:156062:84\n    at visitFailedByErr (http://localhost:51292/__cypress/runner/cypress_runner.js:155437:12)\n    at http://localhost:51292/__cypress/runner/cypress_runner.js:156042:13\n    at tryCatcher (http://localhost:51292/__cypress/runner/cypress_runner.js:13212:23)\n    at Promise._settlePromiseFromHandler (http://localhost:51292/__cypress/runner/cypress_runner.js:11147:31)\n    at Promise._settlePromise (http://localhost:51292/__cypress/runner/cypress_runner.js:11204:18)\n    at Promise._settlePromise0 (http://localhost:51292/__cypress/runner/cypress_runner.js:11249:10)\n    at Promise._settlePromises (http://localhost:51292/__cypress/runner/cypress_runner.js:11325:18)\n    at _drainQueueStep (http://localhost:51292/__cypress/runner/cypress_runner.js:7919:12)\n    at _drainQueue (http://localhost:51292/__cypress/runner/cypress_runner.js:7912:9)\n    at Async.../../node_modules/bluebird/js/release/async.js.Async._drainQueues (http://localhost:51292/__cypress/runner/cypress_runner.js:7928:5)\n    at Async.drainQueues (http://localhost:51292/__cypress/runner/cypress_runner.js:7798:14)\nFrom Your Spec Code:\n    at Context.eval (http://localhost:51292/__cypress/tests?p=cypress/integration/formlabs/search/search_on_site_desktop.js:157:10)",
                "diff": null
              },
              "uuid": "dafae640-4eb6-491a-8857-b3f38b9793e7",
              "parentUUID": "f518032b-b7aa-4349-9dc3-3385798f93dd",
              "isHook": false,
              "skipped": false
            },
            {
              "title": "TC4.4 : (Country Code: eu): Test search results for \"Form 3\" query",
              "fullTitle": "Search on US, UK, EU, DE, ES, FR & IT: Desktop TC4.4 : (Country Code: eu): Test search results for \"Form 3\" query",
              "timedOut": null,
              "duration": 108,
              "state": "failed",
              "speed": null,
              "pass": false,
              "fail": true,
              "pending": false,
              "context": null,
              "code": "cy.visit(Cypress.env('HOST') + '/' + country.countryCode); // Open search panel\ncy.get('.fl-v2-fl-search').click(); // Get search input and type search query\ncy.get('input[class^=\"SearchBox_search-box\"]').type('Form 3'); // Get 'Search Results for \"<Search Query>\"' heading and verify that it contains searched query\ncy.get('#search-results > h4').should('be.visible').and('contain', 'Form 3'); // Test all three main parts of search results: Products, Pages and Blog Posts\ncy.testValidSearchQueryResults(country.countryCode, country.shopURL, country.pagesResultHeading);",
              "err": {
                "message": "CypressError: `cy.visit()` failed trying to load:\n\nundefined/eu\n\nWe failed looking for this file at the path:\n\n/Users/nizangoldstein/Desktop/guillotine/static/formlabs-web/e2e-cypress/undefined/eu\n\nThe internal Cypress web server responded with:\n\n  > 404: Not Found",
                "estack": "CypressError: `cy.visit()` failed trying to load:\n\nundefined/eu\n\nWe failed looking for this file at the path:\n\n/Users/nizangoldstein/Desktop/guillotine/static/formlabs-web/e2e-cypress/undefined/eu\n\nThe internal Cypress web server responded with:\n\n  > 404: Not Found\n    at http://localhost:51292/__cypress/runner/cypress_runner.js:156062:84\n    at visitFailedByErr (http://localhost:51292/__cypress/runner/cypress_runner.js:155437:12)\n    at http://localhost:51292/__cypress/runner/cypress_runner.js:156042:13\n    at tryCatcher (http://localhost:51292/__cypress/runner/cypress_runner.js:13212:23)\n    at Promise._settlePromiseFromHandler (http://localhost:51292/__cypress/runner/cypress_runner.js:11147:31)\n    at Promise._settlePromise (http://localhost:51292/__cypress/runner/cypress_runner.js:11204:18)\n    at Promise._settlePromise0 (http://localhost:51292/__cypress/runner/cypress_runner.js:11249:10)\n    at Promise._settlePromises (http://localhost:51292/__cypress/runner/cypress_runner.js:11325:18)\n    at _drainQueueStep (http://localhost:51292/__cypress/runner/cypress_runner.js:7919:12)\n    at _drainQueue (http://localhost:51292/__cypress/runner/cypress_runner.js:7912:9)\n    at Async.../../node_modules/bluebird/js/release/async.js.Async._drainQueues (http://localhost:51292/__cypress/runner/cypress_runner.js:7928:5)\n    at Async.drainQueues (http://localhost:51292/__cypress/runner/cypress_runner.js:7798:14)\nFrom Your Spec Code:\n    at Context.eval (http://localhost:51292/__cypress/tests?p=cypress/integration/formlabs/search/search_on_site_desktop.js:170:10)",
                "diff": null
              },
              "uuid": "7ddeb750-eab3-4149-ac1b-cbfc596634c2",
              "parentUUID": "f518032b-b7aa-4349-9dc3-3385798f93dd",
              "isHook": false,
              "skipped": false
            },
            {
              "title": "TC4.5 : (Country Code: eu): Test results for SKU number query",
              "fullTitle": "Search on US, UK, EU, DE, ES, FR & IT: Desktop TC4.5 : (Country Code: eu): Test results for SKU number query",
              "timedOut": null,
              "duration": 140,
              "state": "failed",
              "speed": null,
              "pass": false,
              "fail": true,
              "pending": false,
              "context": null,
              "code": "cy.visit(Cypress.env('HOST') + '/' + country.countryCode); // Open search panel\ncy.get('.fl-v2-fl-search').should('be.visible').click(); // Get search input and type search query\ncy.get('input[class^=\"SearchBox_search-box\"]').type('PKG-F3-SVC-BASI'); // Get 'Search Results for \"<Search Query>\"' heading and verify that it contains searched query\ncy.get('#search-results > h4').should('be.visible').and('contain', 'PKG-F3-SVC-BASI'); // Test all three main parts of search results: Products, Pages and Blog Posts\ncy.testValidSearchQueryResults(country.countryCode, country.shopURL, country.pagesResultHeading);",
              "err": {
                "message": "CypressError: `cy.visit()` failed trying to load:\n\nundefined/eu\n\nWe failed looking for this file at the path:\n\n/Users/nizangoldstein/Desktop/guillotine/static/formlabs-web/e2e-cypress/undefined/eu\n\nThe internal Cypress web server responded with:\n\n  > 404: Not Found",
                "estack": "CypressError: `cy.visit()` failed trying to load:\n\nundefined/eu\n\nWe failed looking for this file at the path:\n\n/Users/nizangoldstein/Desktop/guillotine/static/formlabs-web/e2e-cypress/undefined/eu\n\nThe internal Cypress web server responded with:\n\n  > 404: Not Found\n    at http://localhost:51292/__cypress/runner/cypress_runner.js:156062:84\n    at visitFailedByErr (http://localhost:51292/__cypress/runner/cypress_runner.js:155437:12)\n    at http://localhost:51292/__cypress/runner/cypress_runner.js:156042:13\n    at tryCatcher (http://localhost:51292/__cypress/runner/cypress_runner.js:13212:23)\n    at Promise._settlePromiseFromHandler (http://localhost:51292/__cypress/runner/cypress_runner.js:11147:31)\n    at Promise._settlePromise (http://localhost:51292/__cypress/runner/cypress_runner.js:11204:18)\n    at Promise._settlePromise0 (http://localhost:51292/__cypress/runner/cypress_runner.js:11249:10)\n    at Promise._settlePromises (http://localhost:51292/__cypress/runner/cypress_runner.js:11325:18)\n    at _drainQueueStep (http://localhost:51292/__cypress/runner/cypress_runner.js:7919:12)\n    at _drainQueue (http://localhost:51292/__cypress/runner/cypress_runner.js:7912:9)\n    at Async.../../node_modules/bluebird/js/release/async.js.Async._drainQueues (http://localhost:51292/__cypress/runner/cypress_runner.js:7928:5)\n    at Async.drainQueues (http://localhost:51292/__cypress/runner/cypress_runner.js:7798:14)\nFrom Your Spec Code:\n    at Context.eval (http://localhost:51292/__cypress/tests?p=cypress/integration/formlabs/search/search_on_site_desktop.js:181:10)",
                "diff": null
              },
              "uuid": "d1f2af98-0afa-428e-920e-c509bece6892",
              "parentUUID": "f518032b-b7aa-4349-9dc3-3385798f93dd",
              "isHook": false,
              "skipped": false
            },
            {
              "title": "TC4.6 : (Country Code: eu): Test results for Gibberish query",
              "fullTitle": "Search on US, UK, EU, DE, ES, FR & IT: Desktop TC4.6 : (Country Code: eu): Test results for Gibberish query",
              "timedOut": null,
              "duration": 112,
              "state": "failed",
              "speed": null,
              "pass": false,
              "fail": true,
              "pending": false,
              "context": null,
              "code": "cy.visit(Cypress.env('HOST') + '/' + country.countryCode); // Open search panel\ncy.get('.fl-v2-fl-search').should('be.visible').click(); // Get search input and type gibberish search query\ncy.get('input[class^=\"SearchBox_search-box\"]').type('agalkjfdglkjal;fsdg'); // Verify that heading 'Search Results for \"<Search Query>\"' does not exist\ncy.get('#search-results > h4').should('not.exist'); // Verify that there are no search results\ncy.get('#search-results').should('not.exist'); // Verify that there is Popular Searches heading and there are 5 popular search terms\ncy.contains('Popular Searches').should('be.visible');\ncy.get('p > button[class^=\"SearchBox_animated\"]').should('have.length', '5').and('be.visible'); // Verify that no result found announcement banner is visible\ncy.get('div[class^=\"Announcement_content\"]').should('contain', country.noResultFoundText); // Verify that \"Reset your search\" button on announcement banner clears the search input field\ncy.get('button').contains(country.resetButtonText).click();\ncy.get('input[class^=\"SearchBox_search-box\"]').invoke('val').should('be.empty');",
              "err": {
                "message": "CypressError: `cy.visit()` failed trying to load:\n\nundefined/eu\n\nWe failed looking for this file at the path:\n\n/Users/nizangoldstein/Desktop/guillotine/static/formlabs-web/e2e-cypress/undefined/eu\n\nThe internal Cypress web server responded with:\n\n  > 404: Not Found",
                "estack": "CypressError: `cy.visit()` failed trying to load:\n\nundefined/eu\n\nWe failed looking for this file at the path:\n\n/Users/nizangoldstein/Desktop/guillotine/static/formlabs-web/e2e-cypress/undefined/eu\n\nThe internal Cypress web server responded with:\n\n  > 404: Not Found\n    at http://localhost:51292/__cypress/runner/cypress_runner.js:156062:84\n    at visitFailedByErr (http://localhost:51292/__cypress/runner/cypress_runner.js:155437:12)\n    at http://localhost:51292/__cypress/runner/cypress_runner.js:156042:13\n    at tryCatcher (http://localhost:51292/__cypress/runner/cypress_runner.js:13212:23)\n    at Promise._settlePromiseFromHandler (http://localhost:51292/__cypress/runner/cypress_runner.js:11147:31)\n    at Promise._settlePromise (http://localhost:51292/__cypress/runner/cypress_runner.js:11204:18)\n    at Promise._settlePromise0 (http://localhost:51292/__cypress/runner/cypress_runner.js:11249:10)\n    at Promise._settlePromises (http://localhost:51292/__cypress/runner/cypress_runner.js:11325:18)\n    at _drainQueueStep (http://localhost:51292/__cypress/runner/cypress_runner.js:7919:12)\n    at _drainQueue (http://localhost:51292/__cypress/runner/cypress_runner.js:7912:9)\n    at Async.../../node_modules/bluebird/js/release/async.js.Async._drainQueues (http://localhost:51292/__cypress/runner/cypress_runner.js:7928:5)\n    at Async.drainQueues (http://localhost:51292/__cypress/runner/cypress_runner.js:7798:14)\nFrom Your Spec Code:\n    at Context.eval (http://localhost:51292/__cypress/tests?p=cypress/integration/formlabs/search/search_on_site_desktop.js:192:10)",
                "diff": null
              },
              "uuid": "377d6fbf-4f46-4f73-b993-d84c12d2f2c6",
              "parentUUID": "f518032b-b7aa-4349-9dc3-3385798f93dd",
              "isHook": false,
              "skipped": false
            },
            {
              "title": "TC4.1 : (Country Code: de): Tests visibility of different elements on the search panel",
              "fullTitle": "Search on US, UK, EU, DE, ES, FR & IT: Desktop TC4.1 : (Country Code: de): Tests visibility of different elements on the search panel",
              "timedOut": null,
              "duration": 152,
              "state": "failed",
              "speed": null,
              "pass": false,
              "fail": true,
              "pending": false,
              "context": null,
              "code": "cy.visit(Cypress.env('HOST') + '/' + country.countryCode); // Verify Search icon is visible on navigation bar & click\ncy.get('.fl-v2-fl-search').should('be.visible').click(); // Verify search panel open on search-icon click\ncy.get('div[class^=\"SearchBox_search-bar\"]').should('be.visible').within(() => {\n  // Verify that formlabs logo is visible\n  cy.get('img[alt= \"' + country.logoAlt + '\"]').should('be.visible'); //Verify that search-icon is visible on seaerch bar\n  cy.get('.fl-v2-fl-search').should('be.visible'); // Get search input and verify that it has required placeholder\n  cy.get('input[class^=\"SearchBox_search-box\"]').should('be.visible').should('have.attr', 'placeholder', country.searchBoxPlaceholder); // Verify that “x” icon does not exist for empty search field\n  cy.get('.fl-v2-fl-exit').should('not.exist'); // Get search input, type 3 characters and verify “x” icon appears\n  cy.get('input[class^=\"SearchBox_search-box\"]').type('for');\n  cy.get('.fl-v2-fl-exit').should('be.visible'); // Verify “x” clears search input field\n  cy.get('.fl-v2-fl-exit').click();\n  cy.get('input[class^=\"SearchBox_search-box\"]').invoke('val').should('be.empty');\n}); // Verify that there is Popular Searches heading and there are 5 popular search terms\ncy.contains('Popular Searches').should('be.visible');\ncy.get('p > button[class^=\"SearchBox_animated\"]').should('have.length', '5').and('be.visible'); // Get CANCEL button, should be visible and verify that it closes Search panel\ncy.get('button[class^=\"SearchBox_close\"]').should('be.visible').click();\ncy.get('div[class^=\"SearchBox_search-bar\"]').should('not.exist');",
              "err": {
                "message": "CypressError: `cy.visit()` failed trying to load:\n\nundefined/de\n\nWe failed looking for this file at the path:\n\n/Users/nizangoldstein/Desktop/guillotine/static/formlabs-web/e2e-cypress/undefined/de\n\nThe internal Cypress web server responded with:\n\n  > 404: Not Found",
                "estack": "CypressError: `cy.visit()` failed trying to load:\n\nundefined/de\n\nWe failed looking for this file at the path:\n\n/Users/nizangoldstein/Desktop/guillotine/static/formlabs-web/e2e-cypress/undefined/de\n\nThe internal Cypress web server responded with:\n\n  > 404: Not Found\n    at http://localhost:51292/__cypress/runner/cypress_runner.js:156062:84\n    at visitFailedByErr (http://localhost:51292/__cypress/runner/cypress_runner.js:155437:12)\n    at http://localhost:51292/__cypress/runner/cypress_runner.js:156042:13\n    at tryCatcher (http://localhost:51292/__cypress/runner/cypress_runner.js:13212:23)\n    at Promise._settlePromiseFromHandler (http://localhost:51292/__cypress/runner/cypress_runner.js:11147:31)\n    at Promise._settlePromise (http://localhost:51292/__cypress/runner/cypress_runner.js:11204:18)\n    at Promise._settlePromise0 (http://localhost:51292/__cypress/runner/cypress_runner.js:11249:10)\n    at Promise._settlePromises (http://localhost:51292/__cypress/runner/cypress_runner.js:11325:18)\n    at _drainQueueStep (http://localhost:51292/__cypress/runner/cypress_runner.js:7919:12)\n    at _drainQueue (http://localhost:51292/__cypress/runner/cypress_runner.js:7912:9)\n    at Async.../../node_modules/bluebird/js/release/async.js.Async._drainQueues (http://localhost:51292/__cypress/runner/cypress_runner.js:7928:5)\n    at Async.drainQueues (http://localhost:51292/__cypress/runner/cypress_runner.js:7798:14)\nFrom Your Spec Code:\n    at Context.eval (http://localhost:51292/__cypress/tests?p=cypress/integration/formlabs/search/search_on_site_desktop.js:115:10)",
                "diff": null
              },
              "uuid": "1065eaaa-b81d-415c-a692-cdb91e746972",
              "parentUUID": "f518032b-b7aa-4349-9dc3-3385798f93dd",
              "isHook": false,
              "skipped": false
            },
            {
              "title": "TC4.2 : (Country Code: de): Test popular searches populate search input field",
              "fullTitle": "Search on US, UK, EU, DE, ES, FR & IT: Desktop TC4.2 : (Country Code: de): Test popular searches populate search input field",
              "timedOut": null,
              "duration": 121,
              "state": "failed",
              "speed": null,
              "pass": false,
              "fail": true,
              "pending": false,
              "context": null,
              "code": "cy.visit(Cypress.env('HOST') + '/' + country.countryCode); // Open search panel\ncy.get('.fl-v2-fl-search').click(); // Get popular search terms and select/click second term\ncy.get('p > button[class^=\"SearchBox_animated\"]').eq(1).click().invoke('text').then(searchQuery => {\n  // Verify that search input value has been updated with the selected term\n  cy.get('input[class^=\"SearchBox_search-box\"]').invoke('val').should('eq', searchQuery); // Verify that heading 'Search Results for \"<Search Query>\"' contain selected term\n  cy.get('#search-results > h4').should('be.visible').and('contain', searchQuery);\n}); // Test all three main parts of search results: Products, Pages and Blog Posts\ncy.testValidSearchQueryResults(country.countryCode, country.shopURL, country.pagesResultHeading);",
              "err": {
                "message": "CypressError: `cy.visit()` failed trying to load:\n\nundefined/de\n\nWe failed looking for this file at the path:\n\n/Users/nizangoldstein/Desktop/guillotine/static/formlabs-web/e2e-cypress/undefined/de\n\nThe internal Cypress web server responded with:\n\n  > 404: Not Found",
                "estack": "CypressError: `cy.visit()` failed trying to load:\n\nundefined/de\n\nWe failed looking for this file at the path:\n\n/Users/nizangoldstein/Desktop/guillotine/static/formlabs-web/e2e-cypress/undefined/de\n\nThe internal Cypress web server responded with:\n\n  > 404: Not Found\n    at http://localhost:51292/__cypress/runner/cypress_runner.js:156062:84\n    at visitFailedByErr (http://localhost:51292/__cypress/runner/cypress_runner.js:155437:12)\n    at http://localhost:51292/__cypress/runner/cypress_runner.js:156042:13\n    at tryCatcher (http://localhost:51292/__cypress/runner/cypress_runner.js:13212:23)\n    at Promise._settlePromiseFromHandler (http://localhost:51292/__cypress/runner/cypress_runner.js:11147:31)\n    at Promise._settlePromise (http://localhost:51292/__cypress/runner/cypress_runner.js:11204:18)\n    at Promise._settlePromise0 (http://localhost:51292/__cypress/runner/cypress_runner.js:11249:10)\n    at Promise._settlePromises (http://localhost:51292/__cypress/runner/cypress_runner.js:11325:18)\n    at _drainQueueStep (http://localhost:51292/__cypress/runner/cypress_runner.js:7919:12)\n    at _drainQueue (http://localhost:51292/__cypress/runner/cypress_runner.js:7912:9)\n    at Async.../../node_modules/bluebird/js/release/async.js.Async._drainQueues (http://localhost:51292/__cypress/runner/cypress_runner.js:7928:5)\n    at Async.drainQueues (http://localhost:51292/__cypress/runner/cypress_runner.js:7798:14)\nFrom Your Spec Code:\n    at Context.eval (http://localhost:51292/__cypress/tests?p=cypress/integration/formlabs/search/search_on_site_desktop.js:143:10)",
                "diff": null
              },
              "uuid": "de537277-ed67-4e89-b5da-ff20ceed0557",
              "parentUUID": "f518032b-b7aa-4349-9dc3-3385798f93dd",
              "isHook": false,
              "skipped": false
            },
            {
              "title": "TC4.3 : (Country Code: de): Test search closes when navigating to a result",
              "fullTitle": "Search on US, UK, EU, DE, ES, FR & IT: Desktop TC4.3 : (Country Code: de): Test search closes when navigating to a result",
              "timedOut": null,
              "duration": 165,
              "state": "failed",
              "speed": null,
              "pass": false,
              "fail": true,
              "pending": false,
              "context": null,
              "code": "cy.visit(Cypress.env('HOST') + '/' + country.countryCode); // Open search panel\ncy.get('.fl-v2-fl-search').should('be.visible').click(); // Get search input, type search query\ncy.get('input[class^=\"SearchBox_search-box\"]').type('Form 3'); // Get search results and navigate to first result from pages\ncy.get('#search-results').siblings('div').eq(1).find('h5[class^=\"Header_headerText\"]').eq(0).click(); // Verify search box is closed when navigating to the result\ncy.wait(1000);\ncy.url().should('not.include', '/?search=');\ncy.get('div[class^=\"SearchBox_search-box\"]').should('not.exist');",
              "err": {
                "message": "CypressError: `cy.visit()` failed trying to load:\n\nundefined/de\n\nWe failed looking for this file at the path:\n\n/Users/nizangoldstein/Desktop/guillotine/static/formlabs-web/e2e-cypress/undefined/de\n\nThe internal Cypress web server responded with:\n\n  > 404: Not Found",
                "estack": "CypressError: `cy.visit()` failed trying to load:\n\nundefined/de\n\nWe failed looking for this file at the path:\n\n/Users/nizangoldstein/Desktop/guillotine/static/formlabs-web/e2e-cypress/undefined/de\n\nThe internal Cypress web server responded with:\n\n  > 404: Not Found\n    at http://localhost:51292/__cypress/runner/cypress_runner.js:156062:84\n    at visitFailedByErr (http://localhost:51292/__cypress/runner/cypress_runner.js:155437:12)\n    at http://localhost:51292/__cypress/runner/cypress_runner.js:156042:13\n    at tryCatcher (http://localhost:51292/__cypress/runner/cypress_runner.js:13212:23)\n    at Promise._settlePromiseFromHandler (http://localhost:51292/__cypress/runner/cypress_runner.js:11147:31)\n    at Promise._settlePromise (http://localhost:51292/__cypress/runner/cypress_runner.js:11204:18)\n    at Promise._settlePromise0 (http://localhost:51292/__cypress/runner/cypress_runner.js:11249:10)\n    at Promise._settlePromises (http://localhost:51292/__cypress/runner/cypress_runner.js:11325:18)\n    at _drainQueueStep (http://localhost:51292/__cypress/runner/cypress_runner.js:7919:12)\n    at _drainQueue (http://localhost:51292/__cypress/runner/cypress_runner.js:7912:9)\n    at Async.../../node_modules/bluebird/js/release/async.js.Async._drainQueues (http://localhost:51292/__cypress/runner/cypress_runner.js:7928:5)\n    at Async.drainQueues (http://localhost:51292/__cypress/runner/cypress_runner.js:7798:14)\nFrom Your Spec Code:\n    at Context.eval (http://localhost:51292/__cypress/tests?p=cypress/integration/formlabs/search/search_on_site_desktop.js:157:10)",
                "diff": null
              },
              "uuid": "37b654a8-7523-4c2e-aa0e-8cdf5664a06a",
              "parentUUID": "f518032b-b7aa-4349-9dc3-3385798f93dd",
              "isHook": false,
              "skipped": false
            },
            {
              "title": "TC4.4 : (Country Code: de): Test search results for \"Form 3\" query",
              "fullTitle": "Search on US, UK, EU, DE, ES, FR & IT: Desktop TC4.4 : (Country Code: de): Test search results for \"Form 3\" query",
              "timedOut": null,
              "duration": 124,
              "state": "failed",
              "speed": null,
              "pass": false,
              "fail": true,
              "pending": false,
              "context": null,
              "code": "cy.visit(Cypress.env('HOST') + '/' + country.countryCode); // Open search panel\ncy.get('.fl-v2-fl-search').click(); // Get search input and type search query\ncy.get('input[class^=\"SearchBox_search-box\"]').type('Form 3'); // Get 'Search Results for \"<Search Query>\"' heading and verify that it contains searched query\ncy.get('#search-results > h4').should('be.visible').and('contain', 'Form 3'); // Test all three main parts of search results: Products, Pages and Blog Posts\ncy.testValidSearchQueryResults(country.countryCode, country.shopURL, country.pagesResultHeading);",
              "err": {
                "message": "CypressError: `cy.visit()` failed trying to load:\n\nundefined/de\n\nWe failed looking for this file at the path:\n\n/Users/nizangoldstein/Desktop/guillotine/static/formlabs-web/e2e-cypress/undefined/de\n\nThe internal Cypress web server responded with:\n\n  > 404: Not Found",
[...]
              "err": {
                "message": "CypressError: `cy.visit()` failed trying to load:\n\nundefined/it\n\nWe failed looking for this file at the path:\n\n/Users/nizangoldstein/Desktop/guillotine/static/formlabs-web/e2e-cypress/undefined/it\n\nThe internal Cypress web server responded with:\n\n  > 404: Not Found",
                "estack": "CypressError: `cy.visit()` failed trying to load:\n\nundefined/it\n\nWe failed looking for this file at the path:\n\n/Users/nizangoldstein/Desktop/guillotine/static/formlabs-web/e2e-cypress/undefined/it\n\nThe internal Cypress web server responded with:\n\n  > 404: Not Found\n    at http://localhost:51292/__cypress/runner/cypress_runner.js:156062:84\n    at visitFailedByErr (http://localhost:51292/__cypress/runner/cypress_runner.js:155437:12)\n    at http://localhost:51292/__cypress/runner/cypress_runner.js:156042:13\n    at tryCatcher (http://localhost:51292/__cypress/runner/cypress_runner.js:13212:23)\n    at Promise._settlePromiseFromHandler (http://localhost:51292/__cypress/runner/cypress_runner.js:11147:31)\n    at Promise._settlePromise (http://localhost:51292/__cypress/runner/cypress_runner.js:11204:18)\n    at Promise._settlePromise0 (http://localhost:51292/__cypress/runner/cypress_runner.js:11249:10)\n    at Promise._settlePromises (http://localhost:51292/__cypress/runner/cypress_runner.js:11325:18)\n    at _drainQueueStep (http://localhost:51292/__cypress/runner/cypress_runner.js:7919:12)\n    at _drainQueue (http://localhost:51292/__cypress/runner/cypress_runner.js:7912:9)\n    at Async.../../node_modules/bluebird/js/release/async.js.Async._drainQueues (http://localhost:51292/__cypress/runner/cypress_runner.js:7928:5)\n    at Async.drainQueues (http://localhost:51292/__cypress/runner/cypress_runner.js:7798:14)\nFrom Your Spec Code:\n    at Context.eval (http://localhost:51292/__cypress/tests?p=cypress/integration/formlabs/search/search_on_site_desktop.js:143:10)",
                "diff": null
              },
              "uuid": "09cf8e35-577e-4c2f-958b-7a51312ae0a5",
              "parentUUID": "f518032b-b7aa-4349-9dc3-3385798f93dd",
              "isHook": false,
              "skipped": false
            },
            {
              "title": "TC4.3 : (Country Code: it): Test search closes when navigating to a result",
              "fullTitle": "Search on US, UK, EU, DE, ES, FR & IT: Desktop TC4.3 : (Country Code: it): Test search closes when navigating to a result",
              "timedOut": null,
              "duration": 274,
              "state": "failed",
              "speed": null,
              "pass": false,
              "fail": true,
              "pending": false,
              "context": null,
              "code": "cy.visit(Cypress.env('HOST') + '/' + country.countryCode); // Open search panel\ncy.get('.fl-v2-fl-search').should('be.visible').click(); // Get search input, type search query\ncy.get('input[class^=\"SearchBox_search-box\"]').type('Form 3'); // Get search results and navigate to first result from pages\ncy.get('#search-results').siblings('div').eq(1).find('h5[class^=\"Header_headerText\"]').eq(0).click(); // Verify search box is closed when navigating to the result\ncy.wait(1000);\ncy.url().should('not.include', '/?search=');\ncy.get('div[class^=\"SearchBox_search-box\"]').should('not.exist');",
              "err": {
                "message": "CypressError: `cy.visit()` failed trying to load:\n\nundefined/it\n\nWe failed looking for this file at the path:\n\n/Users/nizangoldstein/Desktop/guillotine/static/formlabs-web/e2e-cypress/undefined/it\n\nThe internal Cypress web server responded with:\n\n  > 404: Not Found",
                "estack": "CypressError: `cy.visit()` failed trying to load:\n\nundefined/it\n\nWe failed looking for this file at the path:\n\n/Users/nizangoldstein/Desktop/guillotine/static/formlabs-web/e2e-cypress/undefined/it\n\nThe internal Cypress web server responded with:\n\n  > 404: Not Found\n    at http://localhost:51292/__cypress/runner/cypress_runner.js:156062:84\n    at visitFailedByErr (http://localhost:51292/__cypress/runner/cypress_runner.js:155437:12)\n    at http://localhost:51292/__cypress/runner/cypress_runner.js:156042:13\n    at tryCatcher (http://localhost:51292/__cypress/runner/cypress_runner.js:13212:23)\n    at Promise._settlePromiseFromHandler (http://localhost:51292/__cypress/runner/cypress_runner.js:11147:31)\n    at Promise._settlePromise (http://localhost:51292/__cypress/runner/cypress_runner.js:11204:18)\n    at Promise._settlePromise0 (http://localhost:51292/__cypress/runner/cypress_runner.js:11249:10)\n    at Promise._settlePromises (http://localhost:51292/__cypress/runner/cypress_runner.js:11325:18)\n    at _drainQueueStep (http://localhost:51292/__cypress/runner/cypress_runner.js:7919:12)\n    at _drainQueue (http://localhost:51292/__cypress/runner/cypress_runner.js:7912:9)\n    at Async.../../node_modules/bluebird/js/release/async.js.Async._drainQueues (http://localhost:51292/__cypress/runner/cypress_runner.js:7928:5)\n    at Async.drainQueues (http://localhost:51292/__cypress/runner/cypress_runner.js:7798:14)\nFrom Your Spec Code:\n    at Context.eval (http://localhost:51292/__cypress/tests?p=cypress/integration/formlabs/search/search_on_site_desktop.js:157:10)",
                "diff": null
              },
              "uuid": "45e63f92-1aa1-4d37-a346-42267b3c2667",
              "parentUUID": "f518032b-b7aa-4349-9dc3-3385798f93dd",
              "isHook": false,
              "skipped": false
            },
            {
              "title": "TC4.4 : (Country Code: it): Test search results for \"Form 3\" query",
              "fullTitle": "Search on US, UK, EU, DE, ES, FR & IT: Desktop TC4.4 : (Country Code: it): Test search results for \"Form 3\" query",
              "timedOut": null,
              "duration": 186,
              "state": "failed",
              "speed": null,
              "pass": false,
              "fail": true,
              "pending": false,
              "context": null,
              "code": "cy.visit(Cypress.env('HOST') + '/' + country.countryCode); // Open search panel\ncy.get('.fl-v2-fl-search').click(); // Get search input and type search query\ncy.get('input[class^=\"SearchBox_search-box\"]').type('Form 3'); // Get 'Search Results for \"<Search Query>\"' heading and verify that it contains searched query\ncy.get('#search-results > h4').should('be.visible').and('contain', 'Form 3'); // Test all three main parts of search results: Products, Pages and Blog Posts\ncy.testValidSearchQueryResults(country.countryCode, country.shopURL, country.pagesResultHeading);",
              "err": {
                "message": "CypressError: `cy.visit()` failed trying to load:\n\nundefined/it\n\nWe failed looking for this file at the path:\n\n/Users/nizangoldstein/Desktop/guillotine/static/formlabs-web/e2e-cypress/undefined/it\n\nThe internal Cypress web server responded with:\n\n  > 404: Not Found",
                "estack": "CypressError: `cy.visit()` failed trying to load:\n\nundefined/it\n\nWe failed looking for this file at the path:\n\n/Users/nizangoldstein/Desktop/guillotine/static/formlabs-web/e2e-cypress/undefined/it\n\nThe internal Cypress web server responded with:\n\n  > 404: Not Found\n    at http://localhost:51292/__cypress/runner/cypress_runner.js:156062:84\n    at visitFailedByErr (http://localhost:51292/__cypress/runner/cypress_runner.js:155437:12)\n    at http://localhost:51292/__cypress/runner/cypress_runner.js:156042:13\n    at tryCatcher (http://localhost:51292/__cypress/runner/cypress_runner.js:13212:23)\n    at Promise._settlePromiseFromHandler (http://localhost:51292/__cypress/runner/cypress_runner.js:11147:31)\n    at Promise._settlePromise (http://localhost:51292/__cypress/runner/cypress_runner.js:11204:18)\n    at Promise._settlePromise0 (http://localhost:51292/__cypress/runner/cypress_runner.js:11249:10)\n    at Promise._settlePromises (http://localhost:51292/__cypress/runner/cypress_runner.js:11325:18)\n    at _drainQueueStep (http://localhost:51292/__cypress/runner/cypress_runner.js:7919:12)\n    at _drainQueue (http://localhost:51292/__cypress/runner/cypress_runner.js:7912:9)\n    at Async.../../node_modules/bluebird/js/release/async.js.Async._drainQueues (http://localhost:51292/__cypress/runner/cypress_runner.js:7928:5)\n    at Async.drainQueues (http://localhost:51292/__cypress/runner/cypress_runner.js:7798:14)\nFrom Your Spec Code:\n    at Context.eval (http://localhost:51292/__cypress/tests?p=cypress/integration/formlabs/search/search_on_site_desktop.js:170:10)",
                "diff": null
              },
              "uuid": "43ca18bb-e4f7-4106-965e-f18fa7c9557d",
              "parentUUID": "f518032b-b7aa-4349-9dc3-3385798f93dd",
              "isHook": false,
              "skipped": false
            },
            {
              "title": "TC4.5 : (Country Code: it): Test results for SKU number query",
              "fullTitle": "Search on US, UK, EU, DE, ES, FR & IT: Desktop TC4.5 : (Country Code: it): Test results for SKU number query",
              "timedOut": null,
              "duration": 200,
              "state": "failed",
              "speed": null,
              "pass": false,
              "fail": true,
              "pending": false,
              "context": null,
              "code": "cy.visit(Cypress.env('HOST') + '/' + country.countryCode); // Open search panel\ncy.get('.fl-v2-fl-search').should('be.visible').click(); // Get search input and type search query\ncy.get('input[class^=\"SearchBox_search-box\"]').type('PKG-F3-SVC-BASI'); // Get 'Search Results for \"<Search Query>\"' heading and verify that it contains searched query\ncy.get('#search-results > h4').should('be.visible').and('contain', 'PKG-F3-SVC-BASI'); // Test all three main parts of search results: Products, Pages and Blog Posts\ncy.testValidSearchQueryResults(country.countryCode, country.shopURL, country.pagesResultHeading);",
              "err": {
                "message": "CypressError: `cy.visit()` failed trying to load:\n\nundefined/it\n\nWe failed looking for this file at the path:\n\n/Users/nizangoldstein/Desktop/guillotine/static/formlabs-web/e2e-cypress/undefined/it\n\nThe internal Cypress web server responded with:\n\n  > 404: Not Found",
                "estack": "CypressError: `cy.visit()` failed trying to load:\n\nundefined/it\n\nWe failed looking for this file at the path:\n\n/Users/nizangoldstein/Desktop/guillotine/static/formlabs-web/e2e-cypress/undefined/it\n\nThe internal Cypress web server responded with:\n\n  > 404: Not Found\n    at http://localhost:51292/__cypress/runner/cypress_runner.js:156062:84\n    at visitFailedByErr (http://localhost:51292/__cypress/runner/cypress_runner.js:155437:12)\n    at http://localhost:51292/__cypress/runner/cypress_runner.js:156042:13\n    at tryCatcher (http://localhost:51292/__cypress/runner/cypress_runner.js:13212:23)\n    at Promise._settlePromiseFromHandler (http://localhost:51292/__cypress/runner/cypress_runner.js:11147:31)\n    at Promise._settlePromise (http://localhost:51292/__cypress/runner/cypress_runner.js:11204:18)\n    at Promise._settlePromise0 (http://localhost:51292/__cypress/runner/cypress_runner.js:11249:10)\n    at Promise._settlePromises (http://localhost:51292/__cypress/runner/cypress_runner.js:11325:18)\n    at _drainQueueStep (http://localhost:51292/__cypress/runner/cypress_runner.js:7919:12)\n    at _drainQueue (http://localhost:51292/__cypress/runner/cypress_runner.js:7912:9)\n    at Async.../../node_modules/bluebird/js/release/async.js.Async._drainQueues (http://localhost:51292/__cypress/runner/cypress_runner.js:7928:5)\n    at Async.drainQueues (http://localhost:51292/__cypress/runner/cypress_runner.js:7798:14)\nFrom Your Spec Code:\n    at Context.eval (http://localhost:51292/__cypress/tests?p=cypress/integration/formlabs/search/search_on_site_desktop.js:181:10)",
                "diff": null
              },
              "uuid": "a059af64-9a34-4733-a6e7-158c13949578",
              "parentUUID": "f518032b-b7aa-4349-9dc3-3385798f93dd",
              "isHook": false,
              "skipped": false
            },
            {
              "title": "TC4.6 : (Country Code: it): Test results for Gibberish query",
              "fullTitle": "Search on US, UK, EU, DE, ES, FR & IT: Desktop TC4.6 : (Country Code: it): Test results for Gibberish query",
              "timedOut": null,
              "duration": 204,
              "state": "failed",
              "speed": null,
              "pass": false,
              "fail": true,
              "pending": false,
              "context": null,
              "code": "cy.visit(Cypress.env('HOST') + '/' + country.countryCode); // Open search panel\ncy.get('.fl-v2-fl-search').should('be.visible').click(); // Get search input and type gibberish search query\ncy.get('input[class^=\"SearchBox_search-box\"]').type('agalkjfdglkjal;fsdg'); // Verify that heading 'Search Results for \"<Search Query>\"' does not exist\ncy.get('#search-results > h4').should('not.exist'); // Verify that there are no search results\ncy.get('#search-results').should('not.exist'); // Verify that there is Popular Searches heading and there are 5 popular search terms\ncy.contains('Popular Searches').should('be.visible');\ncy.get('p > button[class^=\"SearchBox_animated\"]').should('have.length', '5').and('be.visible'); // Verify that no result found announcement banner is visible\ncy.get('div[class^=\"Announcement_content\"]').should('contain', country.noResultFoundText); // Verify that \"Reset your search\" button on announcement banner clears the search input field\ncy.get('button').contains(country.resetButtonText).click();\ncy.get('input[class^=\"SearchBox_search-box\"]').invoke('val').should('be.empty');",
              "err": {
                "message": "CypressError: `cy.visit()` failed trying to load:\n\nundefined/it\n\nWe failed looking for this file at the path:\n\n/Users/nizangoldstein/Desktop/guillotine/static/formlabs-web/e2e-cypress/undefined/it\n\nThe internal Cypress web server responded with:\n\n  > 404: Not Found",
                "estack": "CypressError: `cy.visit()` failed trying to load:\n\nundefined/it\n\nWe failed looking for this file at the path:\n\n/Users/nizangoldstein/Desktop/guillotine/static/formlabs-web/e2e-cypress/undefined/it\n\nThe internal Cypress web server responded with:\n\n  > 404: Not Found\n    at http://localhost:51292/__cypress/runner/cypress_runner.js:156062:84\n    at visitFailedByErr (http://localhost:51292/__cypress/runner/cypress_runner.js:155437:12)\n    at http://localhost:51292/__cypress/runner/cypress_runner.js:156042:13\n    at tryCatcher (http://localhost:51292/__cypress/runner/cypress_runner.js:13212:23)\n    at Promise._settlePromiseFromHandler (http://localhost:51292/__cypress/runner/cypress_runner.js:11147:31)\n    at Promise._settlePromise (http://localhost:51292/__cypress/runner/cypress_runner.js:11204:18)\n    at Promise._settlePromise0 (http://localhost:51292/__cypress/runner/cypress_runner.js:11249:10)\n    at Promise._settlePromises (http://localhost:51292/__cypress/runner/cypress_runner.js:11325:18)\n    at _drainQueueStep (http://localhost:51292/__cypress/runner/cypress_runner.js:7919:12)\n    at _drainQueue (http://localhost:51292/__cypress/runner/cypress_runner.js:7912:9)\n    at Async.../../node_modules/bluebird/js/release/async.js.Async._drainQueues (http://localhost:51292/__cypress/runner/cypress_runner.js:7928:5)\n    at Async.drainQueues (http://localhost:51292/__cypress/runner/cypress_runner.js:7798:14)\nFrom Your Spec Code:\n    at Context.eval (http://localhost:51292/__cypress/tests?p=cypress/integration/formlabs/search/search_on_site_desktop.js:192:10)",
                "diff": null
              },
              "uuid": "22ae705f-aa59-4f77-8d41-1eca331e4855",
              "parentUUID": "f518032b-b7aa-4349-9dc3-3385798f93dd",
              "isHook": false,
              "skipped": false
            }
          ],
          "suites": [],
          "passes": [],
          "failures": [
            "3d905744-2bac-437f-b306-9ecff420dd3a",
            "f05fa375-a0a2-40d2-b1c8-3e6f0a84ca0d",
            "df0d9e8e-84a1-48ef-adc1-e6ebfe66dfa4",
            "530d7441-6597-403c-8f8d-2ff3d33bdfcc",
            "8d92ef54-51bb-4a51-bc27-7a88951f436a",
            "0637a662-a1ec-4bc0-8da3-a2ece29a8776",
            "07e85847-dba6-4321-8452-df5ecd3178a4",
            "02749847-7286-473b-b9af-54cc2c952f3c",
            "93c30f12-b8b5-4f73-b08f-fb87339d12a0",
            "7688bb21-2dfe-4889-883a-e50a21f5587f",
            "6782320b-e257-4d61-9d8e-5d7d47623cdc",
            "4268d793-d652-449d-ab9c-ce43845b7d0d",
            "1281f5fe-cdbf-4141-a39d-94993f6fc07c",
            "4c87db8d-a784-4e8c-8a74-ec64ff4ff813",
            "dafae640-4eb6-491a-8857-b3f38b9793e7",
            "7ddeb750-eab3-4149-ac1b-cbfc596634c2",
            "d1f2af98-0afa-428e-920e-c509bece6892",
            "377d6fbf-4f46-4f73-b993-d84c12d2f2c6",
            "1065eaaa-b81d-415c-a692-cdb91e746972",
            "de537277-ed67-4e89-b5da-ff20ceed0557",
            "37b654a8-7523-4c2e-aa0e-8cdf5664a06a",
            "e6216b00-f439-427a-95f7-25cd02c62f5c",
            "6dd520b4-711c-40e2-a56e-c5c280b568e8",
            "c6dc8b73-4014-4514-990d-3e8de036afa0",
            "06b8cda5-c9a9-4e30-90d6-82c78973525a",
            "013a2bcb-6c43-454c-93dc-c1ddc37347fa",
            "033195e5-e91d-4071-b492-f4c103cbf2da",
            "fb442c1b-41b1-4cd7-9720-263b9c3fb453",
            "734be322-9fe3-4ecb-8d99-3696ff9c61d8",
            "16229b8c-3089-4d69-9009-75ba2e33e419",
            "3db0891a-2015-4e30-93df-8bbc99209449",
            "41fbfe37-eb95-4bc5-b891-d2bd43295511",
            "156fd2ac-64e7-48a6-9e0d-cf9ca05e61f2",
            "1a12cd19-d4ea-4ba5-99fb-8db7e2cb4c90",
            "ae4d20a1-19ae-49d7-9ea7-5adb44d4568a",
            "b3fe3407-c753-4c61-a6c8-af7e4e19aa0c",
            "b3fcf20a-bea4-4cef-b9d8-4a67a7b49a43",
            "09cf8e35-577e-4c2f-958b-7a51312ae0a5",
            "45e63f92-1aa1-4d37-a346-42267b3c2667",
            "43ca18bb-e4f7-4106-965e-f18fa7c9557d",
            "a059af64-9a34-4733-a6e7-158c13949578",
            "22ae705f-aa59-4f77-8d41-1eca331e4855"
          ],
          "pending": [],
          "skipped": [],
          "duration": 5838,
          "root": false,
          "rootEmpty": false,
          "_timeout": 2000
        }
      ],
      "passes": [],
      "failures": [],
      "pending": [],
      "skipped": [],
      "duration": 0,
      "root": true,
      "rootEmpty": true,
      "_timeout": 2000
    }
  ],
  "meta": {
    "mocha": {
      "version": "7.0.1"
    },
    "mochawesome": {
      "options": {
        "quiet": true,
        "reportFilename": "mochawesome",
        "saveHtml": false,
        "saveJson": true,
        "consoleReporter": "none",
        "useInlineDiffs": false,
        "code": true
      },
      "version": "6.2.2"
    },
    "marge": {
      "options": {
        "id": "default",
        "consoleReporter": "none",
        "reportDir": "cypress/results",
        "quiet": true,
        "overwrite": false,
        "html": false,
        "json": true
      },
      "version": "5.2.0"
    }
  }
}