{
  "stats": {
    "suites": 1,
    "tests": 2,
    "passes": 1,
    "pending": 0,
    "failures": 1,
    "start": "2022-02-10T09:19:56.330Z",
    "end": "2022-02-10T09:20:29.011Z",
    "duration": 32681,
    "testsRegistered": 2,
    "passPercent": 50,
    "pendingPercent": 0,
    "other": 0,
    "hasOther": false,
    "skipped": 0,
    "hasSkipped": false
  },
  "results": [
    {
      "uuid": "54c0b265-3e5f-4a7c-88bb-a264ff7f14ce",
      "title": "",
      "fullFile": "cypress/integration/formlabs/general/general.js",
      "file": "cypress/integration/formlabs/general/general.js",
      "beforeHooks": [],
      "afterHooks": [],
      "tests": [],
      "suites": [
        {
          "uuid": "c2615012-0bba-4451-bd37-e1cf7df0347b",
          "title": "General simple Tests",
          "fullFile": "",
          "file": "",
          "beforeHooks": [],
          "afterHooks": [],
          "tests": [
            {
              "title": "Test Formlabs top page are Application Error",
              "fullTitle": "General simple Tests Test Formlabs top page are Application Error",
              "timedOut": null,
              "duration": 6485,
              "state": "failed",
              "speed": null,
              "pass": false,
              "fail": true,
              "pending": false,
              "context": null,
              "code": "const corePages = ['/', '/3d-printers/', '/materials/', '/materials/', '/store/'];\ncy.visit(Cypress.env('HOST'));\ncorePages.forEach(page => {\n  cy.get('a[href=\"' + page + '\"]').invoke('removeAttr', 'target').first().click({\n    force: true\n  });\n  cy.get('body').should('not.contain.text', 'Application error: a client-side exception has occurred');\n  cy.title().should('not.eq', 'Page Not Found');\n});",
              "err": {
                "message": "AssertionError: Timed out retrying after 4000ms: Expected to find element: `a[href=\"/3d-printers/\"]`, but never found it.",
                "estack": "AssertionError: Timed out retrying after 4000ms: Expected to find element: `a[href=\"/3d-printers/\"]`, but never found it.\n    at eval (https://staging.formlabs.com/__cypress/tests?p=cypress/integration/formlabs/general/general.js:104:10)\nat Array.forEach (<anonymous>)\n    at Context.eval (https://staging.formlabs.com/__cypress/tests?p=cypress/integration/formlabs/general/general.js:103:15)",
                "diff": null
              },
              "uuid": "d6525d19-c5b8-4c0f-8c59-14d94b5b5540",
              "parentUUID": "c2615012-0bba-4451-bd37-e1cf7df0347b",
              "isHook": false,
              "skipped": false
            },
            {
              "title": "Test Dental top page are Application Error",
              "fullTitle": "General simple Tests Test Dental top page are Application Error",
              "timedOut": null,
              "duration": 7348,
              "state": "passed",
              "speed": "medium",
              "pass": true,
              "fail": false,
              "pending": false,
              "context": null,
              "code": "const dentalPages = ['/products/', '/post-processing/', '/materials/', '/store/'];\nif (Cypress.env('HOST').includes('staging')) {\n  cy.visit('https://dental-staging.formlabs.com/');\n} else {\n  cy.visit('https://dental.formlabs.com/');\n}\ndentalPages.forEach(page => {\n  cy.get('a[href=\"' + page + '\"]').invoke('removeAttr', 'target').first().click({\n    force: true\n  });\n  cy.get('body').should('not.contain.text', 'Application error: a client-side exception has occurred');\n});",
              "err": {},
              "uuid": "e77f8935-29d8-472a-9288-742e3f90405c",
              "parentUUID": "c2615012-0bba-4451-bd37-e1cf7df0347b",
              "isHook": false,
              "skipped": false
            }
          ],
          "suites": [],
          "passes": [
            "e77f8935-29d8-472a-9288-742e3f90405c"
          ],
          "failures": [
            "d6525d19-c5b8-4c0f-8c59-14d94b5b5540"
          ],
          "pending": [],
          "skipped": [],
          "duration": 13833,
          "root": false,
          "rootEmpty": false,
          "_timeout": 2000
        }
      ],
      "passes": [],
      "failures": [],
      "pending": [],
      "skipped": [],
      "duration": 0,
      "root": true,
      "rootEmpty": true,
      "_timeout": 2000
    }
  ],
  "meta": {
    "mocha": {
      "version": "7.0.1"
    },
    "mochawesome": {
      "options": {
        "quiet": true,
        "reportFilename": "mochawesome",
        "saveHtml": false,
        "saveJson": true,
        "consoleReporter": "none",
        "useInlineDiffs": false,
        "code": true
      },
      "version": "6.2.2"
    },
    "marge": {
      "options": {
        "id": "default",
        "consoleReporter": "none",
        "reportDir": "cypress/results",
        "quiet": true,
        "overwrite": false,
        "html": false,
        "json": true
      },
      "version": "5.2.0"
    }
  }
}