<?xml version="1.0" encoding="UTF-8"?>
<testsuites name="Mocha Tests" time="44.3810" tests="2" failures="0">
  <testsuite name="Root Suite" timestamp="2022-02-08T10:16:45" tests="0" file="cypress/integration/formlabs/shared/top_pages_desktop_spec.js" time="0.0000" failures="0">
  </testsuite>
  <testsuite name="Tests top pages" timestamp="2022-02-08T10:16:45" tests="2" time="44.3810" failures="0">
    <testcase name="Tests top pages Test Formlabs top page are Application Error free and links are not broken" time="22.8300" classname="Test Formlabs top page are Application Error free and links are not broken">
    </testcase>
    <testcase name="Tests top pages Test Dental top page are Application Error free and links are not broken" time="21.5510" classname="Test Dental top page are Application Error free and links are not broken">
    </testcase>
  </testsuite>
</testsuites>