<?xml version="1.0" encoding="UTF-8"?>
<testsuites name="Mocha Tests" time="20.2700" tests="1" failures="0">
  <testsuite name="Root Suite" timestamp="2022-02-08T10:31:06" tests="0" file="cypress/integration/formlabs/shared/header_menu_desktop_spec.js" time="0.0000" failures="0">
  </testsuite>
  <testsuite name="Header menu: Desktop " timestamp="2022-02-08T10:31:06" tests="1" time="20.2700" failures="0">
    <testcase name="Header menu: Desktop  TC7.1 Tests Desktop header menu" time="20.2700" classname="TC7.1 Tests Desktop header menu">
    </testcase>
  </testsuite>
</testsuites>