<?xml version="1.0" encoding="UTF-8"?>
<testsuites name="Mocha Tests" time="10.1900" tests="1" failures="1">
  <testsuite name="Root Suite" timestamp="2022-02-08T10:23:01" tests="0" file="cypress/integration/formlabs/shared/header_menu_desktop_spec.js" time="0.0000" failures="0">
  </testsuite>
  <testsuite name="Header menu: Desktop " timestamp="2022-02-08T10:23:01" tests="1" time="10.1900" failures="1">
    <testcase name="Header menu: Desktop  TC7.1 Tests Desktop header menu" time="10.1900" classname="TC7.1 Tests Desktop header menu">
      <failure message="Timed out retrying after 4000ms: Expected to find element: `img[alt=&quot;Form 3&quot;]`, but never found it." type="AssertionError"><![CDATA[AssertionError: Timed out retrying after 4000ms: Expected to find element: `img[alt="Form 3"]`, but never found it.
    at Context.eval (https://staging.formlabs.com/__cypress/tests?p=cypress/integration/formlabs/shared/header_menu_desktop_spec.js:120:33)]]></failure>
    </testcase>
  </testsuite>
</testsuites>