<?xml version="1.0" encoding="UTF-8"?>
<testsuites name="Mocha Tests" time="31.1700" tests="1" failures="0">
  <testsuite name="Root Suite" timestamp="2022-02-10T13:25:17" tests="0" file="cypress/integration/formlabs/simple/simple_tests.js" time="0.0000" failures="0">
  </testsuite>
  <testsuite name="General simple Tests" timestamp="2022-02-10T13:25:17" tests="1" time="31.1700" failures="0">
    <testcase name="General simple Tests Test Formlabs top pages have no Application Error" time="31.1700" classname="Test Formlabs top pages have no Application Error">
    </testcase>
  </testsuite>
</testsuites>