<?xml version="1.0" encoding="UTF-8"?>
<testsuites name="Mocha Tests" time="43.5900" tests="2" failures="0">
  <testsuite name="Root Suite" timestamp="2022-02-10T09:34:18" tests="0" file="cypress/integration/formlabs/simple/simple.js" time="0.0000" failures="0">
  </testsuite>
  <testsuite name="General simple Tests" timestamp="2022-02-10T09:34:18" tests="2" time="43.5900" failures="0">
    <testcase name="General simple Tests Test Formlabs top pages have no Application Error" time="25.4210" classname="Test Formlabs top pages have no Application Error">
    </testcase>
    <testcase name="General simple Tests Test Dental top pages have no Application Error" time="18.1690" classname="Test Dental top pages have no Application Error">
    </testcase>
  </testsuite>
</testsuites>