<?xml version="1.0" encoding="UTF-8"?>
<testsuites name="Mocha Tests" time="0.1540" tests="3" failures="3">
  <testsuite name="Root Suite" timestamp="2022-02-09T08:09:44" tests="0" file="cypress/integration/formlabs/shared/country_switching_desktop_spec.js" time="0.0000" failures="0">
  </testsuite>
  <testsuite name="Country Switching: Desktop" timestamp="2022-02-09T08:09:44" tests="3" time="0.1540" failures="3">
    <testcase name="Country Switching: Desktop TC8.1 Tests country switching through Region Bar " time="0.0680" classname="TC8.1 Tests country switching through Region Bar ">
      <failure message="`cy.visit()` failed trying to load:

undefined/es/

We failed looking for this file at the path:

/Users/nizangoldstein/Desktop/guillotine/static/formlabs-web/e2e-cypress/undefined/es/

The internal Cypress web server responded with:

  &gt; 404: Not Found" type="CypressError"><![CDATA[CypressError: `cy.visit()` failed trying to load:

undefined/es/

We failed looking for this file at the path:

/Users/nizangoldstein/Desktop/guillotine/static/formlabs-web/e2e-cypress/undefined/es/

The internal Cypress web server responded with:

  > 404: Not Found
    at http://localhost:51292/__cypress/runner/cypress_runner.js:156062:84
    at visitFailedByErr (http://localhost:51292/__cypress/runner/cypress_runner.js:155437:12)
    at http://localhost:51292/__cypress/runner/cypress_runner.js:156042:13
    at tryCatcher (http://localhost:51292/__cypress/runner/cypress_runner.js:13212:23)
    at Promise._settlePromiseFromHandler (http://localhost:51292/__cypress/runner/cypress_runner.js:11147:31)
    at Promise._settlePromise (http://localhost:51292/__cypress/runner/cypress_runner.js:11204:18)
    at Promise._settlePromise0 (http://localhost:51292/__cypress/runner/cypress_runner.js:11249:10)
    at Promise._settlePromises (http://localhost:51292/__cypress/runner/cypress_runner.js:11325:18)
    at _drainQueueStep (http://localhost:51292/__cypress/runner/cypress_runner.js:7919:12)
    at _drainQueue (http://localhost:51292/__cypress/runner/cypress_runner.js:7912:9)
    at Async.../../node_modules/bluebird/js/release/async.js.Async._drainQueues (http://localhost:51292/__cypress/runner/cypress_runner.js:7928:5)
    at Async.drainQueues (http://localhost:51292/__cypress/runner/cypress_runner.js:7798:14)
From Your Spec Code:
    at Context.eval (http://localhost:51292/__cypress/tests?p=cypress/integration/formlabs/shared/country_switching_desktop_spec.js:103:8)]]></failure>
    </testcase>
    <testcase name="Country Switching: Desktop TC8.2 Tests country switching from header menu" time="0.0390" classname="TC8.2 Tests country switching from header menu">
      <failure message="`cy.visit()` failed trying to load:

undefined/es/

We failed looking for this file at the path:

/Users/nizangoldstein/Desktop/guillotine/static/formlabs-web/e2e-cypress/undefined/es/

The internal Cypress web server responded with:

  &gt; 404: Not Found" type="CypressError"><![CDATA[CypressError: `cy.visit()` failed trying to load:

undefined/es/

We failed looking for this file at the path:

/Users/nizangoldstein/Desktop/guillotine/static/formlabs-web/e2e-cypress/undefined/es/

The internal Cypress web server responded with:

  > 404: Not Found
    at http://localhost:51292/__cypress/runner/cypress_runner.js:156062:84
    at visitFailedByErr (http://localhost:51292/__cypress/runner/cypress_runner.js:155437:12)
    at http://localhost:51292/__cypress/runner/cypress_runner.js:156042:13
    at tryCatcher (http://localhost:51292/__cypress/runner/cypress_runner.js:13212:23)
    at Promise._settlePromiseFromHandler (http://localhost:51292/__cypress/runner/cypress_runner.js:11147:31)
    at Promise._settlePromise (http://localhost:51292/__cypress/runner/cypress_runner.js:11204:18)
    at Promise._settlePromise0 (http://localhost:51292/__cypress/runner/cypress_runner.js:11249:10)
    at Promise._settlePromises (http://localhost:51292/__cypress/runner/cypress_runner.js:11325:18)
    at _drainQueueStep (http://localhost:51292/__cypress/runner/cypress_runner.js:7919:12)
    at _drainQueue (http://localhost:51292/__cypress/runner/cypress_runner.js:7912:9)
    at Async.../../node_modules/bluebird/js/release/async.js.Async._drainQueues (http://localhost:51292/__cypress/runner/cypress_runner.js:7928:5)
    at Async.drainQueues (http://localhost:51292/__cypress/runner/cypress_runner.js:7798:14)
From Your Spec Code:
    at Context.eval (http://localhost:51292/__cypress/tests?p=cypress/integration/formlabs/shared/country_switching_desktop_spec.js:119:8)]]></failure>
    </testcase>
    <testcase name="Country Switching: Desktop TC8.3 Tests country switching in checkout" time="0.0470" classname="TC8.3 Tests country switching in checkout">
      <failure message="`cy.visit()` failed trying to load:

undefined/store/materials/ibt-resin/

We failed looking for this file at the path:

/Users/nizangoldstein/Desktop/guillotine/static/formlabs-web/e2e-cypress/undefined/store/materials/ibt-resin/

The internal Cypress web server responded with:

  &gt; 404: Not Found" type="CypressError"><![CDATA[CypressError: `cy.visit()` failed trying to load:

undefined/store/materials/ibt-resin/

We failed looking for this file at the path:

/Users/nizangoldstein/Desktop/guillotine/static/formlabs-web/e2e-cypress/undefined/store/materials/ibt-resin/

The internal Cypress web server responded with:

  > 404: Not Found
    at http://localhost:51292/__cypress/runner/cypress_runner.js:156062:84
    at visitFailedByErr (http://localhost:51292/__cypress/runner/cypress_runner.js:155437:12)
    at http://localhost:51292/__cypress/runner/cypress_runner.js:156042:13
    at tryCatcher (http://localhost:51292/__cypress/runner/cypress_runner.js:13212:23)
    at Promise._settlePromiseFromHandler (http://localhost:51292/__cypress/runner/cypress_runner.js:11147:31)
    at Promise._settlePromise (http://localhost:51292/__cypress/runner/cypress_runner.js:11204:18)
    at Promise._settlePromise0 (http://localhost:51292/__cypress/runner/cypress_runner.js:11249:10)
    at Promise._settlePromises (http://localhost:51292/__cypress/runner/cypress_runner.js:11325:18)
    at _drainQueueStep (http://localhost:51292/__cypress/runner/cypress_runner.js:7919:12)
    at _drainQueue (http://localhost:51292/__cypress/runner/cypress_runner.js:7912:9)
    at Async.../../node_modules/bluebird/js/release/async.js.Async._drainQueues (http://localhost:51292/__cypress/runner/cypress_runner.js:7928:5)
    at Async.drainQueues (http://localhost:51292/__cypress/runner/cypress_runner.js:7798:14)
From Your Spec Code:
    at Context.eval (http://localhost:51292/__cypress/tests?p=cypress/integration/formlabs/shared/country_switching_desktop_spec.js:134:8)]]></failure>
    </testcase>
  </testsuite>
</testsuites>