<?xml version="1.0" encoding="UTF-8"?>
<testsuites name="Mocha Tests" time="0.0510" tests="1" failures="1">
  <testsuite name="Root Suite" timestamp="2022-02-09T08:09:23" tests="0" file="cypress/integration/formlabs/forms/forms_desktop_spec.js" time="0.0000" failures="0">
  </testsuite>
  <testsuite name="Forms: Desktop" timestamp="2022-02-09T08:09:23" tests="1" time="0.0510" failures="1">
    <testcase name="Forms: Desktop TC5.1 Tests Contact Sales form" time="0.0510" classname="TC5.1 Tests Contact Sales form">
      <failure message="`cy.visit()` failed trying to load:

undefined/shipping/30-day-guarantee/

We failed looking for this file at the path:

/Users/nizangoldstein/Desktop/guillotine/static/formlabs-web/e2e-cypress/undefined/shipping/30-day-guarantee/

The internal Cypress web server responded with:

  &gt; 404: Not Found" type="CypressError"><![CDATA[CypressError: `cy.visit()` failed trying to load:

undefined/shipping/30-day-guarantee/

We failed looking for this file at the path:

/Users/nizangoldstein/Desktop/guillotine/static/formlabs-web/e2e-cypress/undefined/shipping/30-day-guarantee/

The internal Cypress web server responded with:

  > 404: Not Found
    at http://localhost:51292/__cypress/runner/cypress_runner.js:156062:84
    at visitFailedByErr (http://localhost:51292/__cypress/runner/cypress_runner.js:155437:12)
    at http://localhost:51292/__cypress/runner/cypress_runner.js:156042:13
    at tryCatcher (http://localhost:51292/__cypress/runner/cypress_runner.js:13212:23)
    at Promise._settlePromiseFromHandler (http://localhost:51292/__cypress/runner/cypress_runner.js:11147:31)
    at Promise._settlePromise (http://localhost:51292/__cypress/runner/cypress_runner.js:11204:18)
    at Promise._settlePromise0 (http://localhost:51292/__cypress/runner/cypress_runner.js:11249:10)
    at Promise._settlePromises (http://localhost:51292/__cypress/runner/cypress_runner.js:11325:18)
    at _drainQueueStep (http://localhost:51292/__cypress/runner/cypress_runner.js:7919:12)
    at _drainQueue (http://localhost:51292/__cypress/runner/cypress_runner.js:7912:9)
    at Async.../../node_modules/bluebird/js/release/async.js.Async._drainQueues (http://localhost:51292/__cypress/runner/cypress_runner.js:7928:5)
    at Async.drainQueues (http://localhost:51292/__cypress/runner/cypress_runner.js:7798:14)
From Your Spec Code:
    at Context.eval (http://localhost:51292/__cypress/tests?p=cypress/integration/formlabs/forms/forms_desktop_spec.js:102:8)]]></failure>
    </testcase>
  </testsuite>
</testsuites>