<?xml version="1.0" encoding="UTF-8"?>
<testsuites name="Mocha Tests" time="0.0460" tests="1" failures="1">
  <testsuite name="Root Suite" timestamp="2022-02-09T08:08:33" tests="0" file="cypress/integration/formlabs/shared/header_menu_desktop_spec.js" time="0.0000" failures="0">
  </testsuite>
  <testsuite name="Header menu: Desktop " timestamp="2022-02-09T08:08:33" tests="1" time="0.0460" failures="1">
    <testcase name="Header menu: Desktop  TC7.1 Tests Desktop header menu" time="0.0460" classname="TC7.1 Tests Desktop header menu">
      <failure message="`cy.visit()` must be called with a `url` or an `options` object containing a `url` as its 1st argument

https://on.cypress.io/visit" type="CypressError"><![CDATA[CypressError: `cy.visit()` must be called with a `url` or an `options` object containing a `url` as its 1st argument

https://on.cypress.io/visit
    at Context.visit (http://localhost:51210/__cypress/runner/cypress_runner.js:155705:78)
From Your Spec Code:
    at Context.eval (http://localhost:51210/__cypress/tests?p=cypress/integration/formlabs/shared/header_menu_desktop_spec.js:102:8)]]></failure>
    </testcase>
  </testsuite>
</testsuites>