<?xml version="1.0" encoding="UTF-8"?>
<testsuites name="Mocha Tests" time="67.3890" tests="2" failures="1">
  <testsuite name="Root Suite" timestamp="2022-02-08T10:13:25" tests="0" file="cypress/integration/formlabs/shared/top_pages_desktop_spec.js" time="0.0000" failures="0">
  </testsuite>
  <testsuite name="Tests top pages" timestamp="2022-02-08T10:13:25" tests="2" time="67.3890" failures="1">
    <testcase name="Tests top pages Test Formlabs top page are Application Error free and links are not broken" time="38.7190" classname="Test Formlabs top page are Application Error free and links are not broken">
      <failure message="Timed out retrying after 4000ms: Expected to find element: `a[href=&quot;/industries/medical/materials/&quot;]`, but never found it." type="AssertionError"><![CDATA[AssertionError: Timed out retrying after 4000ms: Expected to find element: `a[href="/industries/medical/materials/"]`, but never found it.
    at eval (https://formlabs.com/__cypress/tests?p=cypress/integration/formlabs/shared/top_pages_desktop_spec.js:114:10)
at Array.forEach (<anonymous>)
    at Context.eval (https://formlabs.com/__cypress/tests?p=cypress/integration/formlabs/shared/top_pages_desktop_spec.js:103:15)]]></failure>
    </testcase>
    <testcase name="Tests top pages Test Dental top page are Application Error free and links are not broken" time="28.6700" classname="Test Dental top page are Application Error free and links are not broken">
    </testcase>
  </testsuite>
</testsuites>