<?xml version="1.0" encoding="UTF-8"?>
<testsuites name="Mocha Tests" time="26.8960" tests="2" failures="1">
  <testsuite name="Root Suite" timestamp="2022-01-19T15:56:48" tests="0" file="cypress/integration/formlabs/shared/top_pages_desktop_spec.js" time="0.0000" failures="0">
  </testsuite>
  <testsuite name="Tests top pages" timestamp="2022-01-19T15:56:48" tests="2" time="26.8960" failures="1">
    <testcase name="Tests top pages Test Formlabs top page are Application Error free and links are not broken" time="10.8950" classname="Test Formlabs top page are Application Error free and links are not broken">
      <failure message="Timed out retrying after 4000ms: Expected to find element: `a[href=&quot;/materials/engineering/specialty/&quot;]`, but never found it." type="AssertionError"><![CDATA[AssertionError: Timed out retrying after 4000ms: Expected to find element: `a[href="/materials/engineering/specialty/"]`, but never found it.
    at eval (https://staging.formlabs.com/__cypress/tests?p=cypress/integration/formlabs/shared/top_pages_desktop_spec.js:131:10)
at Array.forEach (<anonymous>)
    at Context.eval (https://staging.formlabs.com/__cypress/tests?p=cypress/integration/formlabs/shared/top_pages_desktop_spec.js:120:15)]]></failure>
    </testcase>
    <testcase name="Tests top pages Test Dental top page are Application Error free and links are not broken" time="16.0010" classname="Test Dental top page are Application Error free and links are not broken">
    </testcase>
  </testsuite>
</testsuites>